2019-08-12 11:00:13:155 The underlying provider failed on Open.
2019-08-12 11:00:13:155 与OPC Server建立连接失败
2019-08-12 11:00:19:187 One or more errors occurred.
2019-08-12 11:00:59:268 The underlying provider failed on Open.
2019-08-12 11:00:59:268 尝试与OPC Server建立连接
2019-08-12 11:01:14:618 The underlying provider failed on Open.
2019-08-12 11:01:14:618 与OPC Server建立连接失败
2019-08-12 11:01:20:649 One or more errors occurred.
2019-08-12 11:02:00:700 The underlying provider failed on Open.
2019-08-12 11:02:00:700 尝试与OPC Server建立连接
2019-08-12 11:02:16:077 The underlying provider failed on Open.
2019-08-12 11:02:16:077 与OPC Server建立连接失败
2019-08-12 11:02:22:124 One or more errors occurred.
2019-08-12 11:03:02:189 The underlying provider failed on Open.
2019-08-12 11:03:02:189 尝试与OPC Server建立连接
2019-08-12 11:03:17:532 The underlying provider failed on Open.
2019-08-12 11:03:17:533 与OPC Server建立连接失败
2019-08-12 11:03:23:572 One or more errors occurred.
2019-08-12 11:04:03:638 The underlying provider failed on Open.
2019-08-12 11:04:03:638 尝试与OPC Server建立连接
2019-08-12 11:04:18:984 The underlying provider failed on Open.
2019-08-12 11:04:18:984 与OPC Server建立连接失败
2019-08-12 11:04:25:015 One or more errors occurred.
2019-08-12 11:05:05:097 The underlying provider failed on Open.
2019-08-12 11:05:05:097 尝试与OPC Server建立连接
2019-08-12 11:05:20:443 The underlying provider failed on Open.
2019-08-12 11:05:20:443 与OPC Server建立连接失败
2019-08-12 11:05:26:459 One or more errors occurred.
2019-08-12 11:06:06:525 The underlying provider failed on Open.
2019-08-12 11:06:06:525 尝试与OPC Server建立连接
2019-08-12 11:06:21:871 The underlying provider failed on Open.
2019-08-12 11:06:21:871 与OPC Server建立连接失败
2019-08-12 11:06:27:918 One or more errors occurred.
2019-08-12 11:07:07:969 The underlying provider failed on Open.
2019-08-12 11:07:07:969 尝试与OPC Server建立连接
2019-08-12 11:07:23:314 The underlying provider failed on Open.
2019-08-12 11:07:23:314 与OPC Server建立连接失败
2019-08-12 11:07:29:347 One or more errors occurred.
2019-08-12 11:08:09:397 The underlying provider failed on Open.
2019-08-12 11:08:09:397 尝试与OPC Server建立连接
2019-08-12 11:08:24:742 The underlying provider failed on Open.
2019-08-12 11:08:24:742 与OPC Server建立连接失败
2019-08-12 11:08:30:790 One or more errors occurred.
2019-08-12 11:09:02:097 The underlying provider failed on Open.
2019-08-12 11:09:02:097 尝试与OPC Server建立连接
2019-08-12 11:09:06:301 与OPC Server建立连接失败
2019-08-12 11:09:12:336 One or more errors occurred.
2019-08-12 11:09:12:555 尝试与OPC Server建立连接
2019-08-12 11:09:12:648 与OPC Server建立连接失败
2019-08-12 11:09:18:665 One or more errors occurred.
2019-08-12 11:09:19:070 尝试与OPC Server建立连接
2019-08-12 11:09:19:079 与OPC Server建立连接失败
2019-08-12 11:09:25:116 One or more errors occurred.
2019-08-12 11:09:25:116 尝试与OPC Server建立连接
2019-08-12 11:09:25:132 与OPC Server建立连接失败
2019-08-12 11:09:31:179 One or more errors occurred.
2019-08-12 11:09:31:382 尝试与OPC Server建立连接
2019-08-12 11:09:31:601 与OPC Server建立连接失败
2019-08-12 11:09:37:649 One or more errors occurred.
2019-08-12 11:09:37:946 尝试与OPC Server建立连接
2019-08-12 11:09:38:117 与OPC Server建立连接失败
2019-08-12 11:09:44:150 One or more errors occurred.
2019-08-12 11:09:44:696 尝试与OPC Server建立连接
2019-08-12 11:09:45:071 与OPC Server建立连接失败
2019-08-12 11:09:51:088 One or more errors occurred.
2019-08-12 11:09:51:103 尝试与OPC Server建立连接
2019-08-12 11:09:51:119 与OPC Server建立连接失败
2019-08-12 11:09:57:151 One or more errors occurred.
2019-08-12 11:09:57:291 尝试与OPC Server建立连接
2019-08-12 11:09:57:494 与OPC Server建立连接失败
2019-08-12 11:10:03:526 One or more errors occurred.
2019-08-12 11:10:03:745 尝试与OPC Server建立连接
2019-08-12 11:10:04:058 与OPC Server建立连接失败
2019-08-12 11:10:10:094 One or more errors occurred.
2019-08-12 11:10:10:101 尝试与OPC Server建立连接
2019-08-12 11:10:10:227 与OPC Server建立连接失败
2019-08-12 11:10:16:262 One or more errors occurred.
2019-08-12 11:10:16:555 尝试与OPC Server建立连接
2019-08-12 11:10:16:862 与OPC Server建立连接失败
2019-08-12 11:10:22:905 One or more errors occurred.
2019-08-12 11:10:22:999 尝试与OPC Server建立连接
2019-08-12 11:10:23:077 与OPC Server建立连接失败
2019-08-12 11:10:29:127 One or more errors occurred.
2019-08-12 11:10:29:127 尝试与OPC Server建立连接
2019-08-12 11:10:29:143 与OPC Server建立连接失败
2019-08-12 11:10:35:175 One or more errors occurred.
2019-08-12 11:10:35:284 尝试与OPC Server建立连接
2019-08-12 11:10:35:487 与OPC Server建立连接失败
2019-08-12 11:10:41:519 One or more errors occurred.
2019-08-12 11:10:41:737 尝试与OPC Server建立连接
2019-08-12 11:10:41:956 与OPC Server建立连接失败
2019-08-12 11:10:47:988 One or more errors occurred.
2019-08-12 11:10:48:066 尝试与OPC Server建立连接
2019-08-12 11:10:48:066 与OPC Server建立连接失败
2019-08-12 11:10:54:098 One or more errors occurred.
2019-08-12 11:10:54:098 尝试与OPC Server建立连接
2019-08-12 11:10:54:113 与OPC Server建立连接失败
2019-08-12 11:11:00:130 One or more errors occurred.
2019-08-12 11:11:00:270 尝试与OPC Server建立连接
2019-08-12 11:11:00:473 与OPC Server建立连接失败
2019-08-12 11:11:06:521 One or more errors occurred.
2019-08-12 11:11:06:630 尝试与OPC Server建立连接
2019-08-12 11:11:06:833 与OPC Server建立连接失败
2019-08-12 11:11:12:865 One or more errors occurred.
2019-08-12 11:11:12:975 尝试与OPC Server建立连接
2019-08-12 11:11:13:068 与OPC Server建立连接失败
2019-08-12 11:11:19:116 One or more errors occurred.
2019-08-12 11:11:19:209 尝试与OPC Server建立连接
2019-08-12 11:11:19:319 与OPC Server建立连接失败
2019-08-12 11:11:25:351 One or more errors occurred.
2019-08-12 11:11:25:460 尝试与OPC Server建立连接
2019-08-12 11:11:25:663 与OPC Server建立连接失败
2019-08-12 11:11:31:695 One or more errors occurred.
2019-08-12 11:11:31:820 尝试与OPC Server建立连接
2019-08-12 11:11:32:023 与OPC Server建立连接失败
2019-08-12 11:11:38:055 One or more errors occurred.
2019-08-12 11:11:38:071 尝试与OPC Server建立连接
2019-08-12 11:11:38:258 与OPC Server建立连接失败
2019-08-12 11:11:44:290 One or more errors occurred.
2019-08-12 11:11:44:509 尝试与OPC Server建立连接
2019-08-12 11:11:44:712 与OPC Server建立连接失败
2019-08-12 11:11:50:759 One or more errors occurred.
2019-08-12 11:11:50:853 尝试与OPC Server建立连接
2019-08-12 11:11:50:962 与OPC Server建立连接失败
2019-08-12 11:11:56:994 One or more errors occurred.
2019-08-12 11:11:57:057 尝试与OPC Server建立连接
2019-08-12 11:11:57:088 与OPC Server建立连接失败
2019-08-12 11:12:03:135 One or more errors occurred.
2019-08-12 11:12:03:135 尝试与OPC Server建立连接
2019-08-12 11:12:03:151 与OPC Server建立连接失败
2019-08-12 11:12:09:183 One or more errors occurred.
2019-08-12 11:12:09:292 尝试与OPC Server建立连接
2019-08-12 11:12:09:495 与OPC Server建立连接失败
2019-08-12 11:12:15:527 One or more errors occurred.
2019-08-12 11:12:15:636 尝试与OPC Server建立连接
2019-08-12 11:12:15:840 与OPC Server建立连接失败
2019-08-12 11:12:21:871 One or more errors occurred.
2019-08-12 11:12:22:059 尝试与OPC Server建立连接
2019-08-12 11:12:22:059 与OPC Server建立连接失败
2019-08-12 11:12:28:106 One or more errors occurred.
2019-08-12 11:12:28:106 尝试与OPC Server建立连接
2019-08-12 11:12:28:122 与OPC Server建立连接失败
2019-08-12 11:12:34:138 One or more errors occurred.
2019-08-12 11:12:34:279 尝试与OPC Server建立连接
2019-08-12 11:12:34:482 与OPC Server建立连接失败
2019-08-12 11:12:40:513 One or more errors occurred.
2019-08-12 11:12:40:732 尝试与OPC Server建立连接
2019-08-12 11:12:41:029 与OPC Server建立连接失败
2019-08-12 11:12:47:061 One or more errors occurred.
2019-08-12 11:12:47:077 尝试与OPC Server建立连接
2019-08-12 11:12:47:170 与OPC Server建立连接失败
2019-08-12 11:12:53:202 One or more errors occurred.
2019-08-12 11:12:53:327 尝试与OPC Server建立连接
2019-08-12 11:12:53:530 与OPC Server建立连接失败
2019-08-12 11:12:59:562 One or more errors occurred.
2019-08-12 11:12:59:765 尝试与OPC Server建立连接
2019-08-12 11:12:59:984 与OPC Server建立连接失败
2019-08-12 11:13:06:016 One or more errors occurred.
2019-08-12 11:13:06:047 尝试与OPC Server建立连接
2019-08-12 11:13:06:063 与OPC Server建立连接失败
2019-08-12 11:13:12:110 One or more errors occurred.
2019-08-12 11:13:12:266 尝试与OPC Server建立连接
2019-08-12 11:13:12:376 与OPC Server建立连接失败
2019-08-12 11:13:18:408 One or more errors occurred.
2019-08-12 11:13:18:611 尝试与OPC Server建立连接
2019-08-12 11:13:18:923 与OPC Server建立连接失败
2019-08-12 11:13:24:955 One or more errors occurred.
2019-08-12 11:13:25:049 尝试与OPC Server建立连接
2019-08-12 11:13:25:064 与OPC Server建立连接失败
2019-08-12 11:13:31:081 One or more errors occurred.
2019-08-12 11:13:31:081 尝试与OPC Server建立连接
2019-08-12 11:13:31:112 与OPC Server建立连接失败
2019-08-12 11:13:37:128 One or more errors occurred.
2019-08-12 11:13:37:128 尝试与OPC Server建立连接
2019-08-12 11:13:37:144 与OPC Server建立连接失败
2019-08-12 11:13:43:175 One or more errors occurred.
2019-08-12 11:13:43:300 尝试与OPC Server建立连接
2019-08-12 11:13:43:597 与OPC Server建立连接失败
2019-08-12 11:13:49:629 One or more errors occurred.
2019-08-12 11:13:49:738 尝试与OPC Server建立连接
2019-08-12 11:13:49:957 与OPC Server建立连接失败
2019-08-12 11:13:56:004 One or more errors occurred.
2019-08-12 11:13:56:067 尝试与OPC Server建立连接
2019-08-12 11:13:56:083 与OPC Server建立连接失败
2019-08-12 11:14:02:115 One or more errors occurred.
2019-08-12 11:14:02:130 尝试与OPC Server建立连接
2019-08-12 11:14:02:240 与OPC Server建立连接失败
2019-08-12 11:14:08:287 One or more errors occurred.
2019-08-12 11:14:08:380 尝试与OPC Server建立连接
2019-08-12 11:14:08:584 与OPC Server建立连接失败
2019-08-12 11:14:14:631 One or more errors occurred.
2019-08-12 11:14:14:725 尝试与OPC Server建立连接
2019-08-12 11:14:14:834 与OPC Server建立连接失败
2019-08-12 11:14:20:882 One or more errors occurred.
2019-08-12 11:14:21:054 尝试与OPC Server建立连接
2019-08-12 11:14:21:069 与OPC Server建立连接失败
2019-08-12 11:14:27:101 One or more errors occurred.
2019-08-12 11:14:27:117 尝试与OPC Server建立连接
2019-08-12 11:14:27:226 与OPC Server建立连接失败
2019-08-12 11:14:33:258 One or more errors occurred.
2019-08-12 11:14:33:258 尝试与OPC Server建立连接
2019-08-12 11:14:33:570 与OPC Server建立连接失败
2019-08-12 11:14:39:602 One or more errors occurred.
2019-08-12 11:14:39:618 尝试与OPC Server建立连接
2019-08-12 11:14:39:821 与OPC Server建立连接失败
2019-08-12 11:14:45:853 One or more errors occurred.
2019-08-12 11:14:45:962 尝试与OPC Server建立连接
2019-08-12 11:14:46:056 与OPC Server建立连接失败
2019-08-12 11:14:52:087 One or more errors occurred.
2019-08-12 11:14:52:103 尝试与OPC Server建立连接
2019-08-12 11:14:52:103 与OPC Server建立连接失败
2019-08-12 11:14:58:138 One or more errors occurred.
2019-08-12 11:14:58:248 尝试与OPC Server建立连接
2019-08-12 11:14:58:560 与OPC Server建立连接失败
2019-08-12 11:15:04:592 One or more errors occurred.
2019-08-12 11:15:04:702 尝试与OPC Server建立连接
2019-08-12 11:15:04:811 与OPC Server建立连接失败
2019-08-12 11:15:10:843 One or more errors occurred.
2019-08-12 11:15:11:046 尝试与OPC Server建立连接
2019-08-12 11:15:11:155 与OPC Server建立连接失败
2019-08-12 11:15:17:172 One or more errors occurred.
2019-08-12 11:15:17:390 尝试与OPC Server建立连接
2019-08-12 11:15:17:703 与OPC Server建立连接失败
2019-08-12 11:15:23:750 One or more errors occurred.
2019-08-12 11:15:24:156 尝试与OPC Server建立连接
2019-08-12 11:15:24:360 与OPC Server建立连接失败
2019-08-12 11:15:30:391 One or more errors occurred.
2019-08-12 11:15:30:501 尝试与OPC Server建立连接
2019-08-12 11:15:30:704 与OPC Server建立连接失败
2019-08-12 11:15:36:736 One or more errors occurred.
2019-08-12 11:15:36:861 尝试与OPC Server建立连接
2019-08-12 11:15:37:049 与OPC Server建立连接失败
2019-08-12 11:15:43:081 One or more errors occurred.
2019-08-12 11:15:43:081 尝试与OPC Server建立连接
2019-08-12 11:15:43:096 与OPC Server建立连接失败
2019-08-12 11:15:49:128 One or more errors occurred.
2019-08-12 11:15:49:128 尝试与OPC Server建立连接
2019-08-12 11:15:49:143 与OPC Server建立连接失败
2019-08-12 11:15:55:176 One or more errors occurred.
2019-08-12 11:15:55:394 尝试与OPC Server建立连接
2019-08-12 11:15:55:597 与OPC Server建立连接失败
2019-08-12 11:16:01:645 One or more errors occurred.
2019-08-12 11:16:01:942 尝试与OPC Server建立连接
2019-08-12 11:16:02:067 与OPC Server建立连接失败
2019-08-12 11:16:08:099 One or more errors occurred.
2019-08-12 11:16:08:395 尝试与OPC Server建立连接
2019-08-12 11:16:08:489 与OPC Server建立连接失败
2019-08-12 11:16:14:521 One or more errors occurred.
2019-08-12 11:16:14:646 尝试与OPC Server建立连接
2019-08-12 11:16:14:849 与OPC Server建立连接失败
2019-08-12 11:16:20:881 One or more errors occurred.
2019-08-12 11:16:20:990 尝试与OPC Server建立连接
2019-08-12 11:16:21:053 与OPC Server建立连接失败
2019-08-12 11:16:27:069 One or more errors occurred.
2019-08-12 11:16:27:085 尝试与OPC Server建立连接
2019-08-12 11:16:27:101 与OPC Server建立连接失败
2019-08-12 11:16:33:133 One or more errors occurred.
2019-08-12 11:16:33:273 尝试与OPC Server建立连接
2019-08-12 11:16:33:476 与OPC Server建立连接失败
2019-08-12 11:16:39:524 One or more errors occurred.
2019-08-12 11:16:39:633 尝试与OPC Server建立连接
2019-08-12 11:16:39:836 与OPC Server建立连接失败
2019-08-12 11:16:45:884 One or more errors occurred.
2019-08-12 11:16:46:056 尝试与OPC Server建立连接
2019-08-12 11:16:46:071 与OPC Server建立连接失败
2019-08-12 11:16:52:118 One or more errors occurred.
2019-08-12 11:16:52:118 尝试与OPC Server建立连接
2019-08-12 11:16:52:322 与OPC Server建立连接失败
2019-08-12 11:16:58:354 One or more errors occurred.
2019-08-12 11:16:58:463 尝试与OPC Server建立连接
2019-08-12 11:16:58:666 与OPC Server建立连接失败
2019-08-12 11:17:04:698 One or more errors occurred.
2019-08-12 11:17:04:823 尝试与OPC Server建立连接
2019-08-12 11:17:05:026 与OPC Server建立连接失败
2019-08-12 11:17:11:073 One or more errors occurred.
2019-08-12 11:17:11:261 尝试与OPC Server建立连接
2019-08-12 11:17:11:371 与OPC Server建立连接失败
2019-08-12 11:17:17:418 One or more errors occurred.
2019-08-12 11:17:17:715 尝试与OPC Server建立连接
2019-08-12 11:17:18:028 与OPC Server建立连接失败
2019-08-12 11:17:24:059 One or more errors occurred.
2019-08-12 11:17:24:169 尝试与OPC Server建立连接
2019-08-12 11:17:24:481 与OPC Server建立连接失败
2019-08-12 11:17:30:513 One or more errors occurred.
2019-08-12 11:17:30:716 尝试与OPC Server建立连接
2019-08-12 11:17:30:825 与OPC Server建立连接失败
2019-08-12 11:17:36:857 One or more errors occurred.
2019-08-12 11:17:36:967 尝试与OPC Server建立连接
2019-08-12 11:17:37:061 与OPC Server建立连接失败
2019-08-12 11:17:43:107 One or more errors occurred.
2019-08-12 11:17:43:107 尝试与OPC Server建立连接
2019-08-12 11:17:43:122 与OPC Server建立连接失败
2019-08-12 11:17:49:170 One or more errors occurred.
2019-08-12 11:17:49:358 尝试与OPC Server建立连接
2019-08-12 11:17:49:467 与OPC Server建立连接失败
2019-08-12 11:17:55:515 One or more errors occurred.
2019-08-12 11:17:55:702 尝试与OPC Server建立连接
2019-08-12 11:17:55:905 与OPC Server建立连接失败
2019-08-12 11:18:01:937 One or more errors occurred.
2019-08-12 11:18:02:062 尝试与OPC Server建立连接
2019-08-12 11:18:02:359 与OPC Server建立连接失败
2019-08-12 11:18:08:391 One or more errors occurred.
2019-08-12 11:18:08:610 尝试与OPC Server建立连接
2019-08-12 11:18:08:922 与OPC Server建立连接失败
2019-08-12 11:18:14:954 One or more errors occurred.
2019-08-12 11:18:14:969 尝试与OPC Server建立连接
2019-08-12 11:18:15:063 与OPC Server建立连接失败
2019-08-12 11:18:21:095 One or more errors occurred.
2019-08-12 11:18:21:095 尝试与OPC Server建立连接
2019-08-12 11:18:21:408 与OPC Server建立连接失败
2019-08-12 11:18:27:442 One or more errors occurred.
2019-08-12 11:18:27:458 尝试与OPC Server建立连接
2019-08-12 11:18:27:658 与OPC Server建立连接失败
2019-08-12 11:18:33:682 One or more errors occurred.
2019-08-12 11:18:33:901 尝试与OPC Server建立连接
2019-08-12 11:18:34:057 与OPC Server建立连接失败
2019-08-12 11:18:40:105 One or more errors occurred.
2019-08-12 11:18:40:245 尝试与OPC Server建立连接
2019-08-12 11:18:40:355 与OPC Server建立连接失败
2019-08-12 11:18:46:402 One or more errors occurred.
2019-08-12 11:18:46:511 尝试与OPC Server建立连接
2019-08-12 11:18:46:808 与OPC Server建立连接失败
2019-08-12 11:18:52:856 One or more errors occurred.
2019-08-12 11:18:53:043 尝试与OPC Server建立连接
2019-08-12 11:18:53:059 与OPC Server建立连接失败
2019-08-12 11:18:59:091 One or more errors occurred.
2019-08-12 11:18:59:091 尝试与OPC Server建立连接
2019-08-12 11:18:59:294 与OPC Server建立连接失败
2019-08-12 11:19:05:342 One or more errors occurred.
2019-08-12 11:19:05:435 尝试与OPC Server建立连接
2019-08-12 11:19:05:748 与OPC Server建立连接失败
2019-08-12 11:19:11:795 One or more errors occurred.
2019-08-12 11:19:11:889 尝试与OPC Server建立连接
2019-08-12 11:19:11:998 与OPC Server建立连接失败
2019-08-12 11:19:18:030 One or more errors occurred.
2019-08-12 11:19:18:046 尝试与OPC Server建立连接
2019-08-12 11:19:18:061 与OPC Server建立连接失败
2019-08-12 11:19:24:093 One or more errors occurred.
2019-08-12 11:19:24:187 尝试与OPC Server建立连接
2019-08-12 11:19:24:390 与OPC Server建立连接失败
2019-08-12 11:19:30:422 One or more errors occurred.
2019-08-12 11:19:30:532 尝试与OPC Server建立连接
2019-08-12 11:19:30:844 与OPC Server建立连接失败
2019-08-12 11:19:36:891 One or more errors occurred.
2019-08-12 11:19:37:048 尝试与OPC Server建立连接
2019-08-12 11:19:37:063 与OPC Server建立连接失败
2019-08-12 11:19:43:111 One or more errors occurred.
2019-08-12 11:19:43:111 尝试与OPC Server建立连接
2019-08-12 11:19:43:127 与OPC Server建立连接失败
2019-08-12 11:19:49:159 One or more errors occurred.
2019-08-12 11:19:49:268 尝试与OPC Server建立连接
2019-08-12 11:19:49:377 与OPC Server建立连接失败
2019-08-12 11:19:55:409 One or more errors occurred.
2019-08-12 11:19:55:518 尝试与OPC Server建立连接
2019-08-12 11:19:55:722 与OPC Server建立连接失败
2019-08-12 11:20:01:769 One or more errors occurred.
2019-08-12 11:20:01:972 尝试与OPC Server建立连接
2019-08-12 11:20:02:050 与OPC Server建立连接失败
2019-08-12 11:20:08:082 One or more errors occurred.
2019-08-12 11:20:08:082 尝试与OPC Server建立连接
2019-08-12 11:20:08:113 与OPC Server建立连接失败
2019-08-12 11:20:14:145 One or more errors occurred.
2019-08-12 11:20:14:255 尝试与OPC Server建立连接
2019-08-12 11:20:14:458 与OPC Server建立连接失败
2019-08-12 11:20:20:489 One or more errors occurred.
2019-08-12 11:20:20:599 尝试与OPC Server建立连接
2019-08-12 11:20:20:802 与OPC Server建立连接失败
2019-08-12 11:20:26:850 One or more errors occurred.
2019-08-12 11:20:26:959 尝试与OPC Server建立连接
2019-08-12 11:20:27:068 与OPC Server建立连接失败
2019-08-12 11:20:33:100 One or more errors occurred.
2019-08-12 11:20:33:194 尝试与OPC Server建立连接
2019-08-12 11:20:33:507 与OPC Server建立连接失败
2019-08-12 11:20:39:554 One or more errors occurred.
2019-08-12 11:20:39:648 尝试与OPC Server建立连接
2019-08-12 11:20:39:866 与OPC Server建立连接失败
2019-08-12 11:20:45:883 One or more errors occurred.
2019-08-12 11:20:46:008 尝试与OPC Server建立连接
2019-08-12 11:20:46:055 与OPC Server建立连接失败
2019-08-12 11:20:52:102 One or more errors occurred.
2019-08-12 11:20:52:102 尝试与OPC Server建立连接
2019-08-12 11:20:52:118 与OPC Server建立连接失败
2019-08-12 11:20:58:165 One or more errors occurred.
2019-08-12 11:20:58:290 尝试与OPC Server建立连接
2019-08-12 11:20:58:493 与OPC Server建立连接失败
2019-08-12 11:21:04:525 One or more errors occurred.
2019-08-12 11:21:04:635 尝试与OPC Server建立连接
2019-08-12 11:21:04:838 与OPC Server建立连接失败
2019-08-12 11:21:10:885 One or more errors occurred.
2019-08-12 11:21:10:885 尝试与OPC Server建立连接
2019-08-12 11:21:11:057 与OPC Server建立连接失败
2019-08-12 11:21:17:089 One or more errors occurred.
2019-08-12 11:21:17:105 尝试与OPC Server建立连接
2019-08-12 11:21:17:120 与OPC Server建立连接失败
2019-08-12 11:21:23:168 One or more errors occurred.
2019-08-12 11:21:23:386 尝试与OPC Server建立连接
2019-08-12 11:21:23:590 与OPC Server建立连接失败
2019-08-12 11:21:29:621 One or more errors occurred.
2019-08-12 11:21:29:825 尝试与OPC Server建立连接
2019-08-12 11:21:30:043 与OPC Server建立连接失败
2019-08-12 11:21:36:049 One or more errors occurred.
2019-08-12 11:21:36:082 尝试与OPC Server建立连接
2019-08-12 11:21:36:389 与OPC Server建立连接失败
2019-08-12 11:21:42:413 One or more errors occurred.
2019-08-12 11:21:42:631 尝试与OPC Server建立连接
2019-08-12 11:21:42:928 与OPC Server建立连接失败
2019-08-12 11:21:48:986 One or more errors occurred.
2019-08-12 11:21:49:064 尝试与OPC Server建立连接
2019-08-12 11:21:49:080 与OPC Server建立连接失败
2019-08-12 11:21:55:127 One or more errors occurred.
2019-08-12 11:21:55:331 尝试与OPC Server建立连接
2019-08-12 11:21:55:534 与OPC Server建立连接失败
2019-08-12 11:22:01:581 One or more errors occurred.
2019-08-12 11:22:01:784 尝试与OPC Server建立连接
2019-08-12 11:22:01:878 与OPC Server建立连接失败
2019-08-12 11:22:07:926 One or more errors occurred.
2019-08-12 11:22:08:051 尝试与OPC Server建立连接
2019-08-12 11:22:08:051 与OPC Server建立连接失败
2019-08-12 11:22:14:072 One or more errors occurred.
2019-08-12 11:22:14:276 尝试与OPC Server建立连接
2019-08-12 11:22:14:687 与OPC Server建立连接失败
2019-08-12 11:22:20:716 One or more errors occurred.
2019-08-12 11:22:20:919 尝试与OPC Server建立连接
2019-08-12 11:22:21:060 与OPC Server建立连接失败
2019-08-12 11:22:27:091 One or more errors occurred.
2019-08-12 11:22:27:373 尝试与OPC Server建立连接
2019-08-12 11:22:27:685 与OPC Server建立连接失败
2019-08-12 11:22:33:717 One or more errors occurred.
2019-08-12 11:22:33:826 尝试与OPC Server建立连接
2019-08-12 11:22:34:045 与OPC Server建立连接失败
2019-08-12 11:22:40:077 One or more errors occurred.
2019-08-12 11:22:40:186 尝试与OPC Server建立连接
2019-08-12 11:22:40:280 与OPC Server建立连接失败
2019-08-12 11:22:46:314 One or more errors occurred.
2019-08-12 11:22:46:533 尝试与OPC Server建立连接
2019-08-12 11:22:46:830 与OPC Server建立连接失败
2019-08-12 11:22:52:877 One or more errors occurred.
2019-08-12 11:22:52:971 尝试与OPC Server建立连接
2019-08-12 11:22:53:049 与OPC Server建立连接失败
2019-08-12 11:22:59:081 One or more errors occurred.
2019-08-12 11:22:59:081 尝试与OPC Server建立连接
2019-08-12 11:22:59:097 与OPC Server建立连接失败
2019-08-12 11:23:05:144 One or more errors occurred.
2019-08-12 11:23:05:175 尝试与OPC Server建立连接
2019-08-12 11:23:05:363 与OPC Server建立连接失败
2019-08-12 11:23:11:395 One or more errors occurred.
2019-08-12 11:23:11:613 尝试与OPC Server建立连接
2019-08-12 11:23:11:723 与OPC Server建立连接失败
2019-08-12 11:23:17:752 One or more errors occurred.
2019-08-12 11:23:17:862 尝试与OPC Server建立连接
2019-08-12 11:23:18:049 与OPC Server建立连接失败
2019-08-12 11:23:24:097 One or more errors occurred.
2019-08-12 11:23:24:112 尝试与OPC Server建立连接
2019-08-12 11:23:24:316 与OPC Server建立连接失败
2019-08-12 11:23:30:363 One or more errors occurred.
2019-08-12 11:23:30:457 尝试与OPC Server建立连接
2019-08-12 11:23:30:660 与OPC Server建立连接失败
2019-08-12 11:23:36:692 One or more errors occurred.
2019-08-12 11:23:36:801 尝试与OPC Server建立连接
2019-08-12 11:23:37:005 与OPC Server建立连接失败
2019-08-12 11:23:43:036 One or more errors occurred.
2019-08-12 11:23:43:161 尝试与OPC Server建立连接
2019-08-12 11:23:43:255 与OPC Server建立连接失败
2019-08-12 11:23:49:284 One or more errors occurred.
2019-08-12 11:23:50:018 尝试与OPC Server建立连接
2019-08-12 11:23:50:065 与OPC Server建立连接失败
2019-08-12 11:23:56:097 One or more errors occurred.
2019-08-12 11:23:56:269 尝试与OPC Server建立连接
2019-08-12 11:23:56:565 与OPC Server建立连接失败
2019-08-12 11:24:02:597 One or more errors occurred.
2019-08-12 11:24:02:707 尝试与OPC Server建立连接
2019-08-12 11:24:02:816 与OPC Server建立连接失败
2019-08-12 11:24:08:848 One or more errors occurred.
2019-08-12 11:24:09:051 尝试与OPC Server建立连接
2019-08-12 11:24:09:161 与OPC Server建立连接失败
2019-08-12 11:24:15:192 One or more errors occurred.
2019-08-12 11:24:15:302 尝试与OPC Server建立连接
2019-08-12 11:24:15:521 与OPC Server建立连接失败
2019-08-12 11:24:21:568 One or more errors occurred.
2019-08-12 11:24:22:052 尝试与OPC Server建立连接
2019-08-12 11:24:22:177 与OPC Server建立连接失败
2019-08-12 11:24:28:209 One or more errors occurred.
2019-08-12 11:24:28:319 尝试与OPC Server建立连接
2019-08-12 11:24:28:522 与OPC Server建立连接失败
2019-08-12 11:24:34:554 One or more errors occurred.
2019-08-12 11:24:34:663 尝试与OPC Server建立连接
2019-08-12 11:24:34:866 与OPC Server建立连接失败
2019-08-12 11:24:40:898 One or more errors occurred.
2019-08-12 11:24:41:008 尝试与OPC Server建立连接
2019-08-12 11:24:41:054 与OPC Server建立连接失败
2019-08-12 11:24:47:102 One or more errors occurred.
2019-08-12 11:24:47:258 尝试与OPC Server建立连接
2019-08-12 11:24:47:461 与OPC Server建立连接失败
2019-08-12 11:24:53:493 One or more errors occurred.
2019-08-12 11:24:53:603 尝试与OPC Server建立连接
2019-08-12 11:24:53:806 与OPC Server建立连接失败
2019-08-12 11:24:59:838 One or more errors occurred.
2019-08-12 11:25:00:259 尝试与OPC Server建立连接
2019-08-12 11:25:01:072 与OPC Server建立连接失败
2019-08-12 11:25:07:104 One or more errors occurred.
2019-08-12 11:25:07:229 尝试与OPC Server建立连接
2019-08-12 11:25:07:635 与OPC Server建立连接失败
2019-08-12 11:25:13:667 One or more errors occurred.
2019-08-12 11:25:13:886 尝试与OPC Server建立连接
2019-08-12 11:25:14:058 与OPC Server建立连接失败
2019-08-12 11:25:20:105 One or more errors occurred.
2019-08-12 11:25:20:105 尝试与OPC Server建立连接
2019-08-12 11:25:20:121 与OPC Server建立连接失败
2019-08-12 11:25:26:153 One or more errors occurred.
2019-08-12 11:25:26:481 尝试与OPC Server建立连接
2019-08-12 11:25:26:778 与OPC Server建立连接失败
2019-08-12 11:25:32:809 One or more errors occurred.
2019-08-12 11:25:33:028 尝试与OPC Server建立连接
2019-08-12 11:25:33:060 与OPC Server建立连接失败
2019-08-12 11:25:39:091 One or more errors occurred.
2019-08-12 11:25:39:373 尝试与OPC Server建立连接
2019-08-12 11:25:39:685 与OPC Server建立连接失败
2019-08-12 11:25:45:717 One or more errors occurred.
2019-08-12 11:25:45:936 尝试与OPC Server建立连接
2019-08-12 11:25:46:045 与OPC Server建立连接失败
2019-08-12 11:25:52:077 One or more errors occurred.
2019-08-12 11:25:52:171 尝试与OPC Server建立连接
2019-08-12 11:25:52:484 与OPC Server建立连接失败
2019-08-12 11:25:58:515 One or more errors occurred.
2019-08-12 11:25:58:828 尝试与OPC Server建立连接
2019-08-12 11:25:59:046 与OPC Server建立连接失败
2019-08-12 11:26:05:094 One or more errors occurred.
2019-08-12 11:26:05:391 尝试与OPC Server建立连接
2019-08-12 11:26:05:688 与OPC Server建立连接失败
2019-08-12 11:26:11:720 One or more errors occurred.
2019-08-12 11:26:12:048 尝试与OPC Server建立连接
2019-08-12 11:26:12:079 与OPC Server建立连接失败
2019-08-12 11:26:18:110 One or more errors occurred.
2019-08-12 11:26:18:392 尝试与OPC Server建立连接
2019-08-12 11:26:18:798 与OPC Server建立连接失败
2019-08-12 11:26:24:830 One or more errors occurred.
2019-08-12 11:26:30:065 尝试与OPC Server建立连接
2019-08-12 11:26:30:487 与OPC Server建立连接失败
2019-08-12 11:26:36:534 One or more errors occurred.
2019-08-12 11:26:36:831 尝试与OPC Server建立连接
2019-08-12 11:26:37:050 与OPC Server建立连接失败
2019-08-12 11:26:43:082 One or more errors occurred.
2019-08-12 11:26:43:785 尝试与OPC Server建立连接
2019-08-12 11:26:44:066 与OPC Server建立连接失败
2019-08-12 11:26:50:095 One or more errors occurred.
2019-08-12 11:26:50:110 尝试与OPC Server建立连接
2019-08-12 11:26:50:126 与OPC Server建立连接失败
2019-08-12 11:26:56:158 One or more errors occurred.
2019-08-12 11:26:57:721 尝试与OPC Server建立连接
2019-08-12 11:26:58:080 与OPC Server建立连接失败
2019-08-12 11:27:04:128 One or more errors occurred.
2019-08-12 11:27:06:050 尝试与OPC Server建立连接
2019-08-12 11:27:06:081 与OPC Server建立连接失败
2019-08-12 11:27:12:128 One or more errors occurred.
2019-08-12 11:27:20:658 尝试与OPC Server建立连接
2019-08-12 11:27:21:783 与OPC Server建立连接失败
2019-08-12 11:27:27:831 One or more errors occurred.
2019-08-12 11:27:28:081 尝试与OPC Server建立连接
2019-08-12 11:27:28:112 与OPC Server建立连接失败
2019-08-12 11:27:34:144 One or more errors occurred.
2019-08-12 11:27:34:988 尝试与OPC Server建立连接
2019-08-12 11:27:36:097 与OPC Server建立连接失败
2019-08-12 11:27:42:145 One or more errors occurred.
2019-08-12 11:27:42:567 尝试与OPC Server建立连接
2019-08-12 11:27:43:067 与OPC Server建立连接失败
2019-08-12 11:27:49:097 One or more errors occurred.
2019-08-12 11:27:49:534 尝试与OPC Server建立连接
2019-08-12 11:27:52:300 与OPC Server建立连接失败
2019-08-12 11:27:58:348 One or more errors occurred.
2019-08-12 11:27:58:644 尝试与OPC Server建立连接
2019-08-12 11:27:58:847 与OPC Server建立连接失败
2019-08-12 11:28:04:879 One or more errors occurred.
2019-08-12 11:28:05:051 尝试与OPC Server建立连接
2019-08-12 11:28:05:067 与OPC Server建立连接失败
2019-08-12 11:28:11:114 One or more errors occurred.
2019-08-12 11:28:11:114 尝试与OPC Server建立连接
2019-08-12 11:28:11:130 与OPC Server建立连接失败
2019-08-12 11:28:17:175 One or more errors occurred.
2019-08-12 11:28:17:894 尝试与OPC Server建立连接
2019-08-12 11:28:18:066 与OPC Server建立连接失败
2019-08-12 11:28:24:098 One or more errors occurred.
2019-08-12 11:28:24:098 尝试与OPC Server建立连接
2019-08-12 11:28:24:442 与OPC Server建立连接失败
2019-08-12 11:28:30:489 One or more errors occurred.
2019-08-12 11:28:32:099 尝试与OPC Server建立连接
2019-08-12 11:28:32:114 与OPC Server建立连接失败
2019-08-12 11:28:38:146 One or more errors occurred.
2019-08-12 11:28:38:271 尝试与OPC Server建立连接
2019-08-12 11:28:38:678 与OPC Server建立连接失败
2019-08-12 11:28:44:725 One or more errors occurred.
2019-08-12 11:28:45:037 尝试与OPC Server建立连接
2019-08-12 11:28:45:053 与OPC Server建立连接失败
2019-08-12 11:28:51:082 One or more errors occurred.
2019-08-12 11:28:51:489 尝试与OPC Server建立连接
2019-08-12 11:28:52:051 与OPC Server建立连接失败
2019-08-12 11:28:58:099 One or more errors occurred.
2019-08-12 11:28:58:099 尝试与OPC Server建立连接
2019-08-12 11:28:58:114 与OPC Server建立连接失败
2019-08-12 11:29:04:162 One or more errors occurred.
2019-08-12 11:29:04:584 尝试与OPC Server建立连接
2019-08-12 11:29:04:897 与OPC Server建立连接失败
2019-08-12 11:29:10:913 One or more errors occurred.
2019-08-12 11:29:11:053 尝试与OPC Server建立连接
2019-08-12 11:29:11:069 与OPC Server建立连接失败
2019-08-12 11:29:17:114 One or more errors occurred.
2019-08-12 11:29:17:489 尝试与OPC Server建立连接
2019-08-12 11:29:18:005 与OPC Server建立连接失败
2019-08-12 11:29:24:037 One or more errors occurred.
2019-08-12 11:29:24:099 尝试与OPC Server建立连接
2019-08-12 11:29:24:115 与OPC Server建立连接失败
2019-08-12 11:29:30:147 One or more errors occurred.
2019-08-12 11:29:30:397 尝试与OPC Server建立连接
2019-08-12 11:29:30:803 与OPC Server建立连接失败
2019-08-12 11:29:36:835 One or more errors occurred.
2019-08-12 11:29:37:257 尝试与OPC Server建立连接
2019-08-12 11:29:37:663 与OPC Server建立连接失败
2019-08-12 11:29:43:711 One or more errors occurred.
2019-08-12 11:29:44:054 尝试与OPC Server建立连接
2019-08-12 11:29:44:070 与OPC Server建立连接失败
2019-08-12 11:29:50:115 One or more errors occurred.
2019-08-12 11:29:50:881 尝试与OPC Server建立连接
2019-08-12 11:29:51:069 与OPC Server建立连接失败
2019-08-12 11:29:57:131 One or more errors occurred.
2019-08-12 11:29:57:319 尝试与OPC Server建立连接
2019-08-12 11:29:57:741 与OPC Server建立连接失败
2019-08-12 11:30:03:773 One or more errors occurred.
2019-08-12 11:30:03:976 尝试与OPC Server建立连接
2019-08-12 11:30:04:070 与OPC Server建立连接失败
2019-08-12 11:30:10:102 One or more errors occurred.
2019-08-12 11:30:10:102 尝试与OPC Server建立连接
2019-08-12 11:30:10:117 与OPC Server建立连接失败
2019-08-12 11:30:16:147 One or more errors occurred.
2019-08-12 11:30:16:568 尝试与OPC Server建立连接
2019-08-12 11:30:16:990 与OPC Server建立连接失败
2019-08-12 11:30:23:038 One or more errors occurred.
2019-08-12 11:30:23:053 尝试与OPC Server建立连接
2019-08-12 11:30:23:069 与OPC Server建立连接失败
2019-08-12 11:30:29:085 One or more errors occurred.
2019-08-12 11:30:31:085 尝试与OPC Server建立连接
2019-08-12 11:30:31:101 与OPC Server建立连接失败
2019-08-12 11:30:37:133 One or more errors occurred.
2019-08-12 11:30:37:571 尝试与OPC Server建立连接
2019-08-12 11:30:38:070 与OPC Server建立连接失败
2019-08-12 11:30:44:103 One or more errors occurred.
2019-08-12 11:30:44:134 尝试与OPC Server建立连接
2019-08-12 11:30:44:837 与OPC Server建立连接失败
2019-08-12 11:30:50:883 One or more errors occurred.
2019-08-12 11:30:51:055 尝试与OPC Server建立连接
2019-08-12 11:30:51:070 与OPC Server建立连接失败
2019-08-12 11:30:57:102 One or more errors occurred.
2019-08-12 11:30:57:118 尝试与OPC Server建立连接
2019-08-12 11:30:57:133 与OPC Server建立连接失败
2019-08-12 11:31:03:165 One or more errors occurred.
2019-08-12 11:31:03:368 尝试与OPC Server建立连接
2019-08-12 11:31:03:790 与OPC Server建立连接失败
2019-08-12 11:31:09:822 One or more errors occurred.
2019-08-12 11:31:10:056 尝试与OPC Server建立连接
2019-08-12 11:31:10:056 与OPC Server建立连接失败
2019-08-12 11:31:16:086 One or more errors occurred.
2019-08-12 11:31:16:383 尝试与OPC Server建立连接
2019-08-12 11:31:16:789 与OPC Server建立连接失败
2019-08-12 11:31:22:836 One or more errors occurred.
2019-08-12 11:31:23:055 尝试与OPC Server建立连接
2019-08-12 11:31:23:071 与OPC Server建立连接失败
2019-08-12 11:31:29:103 One or more errors occurred.
2019-08-12 11:31:29:290 尝试与OPC Server建立连接
2019-08-12 11:31:29:900 与OPC Server建立连接失败
2019-08-12 11:31:35:932 One or more errors occurred.
2019-08-12 11:31:36:057 尝试与OPC Server建立连接
2019-08-12 11:31:36:072 与OPC Server建立连接失败
2019-08-12 11:31:42:119 One or more errors occurred.
2019-08-12 11:31:42:807 尝试与OPC Server建立连接
2019-08-12 11:31:43:073 与OPC Server建立连接失败
2019-08-12 11:31:49:103 One or more errors occurred.
2019-08-12 11:31:49:118 尝试与OPC Server建立连接
2019-08-12 11:31:49:118 与OPC Server建立连接失败
2019-08-12 11:31:55:166 One or more errors occurred.
2019-08-12 11:31:55:697 尝试与OPC Server建立连接
2019-08-12 11:31:56:072 与OPC Server建立连接失败
2019-08-12 11:32:02:089 One or more errors occurred.
2019-08-12 11:32:02:776 尝试与OPC Server建立连接
2019-08-12 11:32:03:073 与OPC Server建立连接失败
2019-08-12 11:32:09:121 One or more errors occurred.
2019-08-12 11:32:09:417 尝试与OPC Server建立连接
2019-08-12 11:32:10:043 与OPC Server建立连接失败
2019-08-12 11:32:16:087 One or more errors occurred.
2019-08-12 11:32:16:290 尝试与OPC Server建立连接
2019-08-12 11:32:16:588 与OPC Server建立连接失败
2019-08-12 11:32:22:635 One or more errors occurred.
2019-08-12 11:32:22:729 尝试与OPC Server建立连接
2019-08-12 11:32:23:041 与OPC Server建立连接失败
2019-08-12 11:32:29:073 One or more errors occurred.
2019-08-12 11:32:29:073 尝试与OPC Server建立连接
2019-08-12 11:32:29:089 与OPC Server建立连接失败
2019-08-12 11:32:35:120 One or more errors occurred.
2019-08-12 11:32:35:136 尝试与OPC Server建立连接
2019-08-12 11:32:35:324 与OPC Server建立连接失败
2019-08-12 11:32:41:385 One or more errors occurred.
2019-08-12 11:32:41:682 尝试与OPC Server建立连接
2019-08-12 11:32:41:885 与OPC Server建立连接失败
2019-08-12 11:32:47:931 One or more errors occurred.
2019-08-12 11:32:48:056 尝试与OPC Server建立连接
2019-08-12 11:32:48:056 与OPC Server建立连接失败
2019-08-12 11:32:54:088 One or more errors occurred.
2019-08-12 11:32:54:292 尝试与OPC Server建立连接
2019-08-12 11:32:54:573 与OPC Server建立连接失败
2019-08-12 11:33:00:605 One or more errors occurred.
2019-08-12 11:33:00:620 尝试与OPC Server建立连接
2019-08-12 11:33:00:823 与OPC Server建立连接失败
2019-08-12 11:33:06:871 One or more errors occurred.
2019-08-12 11:33:06:964 尝试与OPC Server建立连接
2019-08-12 11:33:07:058 与OPC Server建立连接失败
2019-08-12 11:33:13:106 One or more errors occurred.
2019-08-12 11:33:13:121 尝试与OPC Server建立连接
2019-08-12 11:33:13:215 与OPC Server建立连接失败
2019-08-12 11:33:19:260 One or more errors occurred.
2019-08-12 11:33:19:369 尝试与OPC Server建立连接
2019-08-12 11:33:19:573 与OPC Server建立连接失败
2019-08-12 11:33:25:604 One or more errors occurred.
2019-08-12 11:33:25:620 尝试与OPC Server建立连接
2019-08-12 11:33:25:807 与OPC Server建立连接失败
2019-08-12 11:33:31:839 One or more errors occurred.
2019-08-12 11:33:31:964 尝试与OPC Server建立连接
2019-08-12 11:33:32:058 与OPC Server建立连接失败
2019-08-12 11:33:38:090 One or more errors occurred.
2019-08-12 11:33:38:090 尝试与OPC Server建立连接
2019-08-12 11:33:38:106 与OPC Server建立连接失败
2019-08-12 11:33:44:153 One or more errors occurred.
2019-08-12 11:33:44:340 尝试与OPC Server建立连接
2019-08-12 11:33:44:450 与OPC Server建立连接失败
2019-08-12 11:33:50:464 One or more errors occurred.
2019-08-12 11:33:50:589 尝试与OPC Server建立连接
2019-08-12 11:33:50:699 与OPC Server建立连接失败
2019-08-12 11:33:56:746 One or more errors occurred.
2019-08-12 11:33:56:949 尝试与OPC Server建立连接
2019-08-12 11:33:57:152 与OPC Server建立连接失败
2019-08-12 11:34:03:200 One or more errors occurred.
2019-08-12 11:34:03:387 尝试与OPC Server建立连接
2019-08-12 11:34:03:497 与OPC Server建立连接失败
2019-08-12 11:34:09:529 One or more errors occurred.
2019-08-12 11:34:09:638 尝试与OPC Server建立连接
2019-08-12 11:34:09:950 与OPC Server建立连接失败
2019-08-12 11:34:15:980 One or more errors occurred.
2019-08-12 11:34:16:073 尝试与OPC Server建立连接
2019-08-12 11:34:16:073 与OPC Server建立连接失败
2019-08-12 11:34:22:105 One or more errors occurred.
2019-08-12 11:34:22:105 尝试与OPC Server建立连接
2019-08-12 11:34:22:120 与OPC Server建立连接失败
2019-08-12 11:34:28:153 One or more errors occurred.
2019-08-12 11:34:28:387 尝试与OPC Server建立连接
2019-08-12 11:34:28:590 与OPC Server建立连接失败
2019-08-12 11:34:34:622 One or more errors occurred.
2019-08-12 11:34:34:825 尝试与OPC Server建立连接
2019-08-12 11:34:35:044 与OPC Server建立连接失败
2019-08-12 11:34:41:076 One or more errors occurred.
2019-08-12 11:34:41:279 尝试与OPC Server建立连接
2019-08-12 11:34:41:591 与OPC Server建立连接失败
2019-08-12 11:34:47:621 One or more errors occurred.
2019-08-12 11:34:47:730 尝试与OPC Server建立连接
2019-08-12 11:34:47:933 与OPC Server建立连接失败
2019-08-12 11:34:53:965 One or more errors occurred.
2019-08-12 11:34:54:043 尝试与OPC Server建立连接
2019-08-12 11:34:54:059 与OPC Server建立连接失败
2019-08-12 11:35:00:106 One or more errors occurred.
2019-08-12 11:35:00:122 尝试与OPC Server建立连接
2019-08-12 11:35:00:232 与OPC Server建立连接失败
2019-08-12 11:35:06:248 One or more errors occurred.
2019-08-12 11:35:06:373 尝试与OPC Server建立连接
2019-08-12 11:35:06:482 与OPC Server建立连接失败
2019-08-12 11:35:12:514 One or more errors occurred.
2019-08-12 11:35:12:623 尝试与OPC Server建立连接
2019-08-12 11:35:12:827 与OPC Server建立连接失败
2019-08-12 11:35:18:857 One or more errors occurred.
2019-08-12 11:35:18:966 尝试与OPC Server建立连接
2019-08-12 11:35:19:060 与OPC Server建立连接失败
2019-08-12 11:35:25:092 One or more errors occurred.
2019-08-12 11:35:25:092 尝试与OPC Server建立连接
2019-08-12 11:35:25:107 与OPC Server建立连接失败
2019-08-12 11:35:31:139 One or more errors occurred.
2019-08-12 11:35:31:358 尝试与OPC Server建立连接
2019-08-12 11:35:31:561 与OPC Server建立连接失败
2019-08-12 11:35:37:608 One or more errors occurred.
2019-08-12 11:35:38:015 尝试与OPC Server建立连接
2019-08-12 11:35:38:062 与OPC Server建立连接失败
2019-08-12 11:35:44:109 One or more errors occurred.
2019-08-12 11:35:44:265 尝试与OPC Server建立连接
2019-08-12 11:35:44:484 与OPC Server建立连接失败
2019-08-12 11:35:50:513 One or more errors occurred.
2019-08-12 11:35:50:716 尝试与OPC Server建立连接
2019-08-12 11:35:50:919 与OPC Server建立连接失败
2019-08-12 11:35:56:951 One or more errors occurred.
2019-08-12 11:35:57:045 尝试与OPC Server建立连接
2019-08-12 11:35:57:061 与OPC Server建立连接失败
2019-08-12 11:36:03:108 One or more errors occurred.
2019-08-12 11:36:03:311 尝试与OPC Server建立连接
2019-08-12 11:36:03:515 与OPC Server建立连接失败
2019-08-12 11:36:09:546 One or more errors occurred.
2019-08-12 11:36:09:656 尝试与OPC Server建立连接
2019-08-12 11:36:09:859 与OPC Server建立连接失败
2019-08-12 11:36:15:904 One or more errors occurred.
2019-08-12 11:36:16:029 尝试与OPC Server建立连接
2019-08-12 11:36:16:060 与OPC Server建立连接失败
2019-08-12 11:36:22:108 One or more errors occurred.
2019-08-12 11:36:22:249 尝试与OPC Server建立连接
2019-08-12 11:36:22:452 与OPC Server建立连接失败
2019-08-12 11:36:28:499 One or more errors occurred.
2019-08-12 11:36:28:593 尝试与OPC Server建立连接
2019-08-12 11:36:28:796 与OPC Server建立连接失败
2019-08-12 11:36:34:828 One or more errors occurred.
2019-08-12 11:36:34:953 尝试与OPC Server建立连接
2019-08-12 11:36:35:047 与OPC Server建立连接失败
2019-08-12 11:36:41:079 One or more errors occurred.
2019-08-12 11:36:41:298 尝试与OPC Server建立连接
2019-08-12 11:36:41:610 与OPC Server建立连接失败
2019-08-12 11:36:47:639 One or more errors occurred.
2019-08-12 11:36:47:858 尝试与OPC Server建立连接
2019-08-12 11:36:48:061 与OPC Server建立连接失败
2019-08-12 11:36:54:093 One or more errors occurred.
2019-08-12 11:36:54:202 尝试与OPC Server建立连接
2019-08-12 11:36:54:406 与OPC Server建立连接失败
2019-08-12 11:37:00:453 One or more errors occurred.
2019-08-12 11:37:00:656 尝试与OPC Server建立连接
2019-08-12 11:37:00:953 与OPC Server建立连接失败
2019-08-12 11:37:07:000 One or more errors occurred.
2019-08-12 11:37:07:047 尝试与OPC Server建立连接
2019-08-12 11:37:07:078 与OPC Server建立连接失败
2019-08-12 11:37:13:111 One or more errors occurred.
2019-08-12 11:37:13:126 尝试与OPC Server建立连接
2019-08-12 11:37:13:126 与OPC Server建立连接失败
2019-08-12 11:37:19:186 One or more errors occurred.
2019-08-12 11:37:19:280 尝试与OPC Server建立连接
2019-08-12 11:37:19:390 与OPC Server建立连接失败
2019-08-12 11:37:25:437 One or more errors occurred.
2019-08-12 11:37:25:734 尝试与OPC Server建立连接
2019-08-12 11:37:26:046 与OPC Server建立连接失败
2019-08-12 11:37:32:079 One or more errors occurred.
2019-08-12 11:37:32:094 尝试与OPC Server建立连接
2019-08-12 11:37:32:297 与OPC Server建立连接失败
2019-08-12 11:37:38:329 One or more errors occurred.
2019-08-12 11:37:38:532 尝试与OPC Server建立连接
2019-08-12 11:37:38:735 与OPC Server建立连接失败
2019-08-12 11:37:44:783 One or more errors occurred.
2019-08-12 11:37:44:892 尝试与OPC Server建立连接
2019-08-12 11:37:45:048 与OPC Server建立连接失败
2019-08-12 11:37:51:078 One or more errors occurred.
2019-08-12 11:37:51:078 尝试与OPC Server建立连接
2019-08-12 11:37:51:093 与OPC Server建立连接失败
2019-08-12 11:37:57:125 One or more errors occurred.
2019-08-12 11:37:57:281 尝试与OPC Server建立连接
2019-08-12 11:37:57:485 与OPC Server建立连接失败
2019-08-12 11:38:03:532 One or more errors occurred.
2019-08-12 11:38:03:735 尝试与OPC Server建立连接
2019-08-12 11:38:04:032 与OPC Server建立连接失败
2019-08-12 11:38:10:064 One or more errors occurred.
2019-08-12 11:38:10:079 尝试与OPC Server建立连接
2019-08-12 11:38:10:392 与OPC Server建立连接失败
2019-08-12 11:38:16:437 One or more errors occurred.
2019-08-12 11:38:16:640 尝试与OPC Server建立连接
2019-08-12 11:38:16:843 与OPC Server建立连接失败
2019-08-12 11:38:22:875 One or more errors occurred.
2019-08-12 11:38:22:984 尝试与OPC Server建立连接
2019-08-12 11:38:23:062 与OPC Server建立连接失败
2019-08-12 11:38:29:110 One or more errors occurred.
2019-08-12 11:38:29:110 尝试与OPC Server建立连接
2019-08-12 11:38:29:235 与OPC Server建立连接失败
2019-08-12 11:38:35:267 One or more errors occurred.
2019-08-12 11:38:35:782 尝试与OPC Server建立连接
2019-08-12 11:38:36:048 与OPC Server建立连接失败
2019-08-12 11:38:42:080 One or more errors occurred.
2019-08-12 11:38:42:080 尝试与OPC Server建立连接
2019-08-12 11:38:42:095 与OPC Server建立连接失败
2019-08-12 11:38:48:125 One or more errors occurred.
2019-08-12 11:38:48:266 尝试与OPC Server建立连接
2019-08-12 11:38:48:579 与OPC Server建立连接失败
2019-08-12 11:38:54:611 One or more errors occurred.
2019-08-12 11:38:54:923 尝试与OPC Server建立连接
2019-08-12 11:38:55:048 与OPC Server建立连接失败
2019-08-12 11:39:01:080 One or more errors occurred.
2019-08-12 11:39:01:283 尝试与OPC Server建立连接
2019-08-12 11:39:01:377 与OPC Server建立连接失败
2019-08-12 11:39:07:409 One or more errors occurred.
2019-08-12 11:39:07:534 尝试与OPC Server建立连接
2019-08-12 11:39:07:940 与OPC Server建立连接失败
2019-08-12 11:39:13:983 One or more errors occurred.
2019-08-12 11:39:14:061 尝试与OPC Server建立连接
2019-08-12 11:39:14:077 与OPC Server建立连接失败
2019-08-12 11:39:20:126 One or more errors occurred.
2019-08-12 11:39:20:532 尝试与OPC Server建立连接
2019-08-12 11:39:21:048 与OPC Server建立连接失败
2019-08-12 11:39:27:064 One or more errors occurred.
2019-08-12 11:39:27:705 尝试与OPC Server建立连接
2019-08-12 11:39:28:002 与OPC Server建立连接失败
2019-08-12 11:39:34:049 One or more errors occurred.
2019-08-12 11:39:34:253 尝试与OPC Server建立连接
2019-08-12 11:39:34:456 与OPC Server建立连接失败
2019-08-12 11:39:40:488 One or more errors occurred.
2019-08-12 11:39:40:706 尝试与OPC Server建立连接
2019-08-12 11:39:40:909 与OPC Server建立连接失败
2019-08-12 11:39:46:938 One or more errors occurred.
2019-08-12 11:39:47:157 尝试与OPC Server建立连接
2019-08-12 11:39:47:360 与OPC Server建立连接失败
2019-08-12 11:39:53:392 One or more errors occurred.
2019-08-12 11:39:53:611 尝试与OPC Server建立连接
2019-08-12 11:39:54:049 与OPC Server建立连接失败
2019-08-12 11:40:00:081 One or more errors occurred.
2019-08-12 11:40:00:674 尝试与OPC Server建立连接
2019-08-12 11:40:01:065 与OPC Server建立连接失败
2019-08-12 11:40:07:112 One or more errors occurred.
2019-08-12 11:40:07:112 尝试与OPC Server建立连接
2019-08-12 11:40:07:331 与OPC Server建立连接失败
2019-08-12 11:40:13:363 One or more errors occurred.
2019-08-12 11:40:13:473 尝试与OPC Server建立连接
2019-08-12 11:40:13:785 与OPC Server建立连接失败
2019-08-12 11:40:19:814 One or more errors occurred.
2019-08-12 11:40:20:018 尝试与OPC Server建立连接
2019-08-12 11:40:20:049 与OPC Server建立连接失败
2019-08-12 11:40:26:080 One or more errors occurred.
2019-08-12 11:40:26:268 尝试与OPC Server建立连接
2019-08-12 11:40:26:471 与OPC Server建立连接失败
2019-08-12 11:40:32:488 One or more errors occurred.
2019-08-12 11:40:33:097 尝试与OPC Server建立连接
2019-08-12 11:40:33:113 与OPC Server建立连接失败
2019-08-12 11:40:39:145 One or more errors occurred.
2019-08-12 11:40:39:379 尝试与OPC Server建立连接
2019-08-12 11:40:39:582 与OPC Server建立连接失败
2019-08-12 11:40:45:627 One or more errors occurred.
2019-08-12 11:40:45:939 尝试与OPC Server建立连接
2019-08-12 11:40:46:048 与OPC Server建立连接失败
2019-08-12 11:40:52:080 One or more errors occurred.
2019-08-12 11:40:52:393 尝试与OPC Server建立连接
2019-08-12 11:40:52:783 与OPC Server建立连接失败
2019-08-12 11:40:58:815 One or more errors occurred.
2019-08-12 11:40:59:050 尝试与OPC Server建立连接
2019-08-12 11:40:59:159 与OPC Server建立连接失败
2019-08-12 11:41:05:207 One or more errors occurred.
2019-08-12 11:41:05:691 尝试与OPC Server建立连接
2019-08-12 11:41:06:050 与OPC Server建立连接失败
2019-08-12 11:41:12:098 One or more errors occurred.
2019-08-12 11:41:12:098 尝试与OPC Server建立连接
2019-08-12 11:41:12:113 与OPC Server建立连接失败
2019-08-12 11:41:18:155 One or more errors occurred.
2019-08-12 11:41:18:280 尝试与OPC Server建立连接
2019-08-12 11:41:18:593 与OPC Server建立连接失败
2019-08-12 11:41:24:609 One or more errors occurred.
2019-08-12 11:41:24:844 尝试与OPC Server建立连接
2019-08-12 11:41:25:047 与OPC Server建立连接失败
2019-08-12 11:41:31:079 One or more errors occurred.
2019-08-12 11:41:31:297 尝试与OPC Server建立连接
2019-08-12 11:41:31:500 与OPC Server建立连接失败
2019-08-12 11:41:37:533 One or more errors occurred.
2019-08-12 11:41:37:845 尝试与OPC Server建立连接
2019-08-12 11:41:38:470 与OPC Server建立连接失败
2019-08-12 11:41:44:518 One or more errors occurred.
2019-08-12 11:41:44:705 尝试与OPC Server建立连接
2019-08-12 11:41:45:017 与OPC Server建立连接失败
2019-08-12 11:41:51:049 One or more errors occurred.
2019-08-12 11:41:51:065 尝试与OPC Server建立连接
2019-08-12 11:41:51:362 与OPC Server建立连接失败
2019-08-12 11:41:57:394 One or more errors occurred.
2019-08-12 11:41:57:519 尝试与OPC Server建立连接
2019-08-12 11:41:57:722 与OPC Server建立连接失败
2019-08-12 11:42:03:754 One or more errors occurred.
2019-08-12 11:42:04:051 尝试与OPC Server建立连接
2019-08-12 11:42:04:270 与OPC Server建立连接失败
2019-08-12 11:42:10:317 One or more errors occurred.
2019-08-12 11:42:10:614 尝试与OPC Server建立连接
2019-08-12 11:42:10:817 与OPC Server建立连接失败
2019-08-12 11:42:16:874 One or more errors occurred.
2019-08-12 11:42:17:062 尝试与OPC Server建立连接
2019-08-12 11:42:17:062 与OPC Server建立连接失败
2019-08-12 11:42:23:110 One or more errors occurred.
2019-08-12 11:42:23:516 尝试与OPC Server建立连接
2019-08-12 11:42:23:828 与OPC Server建立连接失败
2019-08-12 11:42:29:860 One or more errors occurred.
2019-08-12 11:42:29:970 尝试与OPC Server建立连接
2019-08-12 11:42:30:048 与OPC Server建立连接失败
2019-08-12 11:42:36:095 One or more errors occurred.
2019-08-12 11:42:36:314 尝试与OPC Server建立连接
2019-08-12 11:42:36:517 与OPC Server建立连接失败
2019-08-12 11:42:42:549 One or more errors occurred.
2019-08-12 11:42:43:065 尝试与OPC Server建立连接
2019-08-12 11:42:43:174 与OPC Server建立连接失败
2019-08-12 11:42:49:206 One or more errors occurred.
2019-08-12 11:42:49:425 尝试与OPC Server建立连接
2019-08-12 11:42:49:737 与OPC Server建立连接失败
2019-08-12 11:42:55:785 One or more errors occurred.
2019-08-12 11:42:55:972 尝试与OPC Server建立连接
2019-08-12 11:42:56:050 与OPC Server建立连接失败
2019-08-12 11:43:02:082 One or more errors occurred.
2019-08-12 11:43:02:082 尝试与OPC Server建立连接
2019-08-12 11:43:02:098 与OPC Server建立连接失败
2019-08-12 11:43:08:130 One or more errors occurred.
2019-08-12 11:43:08:380 尝试与OPC Server建立连接
2019-08-12 11:43:08:786 与OPC Server建立连接失败
2019-08-12 11:43:14:794 One or more errors occurred.
2019-08-12 11:43:15:044 尝试与OPC Server建立连接
2019-08-12 11:43:15:059 与OPC Server建立连接失败
2019-08-12 11:43:21:107 One or more errors occurred.
2019-08-12 11:43:21:279 尝试与OPC Server建立连接
2019-08-12 11:43:21:482 与OPC Server建立连接失败
2019-08-12 11:43:27:529 One or more errors occurred.
2019-08-12 11:43:27:733 尝试与OPC Server建立连接
2019-08-12 11:43:28:030 与OPC Server建立连接失败
2019-08-12 11:43:34:061 One or more errors occurred.
2019-08-12 11:43:34:077 尝试与OPC Server建立连接
2019-08-12 11:43:34:280 与OPC Server建立连接失败
2019-08-12 11:43:40:312 One or more errors occurred.
2019-08-12 11:43:40:531 尝试与OPC Server建立连接
2019-08-12 11:43:40:828 与OPC Server建立连接失败
2019-08-12 11:43:46:860 One or more errors occurred.
2019-08-12 11:43:47:047 尝试与OPC Server建立连接
2019-08-12 11:43:47:063 与OPC Server建立连接失败
2019-08-12 11:43:53:110 One or more errors occurred.
2019-08-12 11:43:53:110 尝试与OPC Server建立连接
2019-08-12 11:43:53:220 与OPC Server建立连接失败
2019-08-12 11:43:59:251 One or more errors occurred.
2019-08-12 11:43:59:470 尝试与OPC Server建立连接
2019-08-12 11:43:59:673 与OPC Server建立连接失败
2019-08-12 11:44:05:705 One or more errors occurred.
2019-08-12 11:44:05:924 尝试与OPC Server建立连接
2019-08-12 11:44:06:049 与OPC Server建立连接失败
2019-08-12 11:44:12:081 One or more errors occurred.
2019-08-12 11:44:12:378 尝试与OPC Server建立连接
2019-08-12 11:44:12:784 与OPC Server建立连接失败
2019-08-12 11:44:18:816 One or more errors occurred.
2019-08-12 11:44:19:051 尝试与OPC Server建立连接
2019-08-12 11:44:19:082 与OPC Server建立连接失败
2019-08-12 11:44:25:113 One or more errors occurred.
2019-08-12 11:44:25:473 尝试与OPC Server建立连接
2019-08-12 11:44:25:786 与OPC Server建立连接失败
2019-08-12 11:44:31:833 One or more errors occurred.
2019-08-12 11:44:32:036 尝试与OPC Server建立连接
2019-08-12 11:44:32:067 与OPC Server建立连接失败
2019-08-12 11:44:38:115 One or more errors occurred.
2019-08-12 11:44:38:380 尝试与OPC Server建立连接
2019-08-12 11:44:38:787 与OPC Server建立连接失败
2019-08-12 11:44:44:834 One or more errors occurred.
2019-08-12 11:44:45:037 尝试与OPC Server建立连接
2019-08-12 11:44:45:053 与OPC Server建立连接失败
2019-08-12 11:44:51:085 One or more errors occurred.
2019-08-12 11:44:51:381 尝试与OPC Server建立连接
2019-08-12 11:44:51:694 与OPC Server建立连接失败
2019-08-12 11:44:57:726 One or more errors occurred.
2019-08-12 11:44:57:945 尝试与OPC Server建立连接
2019-08-12 11:44:58:054 与OPC Server建立连接失败
2019-08-12 11:45:04:101 One or more errors occurred.
2019-08-12 11:45:04:383 尝试与OPC Server建立连接
2019-08-12 11:45:04:695 与OPC Server建立连接失败
2019-08-12 11:45:10:727 One or more errors occurred.
2019-08-12 11:45:11:055 尝试与OPC Server建立连接
2019-08-12 11:45:11:352 与OPC Server建立连接失败
2019-08-12 11:45:17:399 One or more errors occurred.
2019-08-12 11:45:17:603 尝试与OPC Server建立连接
2019-08-12 11:45:17:806 与OPC Server建立连接失败
2019-08-12 11:45:23:838 One or more errors occurred.
2019-08-12 11:45:24:354 尝试与OPC Server建立连接
2019-08-12 11:45:24:666 与OPC Server建立连接失败
2019-08-12 11:45:30:713 One or more errors occurred.
2019-08-12 11:45:30:917 尝试与OPC Server建立连接
2019-08-12 11:45:31:042 与OPC Server建立连接失败
2019-08-12 11:45:37:073 One or more errors occurred.
2019-08-12 11:45:37:355 尝试与OPC Server建立连接
2019-08-12 11:45:37:667 与OPC Server建立连接失败
2019-08-12 11:45:43:715 One or more errors occurred.
2019-08-12 11:45:44:011 尝试与OPC Server建立连接
2019-08-12 11:45:44:074 与OPC Server建立连接失败
2019-08-12 11:45:50:122 One or more errors occurred.
2019-08-12 11:45:50:262 尝试与OPC Server建立连接
2019-08-12 11:45:50:575 与OPC Server建立连接失败
2019-08-12 11:45:56:606 One or more errors occurred.
2019-08-12 11:45:56:731 尝试与OPC Server建立连接
2019-08-12 11:45:57:028 与OPC Server建立连接失败
2019-08-12 11:46:03:060 One or more errors occurred.
2019-08-12 11:46:03:060 尝试与OPC Server建立连接
2019-08-12 11:46:03:170 与OPC Server建立连接失败
2019-08-12 11:46:09:202 One or more errors occurred.
2019-08-12 11:46:09:311 尝试与OPC Server建立连接
2019-08-12 11:46:09:514 与OPC Server建立连接失败
2019-08-12 11:46:15:573 One or more errors occurred.
2019-08-12 11:46:15:870 尝试与OPC Server建立连接
2019-08-12 11:46:16:041 与OPC Server建立连接失败
2019-08-12 11:46:22:089 One or more errors occurred.
2019-08-12 11:46:22:089 尝试与OPC Server建立连接
2019-08-12 11:46:22:104 与OPC Server建立连接失败
2019-08-12 11:46:28:152 One or more errors occurred.
2019-08-12 11:46:28:261 尝试与OPC Server建立连接
2019-08-12 11:46:28:558 与OPC Server建立连接失败
2019-08-12 11:46:34:605 One or more errors occurred.
2019-08-12 11:46:34:809 尝试与OPC Server建立连接
2019-08-12 11:46:34:918 与OPC Server建立连接失败
2019-08-12 11:46:40:950 One or more errors occurred.
2019-08-12 11:46:41:044 尝试与OPC Server建立连接
2019-08-12 11:46:41:169 与OPC Server建立连接失败
2019-08-12 11:46:47:201 One or more errors occurred.
2019-08-12 11:46:47:513 尝试与OPC Server建立连接
2019-08-12 11:46:47:919 与OPC Server建立连接失败
2019-08-12 11:46:53:951 One or more errors occurred.
2019-08-12 11:46:54:045 尝试与OPC Server建立连接
2019-08-12 11:46:54:154 与OPC Server建立连接失败
2019-08-12 11:47:00:171 One or more errors occurred.
2019-08-12 11:47:00:311 尝试与OPC Server建立连接
2019-08-12 11:47:00:514 与OPC Server建立连接失败
2019-08-12 11:47:06:562 One or more errors occurred.
2019-08-12 11:47:06:859 尝试与OPC Server建立连接
2019-08-12 11:47:07:046 与OPC Server建立连接失败
2019-08-12 11:47:13:078 One or more errors occurred.
2019-08-12 11:47:13:078 尝试与OPC Server建立连接
2019-08-12 11:47:13:093 与OPC Server建立连接失败
2019-08-12 11:47:19:135 One or more errors occurred.
2019-08-12 11:47:19:260 尝试与OPC Server建立连接
2019-08-12 11:47:19:447 与OPC Server建立连接失败
2019-08-12 11:47:25:479 One or more errors occurred.
2019-08-12 11:47:25:917 尝试与OPC Server建立连接
2019-08-12 11:47:26:042 与OPC Server建立连接失败
2019-08-12 11:47:32:089 One or more errors occurred.
2019-08-12 11:47:32:355 尝试与OPC Server建立连接
2019-08-12 11:47:32:964 与OPC Server建立连接失败
2019-08-12 11:47:38:996 One or more errors occurred.
2019-08-12 11:47:39:059 尝试与OPC Server建立连接
2019-08-12 11:47:39:090 与OPC Server建立连接失败
2019-08-12 11:47:45:136 One or more errors occurred.
2019-08-12 11:47:45:262 尝试与OPC Server建立连接
2019-08-12 11:47:45:465 与OPC Server建立连接失败
2019-08-12 11:47:51:512 One or more errors occurred.
2019-08-12 11:47:51:919 尝试与OPC Server建立连接
2019-08-12 11:47:52:059 与OPC Server建立连接失败
2019-08-12 11:47:58:075 One or more errors occurred.
2019-08-12 11:47:58:466 尝试与OPC Server建立连接
2019-08-12 11:47:58:685 与OPC Server建立连接失败
2019-08-12 11:48:04:716 One or more errors occurred.
2019-08-12 11:48:04:920 尝试与OPC Server建立连接
2019-08-12 11:48:05:060 与OPC Server建立连接失败
2019-08-12 11:48:11:092 One or more errors occurred.
2019-08-12 11:48:11:264 尝试与OPC Server建立连接
2019-08-12 11:48:11:576 与OPC Server建立连接失败
2019-08-12 11:48:17:619 One or more errors occurred.
2019-08-12 11:48:17:728 尝试与OPC Server建立连接
2019-08-12 11:48:17:931 与OPC Server建立连接失败
2019-08-12 11:48:23:979 One or more errors occurred.
2019-08-12 11:48:24:057 尝试与OPC Server建立连接
2019-08-12 11:48:24:057 与OPC Server建立连接失败
2019-08-12 11:48:30:089 One or more errors occurred.
2019-08-12 11:48:30:089 尝试与OPC Server建立连接
2019-08-12 11:48:30:104 与OPC Server建立连接失败
2019-08-12 11:48:36:152 One or more errors occurred.
2019-08-12 11:48:36:355 尝试与OPC Server建立连接
2019-08-12 11:48:36:574 与OPC Server建立连接失败
2019-08-12 11:48:42:621 One or more errors occurred.
2019-08-12 11:48:42:902 尝试与OPC Server建立连接
2019-08-12 11:48:43:059 与OPC Server建立连接失败
2019-08-12 11:48:49:098 One or more errors occurred.
2019-08-12 11:48:49:457 尝试与OPC Server建立连接
2019-08-12 11:48:49:567 与OPC Server建立连接失败
2019-08-12 11:48:55:599 One or more errors occurred.
2019-08-12 11:48:55:708 尝试与OPC Server建立连接
2019-08-12 11:48:55:911 与OPC Server建立连接失败
2019-08-12 11:49:01:943 One or more errors occurred.
2019-08-12 11:49:02:052 尝试与OPC Server建立连接
2019-08-12 11:49:02:052 与OPC Server建立连接失败
2019-08-12 11:49:08:084 One or more errors occurred.
2019-08-12 11:49:08:084 尝试与OPC Server建立连接
2019-08-12 11:49:08:100 与OPC Server建立连接失败
2019-08-12 11:49:14:118 One or more errors occurred.
2019-08-12 11:49:14:118 尝试与OPC Server建立连接
2019-08-12 11:49:14:118 与OPC Server建立连接失败
2019-08-12 11:49:20:150 One or more errors occurred.
2019-08-12 11:49:20:385 尝试与OPC Server建立连接
2019-08-12 11:49:20:588 与OPC Server建立连接失败
2019-08-12 11:49:26:636 One or more errors occurred.
2019-08-12 11:49:26:745 尝试与OPC Server建立连接
2019-08-12 11:49:27:042 与OPC Server建立连接失败
2019-08-12 11:49:33:074 One or more errors occurred.
2019-08-12 11:49:33:089 尝试与OPC Server建立连接
2019-08-12 11:49:33:198 与OPC Server建立连接失败
2019-08-12 11:49:39:231 One or more errors occurred.
2019-08-12 11:49:39:434 尝试与OPC Server建立连接
2019-08-12 11:49:39:746 与OPC Server建立连接失败
2019-08-12 11:49:45:793 One or more errors occurred.
2019-08-12 11:49:46:044 尝试与OPC Server建立连接
2019-08-12 11:49:46:059 与OPC Server建立连接失败
2019-08-12 11:49:52:107 One or more errors occurred.
2019-08-12 11:49:52:107 尝试与OPC Server建立连接
2019-08-12 11:49:52:122 与OPC Server建立连接失败
2019-08-12 11:49:58:170 One or more errors occurred.
2019-08-12 11:49:58:279 尝试与OPC Server建立连接
2019-08-12 11:49:58:482 与OPC Server建立连接失败
2019-08-12 11:50:04:530 One or more errors occurred.
2019-08-12 11:50:04:733 尝试与OPC Server建立连接
2019-08-12 11:50:05:030 与OPC Server建立连接失败
2019-08-12 11:50:11:077 One or more errors occurred.
2019-08-12 11:50:11:280 尝试与OPC Server建立连接
2019-08-12 11:50:11:593 与OPC Server建立连接失败
2019-08-12 11:50:17:634 One or more errors occurred.
2019-08-12 11:50:17:931 尝试与OPC Server建立连接
2019-08-12 11:50:18:056 与OPC Server建立连接失败
2019-08-12 11:50:24:104 One or more errors occurred.
2019-08-12 11:50:24:291 尝试与OPC Server建立连接
2019-08-12 11:50:24:494 与OPC Server建立连接失败
2019-08-12 11:50:30:526 One or more errors occurred.
2019-08-12 11:50:30:745 尝试与OPC Server建立连接
2019-08-12 11:50:30:948 与OPC Server建立连接失败
2019-08-12 11:50:36:980 One or more errors occurred.
2019-08-12 11:50:37:042 尝试与OPC Server建立连接
2019-08-12 11:50:37:058 与OPC Server建立连接失败
2019-08-12 11:50:43:090 One or more errors occurred.
2019-08-12 11:50:43:106 尝试与OPC Server建立连接
2019-08-12 11:50:43:121 与OPC Server建立连接失败
2019-08-12 11:50:49:169 One or more errors occurred.
2019-08-12 11:50:49:372 尝试与OPC Server建立连接
2019-08-12 11:50:49:685 与OPC Server建立连接失败
2019-08-12 11:50:55:716 One or more errors occurred.
2019-08-12 11:50:55:826 尝试与OPC Server建立连接
2019-08-12 11:50:55:935 与OPC Server建立连接失败
2019-08-12 11:51:01:982 One or more errors occurred.
2019-08-12 11:51:02:076 尝试与OPC Server建立连接
2019-08-12 11:51:02:280 与OPC Server建立连接失败
2019-08-12 11:51:08:311 One or more errors occurred.
2019-08-12 11:51:08:624 尝试与OPC Server建立连接
2019-08-12 11:51:08:936 与OPC Server建立连接失败
2019-08-12 11:51:14:963 One or more errors occurred.
2019-08-12 11:51:15:057 尝试与OPC Server建立连接
2019-08-12 11:51:15:057 与OPC Server建立连接失败
2019-08-12 11:51:21:089 One or more errors occurred.
2019-08-12 11:51:21:089 尝试与OPC Server建立连接
2019-08-12 11:51:21:104 与OPC Server建立连接失败
2019-08-12 11:51:27:152 One or more errors occurred.
2019-08-12 11:51:27:261 尝试与OPC Server建立连接
2019-08-12 11:51:27:465 与OPC Server建立连接失败
2019-08-12 11:51:33:512 One or more errors occurred.
2019-08-12 11:51:33:715 尝试与OPC Server建立连接
2019-08-12 11:51:34:028 与OPC Server建立连接失败
2019-08-12 11:51:40:075 One or more errors occurred.
2019-08-12 11:51:40:575 尝试与OPC Server建立连接
2019-08-12 11:51:40:888 与OPC Server建立连接失败
2019-08-12 11:51:46:920 One or more errors occurred.
2019-08-12 11:51:47:029 尝试与OPC Server建立连接
2019-08-12 11:51:47:044 与OPC Server建立连接失败
2019-08-12 11:51:53:077 One or more errors occurred.
2019-08-12 11:51:53:889 尝试与OPC Server建立连接
2019-08-12 11:51:54:061 与OPC Server建立连接失败
2019-08-12 11:52:00:093 One or more errors occurred.
2019-08-12 11:52:00:093 尝试与OPC Server建立连接
2019-08-12 11:52:00:108 与OPC Server建立连接失败
2019-08-12 11:52:06:140 One or more errors occurred.
2019-08-12 11:52:06:281 尝试与OPC Server建立连接
2019-08-12 11:52:06:593 与OPC Server建立连接失败
2019-08-12 11:52:12:641 One or more errors occurred.
2019-08-12 11:52:12:953 尝试与OPC Server建立连接
2019-08-12 11:52:13:047 与OPC Server建立连接失败
2019-08-12 11:52:19:105 One or more errors occurred.
2019-08-12 11:52:19:386 尝试与OPC Server建立连接
2019-08-12 11:52:19:589 与OPC Server建立连接失败
2019-08-12 11:52:25:621 One or more errors occurred.
2019-08-12 11:52:25:731 尝试与OPC Server建立连接
2019-08-12 11:52:25:949 与OPC Server建立连接失败
2019-08-12 11:52:31:981 One or more errors occurred.
2019-08-12 11:52:32:044 尝试与OPC Server建立连接
2019-08-12 11:52:32:059 与OPC Server建立连接失败
2019-08-12 11:52:38:107 One or more errors occurred.
2019-08-12 11:52:38:107 尝试与OPC Server建立连接
2019-08-12 11:52:38:122 与OPC Server建立连接失败
2019-08-12 11:52:44:154 One or more errors occurred.
2019-08-12 11:52:44:264 尝试与OPC Server建立连接
2019-08-12 11:52:46:123 与OPC Server建立连接失败
2019-08-12 11:52:52:171 One or more errors occurred.
2019-08-12 11:52:52:874 尝试与OPC Server建立连接
2019-08-12 11:52:53:890 与OPC Server建立连接失败
2019-08-12 11:52:59:921 One or more errors occurred.
2019-08-12 11:53:00:046 尝试与OPC Server建立连接
2019-08-12 11:53:00:046 与OPC Server建立连接失败
2019-08-12 11:53:06:094 One or more errors occurred.
2019-08-12 11:53:06:282 尝试与OPC Server建立连接
2019-08-12 11:53:06:485 与OPC Server建立连接失败
2019-08-12 11:53:12:501 One or more errors occurred.
2019-08-12 11:53:12:641 尝试与OPC Server建立连接
2019-08-12 11:53:12:845 与OPC Server建立连接失败
2019-08-12 11:53:18:872 One or more errors occurred.
2019-08-12 11:53:18:982 尝试与OPC Server建立连接
2019-08-12 11:53:19:044 与OPC Server建立连接失败
2019-08-12 11:53:25:092 One or more errors occurred.
2019-08-12 11:53:25:092 尝试与OPC Server建立连接
2019-08-12 11:53:25:107 与OPC Server建立连接失败
2019-08-12 11:53:31:155 One or more errors occurred.
2019-08-12 11:53:31:264 尝试与OPC Server建立连接
2019-08-12 11:53:31:780 与OPC Server建立连接失败
2019-08-12 11:53:37:827 One or more errors occurred.
2019-08-12 11:53:37:921 尝试与OPC Server建立连接
2019-08-12 11:53:38:046 与OPC Server建立连接失败
2019-08-12 11:53:44:078 One or more errors occurred.
2019-08-12 11:53:44:281 尝试与OPC Server建立连接
2019-08-12 11:53:44:484 与OPC Server建立连接失败
2019-08-12 11:53:50:516 One or more errors occurred.
2019-08-12 11:53:50:626 尝试与OPC Server建立连接
2019-08-12 11:53:51:047 与OPC Server建立连接失败
2019-08-12 11:53:57:079 One or more errors occurred.
2019-08-12 11:53:57:486 尝试与OPC Server建立连接
2019-08-12 11:53:57:689 与OPC Server建立连接失败
2019-08-12 11:54:03:721 One or more errors occurred.
2019-08-12 11:54:03:830 尝试与OPC Server建立连接
2019-08-12 11:54:04:033 与OPC Server建立连接失败
2019-08-12 11:54:10:081 One or more errors occurred.
2019-08-12 11:54:10:174 尝试与OPC Server建立连接
2019-08-12 11:54:10:393 与OPC Server建立连接失败
2019-08-12 11:54:16:435 One or more errors occurred.
2019-08-12 11:54:16:732 尝试与OPC Server建立连接
2019-08-12 11:54:16:951 与OPC Server建立连接失败
2019-08-12 11:54:22:967 One or more errors occurred.
2019-08-12 11:54:23:045 尝试与OPC Server建立连接
2019-08-12 11:54:23:061 与OPC Server建立连接失败
2019-08-12 11:54:29:108 One or more errors occurred.
2019-08-12 11:54:29:108 尝试与OPC Server建立连接
2019-08-12 11:54:29:124 与OPC Server建立连接失败
2019-08-12 11:54:35:156 One or more errors occurred.
2019-08-12 11:54:35:375 尝试与OPC Server建立连接
2019-08-12 11:54:35:578 与OPC Server建立连接失败
2019-08-12 11:54:41:625 One or more errors occurred.
2019-08-12 11:54:41:828 尝试与OPC Server建立连接
2019-08-12 11:54:42:032 与OPC Server建立连接失败
2019-08-12 11:54:48:079 One or more errors occurred.
2019-08-12 11:54:48:282 尝试与OPC Server建立连接
2019-08-12 11:54:48:486 与OPC Server建立连接失败
2019-08-12 11:54:54:502 One or more errors occurred.
2019-08-12 11:54:54:627 尝试与OPC Server建立连接
2019-08-12 11:54:54:830 与OPC Server建立连接失败
2019-08-12 11:55:00:862 One or more errors occurred.
2019-08-12 11:55:00:971 尝试与OPC Server建立连接
2019-08-12 11:55:01:050 与OPC Server建立连接失败
2019-08-12 11:55:07:097 One or more errors occurred.
2019-08-12 11:55:07:097 尝试与OPC Server建立连接
2019-08-12 11:55:07:113 与OPC Server建立连接失败
2019-08-12 11:55:13:160 One or more errors occurred.
2019-08-12 11:55:13:254 尝试与OPC Server建立连接
2019-08-12 11:55:13:473 与OPC Server建立连接失败
2019-08-12 11:55:19:499 One or more errors occurred.
2019-08-12 11:55:19:608 尝试与OPC Server建立连接
2019-08-12 11:55:19:812 与OPC Server建立连接失败
2019-08-12 11:55:25:843 One or more errors occurred.
2019-08-12 11:55:25:953 尝试与OPC Server建立连接
2019-08-12 11:55:26:046 与OPC Server建立连接失败
2019-08-12 11:55:32:078 One or more errors occurred.
2019-08-12 11:55:32:094 尝试与OPC Server建立连接
2019-08-12 11:55:32:094 与OPC Server建立连接失败
2019-08-12 11:55:38:126 One or more errors occurred.
2019-08-12 11:55:38:345 尝试与OPC Server建立连接
2019-08-12 11:55:38:657 与OPC Server建立连接失败
2019-08-12 11:55:44:705 One or more errors occurred.
2019-08-12 11:55:44:908 尝试与OPC Server建立连接
2019-08-12 11:55:45:049 与OPC Server建立连接失败
2019-08-12 11:55:51:096 One or more errors occurred.
2019-08-12 11:55:51:252 尝试与OPC Server建立连接
2019-08-12 11:55:51:361 与OPC Server建立连接失败
2019-08-12 11:55:57:394 One or more errors occurred.
2019-08-12 11:55:57:503 尝试与OPC Server建立连接
2019-08-12 11:55:57:612 与OPC Server建立连接失败
2019-08-12 11:56:03:660 One or more errors occurred.
2019-08-12 11:56:03:848 尝试与OPC Server建立连接
2019-08-12 11:56:04:050 与OPC Server建立连接失败
2019-08-12 11:56:10:098 One or more errors occurred.
2019-08-12 11:56:10:192 尝试与OPC Server建立连接
2019-08-12 11:56:10:301 与OPC Server建立连接失败
2019-08-12 11:56:16:328 One or more errors occurred.
2019-08-12 11:56:16:437 尝试与OPC Server建立连接
2019-08-12 11:56:16:656 与OPC Server建立连接失败
2019-08-12 11:56:22:688 One or more errors occurred.
2019-08-12 11:56:22:891 尝试与OPC Server建立连接
2019-08-12 11:56:23:047 与OPC Server建立连接失败
2019-08-12 11:56:29:095 One or more errors occurred.
2019-08-12 11:56:29:095 尝试与OPC Server建立连接
2019-08-12 11:56:29:251 与OPC Server建立连接失败
2019-08-12 11:56:35:267 One or more errors occurred.
2019-08-12 11:56:35:392 尝试与OPC Server建立连接
2019-08-12 11:56:35:595 与OPC Server建立连接失败
2019-08-12 11:56:41:627 One or more errors occurred.
2019-08-12 11:56:41:940 尝试与OPC Server建立连接
2019-08-12 11:56:42:252 与OPC Server建立连接失败
2019-08-12 11:56:48:287 One or more errors occurred.
2019-08-12 11:56:48:396 尝试与OPC Server建立连接
2019-08-12 11:56:48:803 与OPC Server建立连接失败
2019-08-12 11:56:54:840 One or more errors occurred.
2019-08-12 11:56:54:949 尝试与OPC Server建立连接
2019-08-12 11:56:55:043 与OPC Server建立连接失败
2019-08-12 11:57:01:075 One or more errors occurred.
2019-08-12 11:57:01:075 尝试与OPC Server建立连接
2019-08-12 11:57:01:091 与OPC Server建立连接失败
2019-08-12 11:57:07:123 One or more errors occurred.
2019-08-12 11:57:07:123 尝试与OPC Server建立连接
2019-08-12 11:57:07:138 与OPC Server建立连接失败
2019-08-12 11:57:13:170 One or more errors occurred.
2019-08-12 11:57:13:279 尝试与OPC Server建立连接
2019-08-12 11:57:13:373 与OPC Server建立连接失败
2019-08-12 11:57:19:407 One or more errors occurred.
2019-08-12 11:57:19:626 尝试与OPC Server建立连接
2019-08-12 11:57:19:939 与OPC Server建立连接失败
2019-08-12 11:57:25:971 One or more errors occurred.
2019-08-12 11:57:26:048 尝试与OPC Server建立连接
2019-08-12 11:57:26:048 与OPC Server建立连接失败
2019-08-12 11:57:32:081 One or more errors occurred.
2019-08-12 11:57:32:096 尝试与OPC Server建立连接
2019-08-12 11:57:32:112 与OPC Server建立连接失败
2019-08-12 11:57:38:159 One or more errors occurred.
2019-08-12 11:57:38:268 尝试与OPC Server建立连接
2019-08-12 11:57:38:472 与OPC Server建立连接失败
2019-08-12 11:57:44:519 One or more errors occurred.
2019-08-12 11:57:44:707 尝试与OPC Server建立连接
2019-08-12 11:57:44:910 与OPC Server建立连接失败
2019-08-12 11:57:50:942 One or more errors occurred.
2019-08-12 11:57:51:051 尝试与OPC Server建立连接
2019-08-12 11:57:51:051 与OPC Server建立连接失败
2019-08-12 11:57:57:083 One or more errors occurred.
2019-08-12 11:57:57:083 尝试与OPC Server建立连接
2019-08-12 11:57:57:099 与OPC Server建立连接失败
2019-08-12 11:58:03:146 One or more errors occurred.
2019-08-12 11:58:03:349 尝试与OPC Server建立连接
2019-08-12 11:58:03:662 与OPC Server建立连接失败
2019-08-12 11:58:09:709 One or more errors occurred.
2019-08-12 11:58:09:897 尝试与OPC Server建立连接
2019-08-12 11:58:10:053 与OPC Server建立连接失败
2019-08-12 11:58:16:080 One or more errors occurred.
2019-08-12 11:58:16:252 尝试与OPC Server建立连接
2019-08-12 11:58:16:361 与OPC Server建立连接失败
2019-08-12 11:58:22:393 One or more errors occurred.
2019-08-12 11:58:22:502 尝试与OPC Server建立连接
2019-08-12 11:58:22:705 与OPC Server建立连接失败
2019-08-12 11:58:28:738 One or more errors occurred.
2019-08-12 11:58:28:847 尝试与OPC Server建立连接
2019-08-12 11:58:29:050 与OPC Server建立连接失败
2019-08-12 11:58:35:060 One or more errors occurred.
2019-08-12 11:58:35:073 尝试与OPC Server建立连接
2019-08-12 11:58:35:081 与OPC Server建立连接失败
2019-08-12 11:58:41:084 One or more errors occurred.
2019-08-12 11:58:41:092 尝试与OPC Server建立连接
2019-08-12 11:58:41:100 与OPC Server建立连接失败
2019-08-12 11:58:47:147 One or more errors occurred.
2019-08-12 11:58:47:287 尝试与OPC Server建立连接
2019-08-12 11:58:47:584 与OPC Server建立连接失败
2019-08-12 11:58:53:632 One or more errors occurred.
2019-08-12 11:58:53:835 尝试与OPC Server建立连接
2019-08-12 11:58:54:038 与OPC Server建立连接失败
2019-08-12 11:59:00:070 One or more errors occurred.
2019-08-12 11:59:00:070 尝试与OPC Server建立连接
2019-08-12 11:59:00:180 与OPC Server建立连接失败
2019-08-12 11:59:06:196 One or more errors occurred.
2019-08-12 11:59:06:336 尝试与OPC Server建立连接
2019-08-12 11:59:06:633 与OPC Server建立连接失败
2019-08-12 11:59:12:665 One or more errors occurred.
2019-08-12 11:59:12:790 尝试与OPC Server建立连接
2019-08-12 11:59:12:978 与OPC Server建立连接失败
2019-08-12 11:59:19:029 One or more errors occurred.
2019-08-12 11:59:19:060 尝试与OPC Server建立连接
2019-08-12 11:59:19:076 与OPC Server建立连接失败
2019-08-12 11:59:25:123 One or more errors occurred.
2019-08-12 11:59:25:264 尝试与OPC Server建立连接
2019-08-12 11:59:25:483 与OPC Server建立连接失败
2019-08-12 11:59:31:530 One or more errors occurred.
2019-08-12 11:59:31:827 尝试与OPC Server建立连接
2019-08-12 11:59:32:030 与OPC Server建立连接失败
2019-08-12 11:59:38:047 One or more errors occurred.
2019-08-12 11:59:38:062 尝试与OPC Server建立连接
2019-08-12 11:59:38:172 与OPC Server建立连接失败
2019-08-12 11:59:44:219 One or more errors occurred.
2019-08-12 11:59:44:328 尝试与OPC Server建立连接
2019-08-12 11:59:44:516 与OPC Server建立连接失败
2019-08-12 11:59:50:563 One or more errors occurred.
2019-08-12 11:59:50:563 尝试与OPC Server建立连接
2019-08-12 11:59:50:767 与OPC Server建立连接失败
2019-08-12 11:59:56:799 One or more errors occurred.
2019-08-12 11:59:57:018 尝试与OPC Server建立连接
2019-08-12 11:59:57:080 与OPC Server建立连接失败
