2019-08-06 15:08:33:517 One or more errors occurred.
2019-08-06 15:08:33:887 尝试与OPC Server建立连接
2019-08-06 15:08:33:899 与OPC Server建立连接失败
2019-08-06 15:08:39:904 One or more errors occurred.
2019-08-06 15:08:39:938 尝试与OPC Server建立连接
2019-08-06 15:08:39:958 与OPC Server建立连接失败
2019-08-06 15:08:45:962 One or more errors occurred.
2019-08-06 15:08:45:970 尝试与OPC Server建立连接
2019-08-06 15:08:45:981 与OPC Server建立连接失败
2019-08-06 15:08:51:984 One or more errors occurred.
2019-08-06 15:08:51:998 尝试与OPC Server建立连接
2019-08-06 15:08:52:006 与OPC Server建立连接失败
2019-08-06 15:08:58:007 One or more errors occurred.
2019-08-06 15:08:58:015 尝试与OPC Server建立连接
2019-08-06 15:08:58:025 与OPC Server建立连接失败
2019-08-06 15:09:04:031 One or more errors occurred.
2019-08-06 15:09:04:044 尝试与OPC Server建立连接
2019-08-06 15:09:04:055 与OPC Server建立连接失败
2019-08-06 15:09:10:059 One or more errors occurred.
2019-08-06 15:09:10:068 尝试与OPC Server建立连接
2019-08-06 15:09:10:077 与OPC Server建立连接失败
2019-08-06 15:09:16:083 One or more errors occurred.
2019-08-06 15:09:16:094 尝试与OPC Server建立连接
2019-08-06 15:09:16:103 与OPC Server建立连接失败
2019-08-06 15:09:22:109 One or more errors occurred.
2019-08-06 15:09:22:120 尝试与OPC Server建立连接
2019-08-06 15:09:22:132 与OPC Server建立连接失败
2019-08-06 15:09:28:136 One or more errors occurred.
2019-08-06 15:09:28:145 尝试与OPC Server建立连接
2019-08-06 15:09:28:155 与OPC Server建立连接失败
2019-08-06 15:09:34:160 One or more errors occurred.
2019-08-06 15:09:34:166 尝试与OPC Server建立连接
2019-08-06 15:09:34:172 与OPC Server建立连接失败
2019-08-06 15:09:40:178 One or more errors occurred.
2019-08-06 15:09:40:197 尝试与OPC Server建立连接
2019-08-06 15:09:40:221 与OPC Server建立连接失败
2019-08-06 15:09:46:234 One or more errors occurred.
2019-08-06 15:09:46:259 尝试与OPC Server建立连接
2019-08-06 15:09:46:269 与OPC Server建立连接失败
2019-08-06 15:09:52:275 One or more errors occurred.
2019-08-06 15:09:52:284 尝试与OPC Server建立连接
2019-08-06 15:09:52:291 与OPC Server建立连接失败
2019-08-06 15:09:58:296 One or more errors occurred.
2019-08-06 15:09:58:310 尝试与OPC Server建立连接
2019-08-06 15:09:58:319 与OPC Server建立连接失败
2019-08-06 15:10:04:323 One or more errors occurred.
2019-08-06 15:10:04:332 尝试与OPC Server建立连接
2019-08-06 15:10:04:342 与OPC Server建立连接失败
2019-08-06 15:10:10:345 One or more errors occurred.
2019-08-06 15:10:10:354 尝试与OPC Server建立连接
2019-08-06 15:10:10:364 与OPC Server建立连接失败
2019-08-06 15:10:16:371 One or more errors occurred.
2019-08-06 15:10:16:383 尝试与OPC Server建立连接
2019-08-06 15:10:16:393 与OPC Server建立连接失败
2019-08-06 15:10:22:396 One or more errors occurred.
2019-08-06 15:10:22:404 尝试与OPC Server建立连接
2019-08-06 15:10:22:412 与OPC Server建立连接失败
2019-08-06 15:10:28:415 One or more errors occurred.
2019-08-06 15:10:28:424 尝试与OPC Server建立连接
2019-08-06 15:10:28:435 与OPC Server建立连接失败
2019-08-06 15:10:34:439 One or more errors occurred.
2019-08-06 15:10:34:447 尝试与OPC Server建立连接
2019-08-06 15:10:34:457 与OPC Server建立连接失败
2019-08-06 15:10:40:464 One or more errors occurred.
2019-08-06 15:10:40:479 尝试与OPC Server建立连接
2019-08-06 15:10:40:508 与OPC Server建立连接失败
2019-08-06 15:10:46:511 One or more errors occurred.
2019-08-06 15:10:46:520 尝试与OPC Server建立连接
2019-08-06 15:10:46:527 与OPC Server建立连接失败
2019-08-06 15:10:52:533 One or more errors occurred.
2019-08-06 15:10:52:553 尝试与OPC Server建立连接
2019-08-06 15:10:52:568 与OPC Server建立连接失败
2019-08-06 15:10:58:572 One or more errors occurred.
2019-08-06 15:10:58:579 尝试与OPC Server建立连接
2019-08-06 15:10:58:593 与OPC Server建立连接失败
2019-08-06 15:11:04:595 One or more errors occurred.
2019-08-06 15:11:04:604 尝试与OPC Server建立连接
2019-08-06 15:11:04:618 与OPC Server建立连接失败
2019-08-06 15:11:10:622 One or more errors occurred.
2019-08-06 15:11:10:638 尝试与OPC Server建立连接
2019-08-06 15:11:10:647 与OPC Server建立连接失败
2019-08-06 15:11:14:612 尝试与OPC Server建立连接
2019-08-06 15:11:14:620 与OPC Server建立连接成功
2019-08-06 15:11:17:638 Object reference not set to an instance of an object.
2019-08-06 15:11:17:641 Unable to cast object of type 'System.String' to type 'System.Byte[]'.
2019-08-06 15:11:20:645 Bad
2019-08-06 15:11:23:639 Value cannot be null.
Parameter name: first
2019-08-06 15:11:26:640 Bad
2019-08-06 15:11:29:640 Value cannot be null.
Parameter name: first
2019-08-06 15:11:32:642 Bad
2019-08-06 15:11:34:862 断开与OPC Server的连接
2019-08-06 15:11:35:395 尝试与OPC Server建立连接
2019-08-06 15:11:35:420 与OPC Server建立连接成功
2019-08-06 15:11:38:431 Object reference not set to an instance of an object.
2019-08-06 15:11:38:432 Unable to cast object of type 'System.String' to type 'System.Byte[]'.
2019-08-06 15:11:41:431 Bad
2019-08-06 15:11:44:433 Object reference not set to an instance of an object.
2019-08-06 15:11:47:437 Bad
2019-08-06 15:11:50:437 Object reference not set to an instance of an object.
2019-08-06 15:11:53:438 Bad
2019-08-06 15:11:55:892 断开与OPC Server的连接
2019-08-06 15:11:56:430 尝试与OPC Server建立连接
2019-08-06 15:11:56:437 与OPC Server建立连接成功
2019-08-06 15:11:59:447 Value cannot be null.
Parameter name: first
2019-08-06 15:11:59:448 Unable to cast object of type 'System.String' to type 'System.Byte[]'.
2019-08-06 15:12:02:449 Bad
2019-08-06 15:12:05:450 Value cannot be null.
Parameter name: first
2019-08-06 15:12:08:453 Bad
2019-08-06 15:12:11:453 Object reference not set to an instance of an object.
2019-08-06 15:12:14:454 Bad
2019-08-06 15:12:16:938 断开与OPC Server的连接
2019-08-06 15:12:17:513 尝试与OPC Server建立连接
2019-08-06 15:12:17:520 与OPC Server建立连接成功
2019-08-06 15:12:20:527 Value cannot be null.
Parameter name: first
2019-08-06 15:12:20:528 Unable to cast object of type 'System.String' to type 'System.Byte[]'.
2019-08-06 15:12:23:530 Bad
2019-08-06 15:12:26:530 Unable to cast object of type 'System.String' to type 'System.Byte[]'.
2019-08-06 15:12:29:530 Bad
2019-08-06 15:12:32:531 Value cannot be null.
Parameter name: first
2019-08-06 15:12:35:532 Bad
2019-08-06 15:12:37:990 断开与OPC Server的连接
2019-08-06 15:12:38:841 尝试与OPC Server建立连接
2019-08-06 15:12:38:963 与OPC Server建立连接成功
2019-08-06 15:12:41:743 Bad
2019-08-06 15:12:44:745 Value cannot be null.
Parameter name: first
2019-08-06 15:12:44:746 Unable to cast object of type 'System.String' to type 'System.Byte[]'.
2019-08-06 15:12:47:746 Bad
2019-08-06 15:12:50:747 Object reference not set to an instance of an object.
2019-08-06 15:12:53:748 Bad
2019-08-06 15:12:56:749 Object reference not set to an instance of an object.
2019-08-06 15:12:58:967 BadSessionClosed
2019-08-06 15:12:59:038 断开与OPC Server的连接
2019-08-06 15:12:59:566 尝试与OPC Server建立连接
2019-08-06 15:12:59:575 与OPC Server建立连接成功
2019-08-06 15:13:02:750 Object reference not set to an instance of an object.
2019-08-06 15:13:02:751 Unable to cast object of type 'System.String' to type 'System.Byte[]'.
2019-08-06 15:13:05:751 Bad
2019-08-06 15:13:08:751 Unable to cast object of type 'System.String' to type 'System.Byte[]'.
2019-08-06 15:13:11:751 Bad
2019-08-06 15:13:14:751 Object reference not set to an instance of an object.
2019-08-06 15:13:14:752 Unable to cast object of type 'System.String' to type 'System.Byte[]'.
2019-08-06 15:13:17:754 Bad
2019-08-06 15:13:20:068 断开与OPC Server的连接
2019-08-06 15:13:20:605 尝试与OPC Server建立连接
2019-08-06 15:13:20:623 与OPC Server建立连接成功
2019-08-06 15:13:23:635 Object reference not set to an instance of an object.
2019-08-06 15:13:23:637 Unable to cast object of type 'System.String' to type 'System.Byte[]'.
2019-08-06 15:13:26:638 Bad
2019-08-06 15:13:29:636 Object reference not set to an instance of an object.
2019-08-06 15:13:32:638 Bad
2019-08-06 15:13:35:639 Object reference not set to an instance of an object.
2019-08-06 15:13:35:639 Unable to cast object of type 'System.String' to type 'System.Byte[]'.
2019-08-06 15:13:38:640 Bad
2019-08-06 15:13:41:105 断开与OPC Server的连接
2019-08-06 15:13:41:634 尝试与OPC Server建立连接
2019-08-06 15:13:41:649 与OPC Server建立连接成功
2019-08-06 15:13:44:653 Value cannot be null.
Parameter name: first
2019-08-06 15:13:47:654 Bad
2019-08-06 15:13:50:658 Object reference not set to an instance of an object.
2019-08-06 15:13:50:659 Value cannot be null.
Parameter name: first
2019-08-06 15:13:50:662 Unable to cast object of type 'System.String' to type 'System.Byte[]'.
2019-08-06 15:13:53:658 Bad
2019-08-06 15:13:56:657 Object reference not set to an instance of an object.
2019-08-06 15:13:56:658 Unable to cast object of type 'System.String' to type 'System.Byte[]'.
2019-08-06 15:13:59:659 Bad
2019-08-06 15:14:02:663 Value cannot be null.
Parameter name: first
2019-08-06 15:14:05:662 Bad
2019-08-06 15:14:07:145 断开与OPC Server的连接
2019-08-06 15:14:07:674 尝试与OPC Server建立连接
2019-08-06 15:14:07:682 与OPC Server建立连接成功
2019-08-06 15:14:10:692 Value cannot be null.
Parameter name: first
2019-08-06 15:14:10:692 Unable to cast object of type 'System.String' to type 'System.Byte[]'.
2019-08-06 15:14:13:694 Bad
2019-08-06 15:14:16:696 Object reference not set to an instance of an object.
2019-08-06 15:14:19:696 Bad
2019-08-06 15:14:22:698 Object reference not set to an instance of an object.
2019-08-06 15:14:25:699 Bad
2019-08-06 15:14:28:179 断开与OPC Server的连接
2019-08-06 15:14:28:723 尝试与OPC Server建立连接
2019-08-06 15:14:28:733 与OPC Server建立连接成功
2019-08-06 15:14:31:738 Object reference not set to an instance of an object.
2019-08-06 15:14:34:738 Bad
2019-08-06 15:14:37:739 Object reference not set to an instance of an object.
2019-08-06 15:14:37:740 Unable to cast object of type 'System.String' to type 'System.Byte[]'.
2019-08-06 15:14:40:743 Bad
2019-08-06 15:14:43:742 Object reference not set to an instance of an object.
2019-08-06 15:14:43:743 Unable to cast object of type 'System.String' to type 'System.Byte[]'.
2019-08-06 15:14:46:744 Bad
2019-08-06 15:14:49:209 断开与OPC Server的连接
2019-08-06 15:14:49:738 尝试与OPC Server建立连接
2019-08-06 15:14:49:748 与OPC Server建立连接成功
2019-08-06 15:14:52:753 Value cannot be null.
Parameter name: first
2019-08-06 15:14:52:754 Unable to cast object of type 'System.String' to type 'System.Byte[]'.
2019-08-06 15:14:55:756 Bad
2019-08-06 15:14:58:757 Object reference not set to an instance of an object.
2019-08-06 15:14:58:759 Unable to cast object of type 'System.String' to type 'System.Byte[]'.
2019-08-06 15:15:01:759 Bad
2019-08-06 15:15:04:761 Object reference not set to an instance of an object.
2019-08-06 15:15:07:761 Bad
2019-08-06 15:15:10:247 断开与OPC Server的连接
2019-08-06 15:15:10:780 尝试与OPC Server建立连接
2019-08-06 15:15:10:788 与OPC Server建立连接成功
2019-08-06 15:15:13:792 Object reference not set to an instance of an object.
2019-08-06 15:15:16:792 Bad
2019-08-06 15:15:19:793 Object reference not set to an instance of an object.
2019-08-06 15:15:19:794 Unable to cast object of type 'System.String' to type 'System.Byte[]'.
2019-08-06 15:15:22:794 Bad
2019-08-06 15:15:25:794 Object reference not set to an instance of an object.
2019-08-06 15:15:28:796 Bad
2019-08-06 15:15:31:797 Object reference not set to an instance of an object.
2019-08-06 15:15:31:799 Unable to cast object of type 'System.String' to type 'System.Byte[]'.
2019-08-06 15:15:34:798 Bad
2019-08-06 15:15:36:283 断开与OPC Server的连接
2019-08-06 15:15:36:817 尝试与OPC Server建立连接
2019-08-06 15:15:36:828 与OPC Server建立连接成功
2019-08-06 15:15:39:834 Value cannot be null.
Parameter name: first
2019-08-06 15:15:39:837 Object reference not set to an instance of an object.
2019-08-06 15:15:42:837 Bad
2019-08-06 15:15:45:838 Object reference not set to an instance of an object.
2019-08-06 15:15:45:838 Unable to cast object of type 'System.String' to type 'System.Byte[]'.
2019-08-06 15:15:48:838 Bad
2019-08-06 15:15:51:842 Object reference not set to an instance of an object.
2019-08-06 15:15:54:843 Bad
2019-08-06 15:15:57:317 断开与OPC Server的连接
2019-08-06 15:15:57:846 尝试与OPC Server建立连接
2019-08-06 15:15:57:853 与OPC Server建立连接成功
2019-08-06 15:16:00:866 Value cannot be null.
Parameter name: first
2019-08-06 15:16:00:868 Unable to cast object of type 'System.String' to type 'System.Byte[]'.
2019-08-06 15:16:03:866 Bad
2019-08-06 15:16:06:869 Object reference not set to an instance of an object.
2019-08-06 15:16:06:870 Unable to cast object of type 'System.String' to type 'System.Byte[]'.
2019-08-06 15:16:09:869 Bad
2019-08-06 15:16:12:869 Object reference not set to an instance of an object.
2019-08-06 15:16:15:872 Bad
2019-08-06 15:16:18:366 断开与OPC Server的连接
2019-08-06 15:16:18:900 尝试与OPC Server建立连接
2019-08-06 15:16:18:909 与OPC Server建立连接成功
2019-08-06 15:16:21:918 Value cannot be null.
Parameter name: first
2019-08-06 15:16:21:919 Unable to cast object of type 'System.String' to type 'System.Byte[]'.
2019-08-06 15:16:24:921 Bad
2019-08-06 15:16:27:923 Object reference not set to an instance of an object.
2019-08-06 15:16:27:925 Unable to cast object of type 'System.String' to type 'System.Byte[]'.
2019-08-06 15:16:30:925 Bad
2019-08-06 15:16:33:925 Object reference not set to an instance of an object.
2019-08-06 15:16:33:925 Unable to cast object of type 'System.String' to type 'System.Byte[]'.
2019-08-06 15:16:36:926 Bad
2019-08-06 15:16:39:396 断开与OPC Server的连接
2019-08-06 15:16:39:928 尝试与OPC Server建立连接
2019-08-06 15:16:39:938 与OPC Server建立连接成功
2019-08-06 15:16:42:948 Value cannot be null.
Parameter name: first
2019-08-06 15:16:42:948 Unable to cast object of type 'System.String' to type 'System.Byte[]'.
2019-08-06 15:16:45:951 Bad
2019-08-06 15:16:48:953 Object reference not set to an instance of an object.
2019-08-06 15:16:48:955 Value cannot be null.
Parameter name: first
2019-08-06 15:16:51:953 Bad
2019-08-06 15:16:54:952 Object reference not set to an instance of an object.
2019-08-06 15:16:57:955 Bad
2019-08-06 15:17:00:426 断开与OPC Server的连接
2019-08-06 15:17:00:966 尝试与OPC Server建立连接
2019-08-06 15:17:01:008 与OPC Server建立连接成功
2019-08-06 15:17:04:018 Value cannot be null.
Parameter name: first
2019-08-06 15:17:04:021 Unable to cast object of type 'System.String' to type 'System.Byte[]'.
2019-08-06 15:17:07:017 Bad
2019-08-06 15:17:10:017 Object reference not set to an instance of an object.
2019-08-06 15:17:10:017 Unable to cast object of type 'System.String' to type 'System.Byte[]'.
2019-08-06 15:17:13:017 Bad
2019-08-06 15:17:16:020 Object reference not set to an instance of an object.
2019-08-06 15:17:19:022 Bad
2019-08-06 15:17:21:460 断开与OPC Server的连接
2019-08-06 15:17:21:991 尝试与OPC Server建立连接
2019-08-06 15:17:21:998 与OPC Server建立连接成功
2019-08-06 15:17:25:005 Value cannot be null.
Parameter name: first
2019-08-06 15:17:28:006 Bad
2019-08-06 15:17:31:010 Object reference not set to an instance of an object.
2019-08-06 15:17:34:011 Bad
2019-08-06 15:17:37:011 Object reference not set to an instance of an object.
2019-08-06 15:17:40:014 Bad
2019-08-06 15:17:42:499 断开与OPC Server的连接
2019-08-06 15:17:43:044 尝试与OPC Server建立连接
2019-08-06 15:17:43:054 与OPC Server建立连接成功
2019-08-06 15:17:46:058 Value cannot be null.
Parameter name: first
2019-08-06 15:17:49:060 Bad
2019-08-06 15:17:52:062 Object reference not set to an instance of an object.
2019-08-06 15:17:52:064 Unable to cast object of type 'System.String' to type 'System.Byte[]'.
2019-08-06 15:17:55:063 Bad
2019-08-06 15:17:58:066 Object reference not set to an instance of an object.
2019-08-06 15:18:01:067 Bad
2019-08-06 15:18:03:529 断开与OPC Server的连接
2019-08-06 15:18:04:059 尝试与OPC Server建立连接
2019-08-06 15:18:04:066 与OPC Server建立连接成功
2019-08-06 15:18:07:076 Object reference not set to an instance of an object.
2019-08-06 15:18:10:078 Bad
2019-08-06 15:18:13:079 Value cannot be null.
Parameter name: first
2019-08-06 15:18:16:081 Bad
2019-08-06 15:18:19:080 Object reference not set to an instance of an object.
2019-08-06 15:18:22:081 Bad
2019-08-06 15:18:24:569 断开与OPC Server的连接
2019-08-06 15:18:25:096 尝试与OPC Server建立连接
2019-08-06 15:18:25:105 与OPC Server建立连接成功
2019-08-06 15:18:28:119 Object reference not set to an instance of an object.
2019-08-06 15:18:28:121 Unable to cast object of type 'System.String' to type 'System.Byte[]'.
2019-08-06 15:18:31:121 Bad
2019-08-06 15:18:34:121 Object reference not set to an instance of an object.
2019-08-06 15:18:37:123 Bad
2019-08-06 15:18:40:124 Object reference not set to an instance of an object.
2019-08-06 15:18:43:125 Bad
2019-08-06 15:18:45:593 断开与OPC Server的连接
2019-08-06 15:18:46:121 尝试与OPC Server建立连接
2019-08-06 15:18:46:130 与OPC Server建立连接成功
2019-08-06 15:18:49:137 Value cannot be null.
Parameter name: first
2019-08-06 15:18:49:137 Unable to cast object of type 'System.String' to type 'System.Byte[]'.
2019-08-06 15:18:52:139 Bad
2019-08-06 15:18:55:141 Object reference not set to an instance of an object.
2019-08-06 15:18:55:143 Unable to cast object of type 'System.String' to type 'System.Byte[]'.
2019-08-06 15:18:58:143 Bad
2019-08-06 15:19:01:142 Object reference not set to an instance of an object.
2019-08-06 15:19:04:144 Bad
2019-08-06 15:19:06:633 断开与OPC Server的连接
2019-08-06 15:19:07:159 尝试与OPC Server建立连接
2019-08-06 15:19:07:167 与OPC Server建立连接成功
2019-08-06 15:19:10:172 Value cannot be null.
Parameter name: first
2019-08-06 15:19:13:175 Bad
2019-08-06 15:19:16:175 Object reference not set to an instance of an object.
2019-08-06 15:19:16:176 Unable to cast object of type 'System.String' to type 'System.Byte[]'.
2019-08-06 15:19:19:176 Bad
2019-08-06 15:19:22:179 Object reference not set to an instance of an object.
2019-08-06 15:19:25:179 Bad
2019-08-06 15:19:28:179 Value cannot be null.
Parameter name: first
2019-08-06 15:19:31:182 Bad
2019-08-06 15:19:32:673 断开与OPC Server的连接
2019-08-06 15:19:33:202 尝试与OPC Server建立连接
2019-08-06 15:19:33:209 与OPC Server建立连接成功
2019-08-06 15:19:36:214 Value cannot be null.
Parameter name: first
2019-08-06 15:19:36:215 Unable to cast object of type 'System.String' to type 'System.Byte[]'.
2019-08-06 15:19:39:214 Bad
2019-08-06 15:19:42:215 Object reference not set to an instance of an object.
2019-08-06 15:19:42:215 Unable to cast object of type 'System.String' to type 'System.Byte[]'.
2019-08-06 15:19:45:217 Bad
2019-08-06 15:19:48:218 Value cannot be null.
Parameter name: first
2019-08-06 15:19:51:219 Bad
2019-08-06 15:19:53:707 断开与OPC Server的连接
2019-08-06 15:19:54:237 尝试与OPC Server建立连接
2019-08-06 15:19:54:245 与OPC Server建立连接成功
2019-08-06 15:19:57:255 Value cannot be null.
Parameter name: first
2019-08-06 15:19:57:257 Unable to cast object of type 'System.String' to type 'System.Byte[]'.
2019-08-06 15:20:00:258 Bad
2019-08-06 15:20:03:257 Object reference not set to an instance of an object.
2019-08-06 15:20:06:258 Bad
2019-08-06 15:20:09:262 Object reference not set to an instance of an object.
2019-08-06 15:20:12:265 Bad
2019-08-06 15:20:14:748 断开与OPC Server的连接
2019-08-06 15:20:15:288 尝试与OPC Server建立连接
2019-08-06 15:20:15:299 与OPC Server建立连接成功
2019-08-06 15:20:18:308 Value cannot be null.
Parameter name: first
2019-08-06 15:20:18:309 Unable to cast object of type 'System.String' to type 'System.Byte[]'.
2019-08-06 15:20:21:307 Bad
2019-08-06 15:20:24:309 Object reference not set to an instance of an object.
2019-08-06 15:20:27:313 Bad
2019-08-06 15:20:30:313 Object reference not set to an instance of an object.
2019-08-06 15:20:30:314 Unable to cast object of type 'System.String' to type 'System.Byte[]'.
2019-08-06 15:20:33:316 Bad
2019-08-06 15:20:35:777 断开与OPC Server的连接
2019-08-06 15:20:36:304 尝试与OPC Server建立连接
2019-08-06 15:20:36:312 与OPC Server建立连接成功
2019-08-06 15:20:39:318 Object reference not set to an instance of an object.
2019-08-06 15:20:42:319 Bad
2019-08-06 15:20:45:318 Value cannot be null.
Parameter name: first
2019-08-06 15:20:48:320 Bad
2019-08-06 15:20:51:323 Value cannot be null.
Parameter name: first
2019-08-06 15:20:54:324 Bad
2019-08-06 15:20:56:813 断开与OPC Server的连接
2019-08-06 15:20:57:350 尝试与OPC Server建立连接
2019-08-06 15:20:57:361 与OPC Server建立连接成功
2019-08-06 15:21:00:366 Object reference not set to an instance of an object.
2019-08-06 15:21:03:367 Bad
2019-08-06 15:21:06:370 Value cannot be null.
Parameter name: first
2019-08-06 15:21:09:370 Bad
2019-08-06 15:21:12:371 Value cannot be null.
Parameter name: first
2019-08-06 15:21:15:371 Bad
2019-08-06 15:21:17:844 断开与OPC Server的连接
2019-08-06 15:21:18:380 尝试与OPC Server建立连接
2019-08-06 15:21:18:389 与OPC Server建立连接成功
2019-08-06 15:21:21:396 Value cannot be null.
Parameter name: first
2019-08-06 15:21:21:397 Unable to cast object of type 'System.String' to type 'System.Byte[]'.
2019-08-06 15:21:24:398 Bad
2019-08-06 15:21:27:398 Object reference not set to an instance of an object.
2019-08-06 15:21:30:399 Bad
2019-08-06 15:21:33:400 Value cannot be null.
Parameter name: first
2019-08-06 15:21:36:400 Bad
2019-08-06 15:21:38:876 断开与OPC Server的连接
2019-08-06 15:21:39:408 尝试与OPC Server建立连接
2019-08-06 15:21:39:416 与OPC Server建立连接成功
2019-08-06 15:21:42:421 Value cannot be null.
Parameter name: first
2019-08-06 15:21:45:421 Bad
2019-08-06 15:21:48:421 Object reference not set to an instance of an object.
2019-08-06 15:21:48:421 Unable to cast object of type 'System.String' to type 'System.Byte[]'.
2019-08-06 15:21:51:422 Bad
2019-08-06 15:21:54:424 Value cannot be null.
Parameter name: first
2019-08-06 15:21:57:428 Bad
2019-08-06 15:22:00:427 Object reference not set to an instance of an object.
2019-08-06 15:22:03:427 Bad
2019-08-06 15:22:04:910 断开与OPC Server的连接
2019-08-06 15:22:05:440 尝试与OPC Server建立连接
2019-08-06 15:22:05:448 与OPC Server建立连接成功
2019-08-06 15:22:08:456 Object reference not set to an instance of an object.
2019-08-06 15:22:08:457 Unable to cast object of type 'System.String' to type 'System.Byte[]'.
2019-08-06 15:22:11:457 Bad
2019-08-06 15:22:14:459 Object reference not set to an instance of an object.
2019-08-06 15:22:17:460 Bad
2019-08-06 15:22:20:461 Object reference not set to an instance of an object.
2019-08-06 15:22:23:461 Bad
2019-08-06 15:22:25:954 断开与OPC Server的连接
2019-08-06 15:22:26:483 尝试与OPC Server建立连接
2019-08-06 15:22:26:491 与OPC Server建立连接成功
2019-08-06 15:22:29:495 Value cannot be null.
Parameter name: first
2019-08-06 15:22:32:495 Bad
2019-08-06 15:22:35:495 Object reference not set to an instance of an object.
2019-08-06 15:22:38:495 Bad
2019-08-06 15:22:41:498 Object reference not set to an instance of an object.
2019-08-06 15:22:44:498 Bad
2019-08-06 15:22:46:983 断开与OPC Server的连接
2019-08-06 15:22:47:530 尝试与OPC Server建立连接
2019-08-06 15:22:47:549 与OPC Server建立连接成功
2019-08-06 15:22:50:561 Object reference not set to an instance of an object.
2019-08-06 15:22:50:562 Unable to cast object of type 'System.String' to type 'System.Byte[]'.
2019-08-06 15:22:53:562 Bad
2019-08-06 15:22:56:566 Object reference not set to an instance of an object.
2019-08-06 15:22:59:566 Bad
2019-08-06 15:23:02:568 Object reference not set to an instance of an object.
2019-08-06 15:23:05:568 Bad
2019-08-06 15:23:08:015 断开与OPC Server的连接
2019-08-06 15:23:08:544 尝试与OPC Server建立连接
2019-08-06 15:23:08:561 与OPC Server建立连接成功
2019-08-06 15:23:11:573 Object reference not set to an instance of an object.
2019-08-06 15:23:11:573 Unable to cast object of type 'System.String' to type 'System.Byte[]'.
2019-08-06 15:23:14:574 Bad
2019-08-06 15:23:17:577 Object reference not set to an instance of an object.
2019-08-06 15:23:17:579 Unable to cast object of type 'System.String' to type 'System.Byte[]'.
2019-08-06 15:23:20:577 Bad
2019-08-06 15:23:23:578 Object reference not set to an instance of an object.
2019-08-06 15:23:26:578 Bad
2019-08-06 15:23:29:046 断开与OPC Server的连接
2019-08-06 15:23:29:576 尝试与OPC Server建立连接
2019-08-06 15:23:29:582 与OPC Server建立连接成功
2019-08-06 15:23:32:586 Value cannot be null.
Parameter name: first
2019-08-06 15:23:35:589 Bad
2019-08-06 15:23:38:590 Object reference not set to an instance of an object.
2019-08-06 15:23:41:591 Bad
2019-08-06 15:23:44:590 Value cannot be null.
Parameter name: first
2019-08-06 15:23:44:591 Unable to cast object of type 'System.String' to type 'System.Byte[]'.
2019-08-06 15:23:47:593 Bad
2019-08-06 15:23:50:593 Object reference not set to an instance of an object.
2019-08-06 15:23:50:594 Unable to cast object of type 'System.String' to type 'System.Byte[]'.
2019-08-06 15:23:53:593 Bad
2019-08-06 15:23:55:095 断开与OPC Server的连接
2019-08-06 15:23:55:628 尝试与OPC Server建立连接
2019-08-06 15:23:55:639 与OPC Server建立连接成功
2019-08-06 15:23:58:643 Value cannot be null.
Parameter name: first
2019-08-06 15:24:01:644 Bad
2019-08-06 15:24:04:645 Object reference not set to an instance of an object.
2019-08-06 15:24:07:646 Bad
2019-08-06 15:24:10:646 Object reference not set to an instance of an object.
2019-08-06 15:24:13:647 Bad
2019-08-06 15:24:16:122 断开与OPC Server的连接
2019-08-06 15:24:16:648 尝试与OPC Server建立连接
2019-08-06 15:24:16:656 与OPC Server建立连接成功
2019-08-06 15:24:19:668 Value cannot be null.
Parameter name: first
2019-08-06 15:24:19:670 Unable to cast object of type 'System.String' to type 'System.Byte[]'.
2019-08-06 15:24:22:667 Bad
2019-08-06 15:24:25:668 Object reference not set to an instance of an object.
2019-08-06 15:24:25:668 Unable to cast object of type 'System.String' to type 'System.Byte[]'.
2019-08-06 15:24:28:670 Bad
2019-08-06 15:24:31:669 Value cannot be null.
Parameter name: first
2019-08-06 15:24:31:670 Unable to cast object of type 'System.String' to type 'System.Byte[]'.
2019-08-06 15:24:34:672 Bad
2019-08-06 15:24:37:151 断开与OPC Server的连接
2019-08-06 15:24:37:679 尝试与OPC Server建立连接
2019-08-06 15:24:37:688 与OPC Server建立连接成功
2019-08-06 15:24:40:699 Value cannot be null.
Parameter name: first
2019-08-06 15:24:40:699 Unable to cast object of type 'System.String' to type 'System.Byte[]'.
2019-08-06 15:24:43:701 Bad
2019-08-06 15:24:46:700 Object reference not set to an instance of an object.
2019-08-06 15:24:49:700 Bad
2019-08-06 15:24:52:702 Object reference not set to an instance of an object.
2019-08-06 15:24:55:702 Bad
2019-08-06 15:24:58:182 断开与OPC Server的连接
2019-08-06 15:24:58:708 尝试与OPC Server建立连接
2019-08-06 15:24:58:717 与OPC Server建立连接成功
2019-08-06 15:25:01:729 Value cannot be null.
Parameter name: first
2019-08-06 15:25:01:731 Unable to cast object of type 'System.String' to type 'System.Byte[]'.
2019-08-06 15:25:04:727 Bad
2019-08-06 15:25:07:728 Object reference not set to an instance of an object.
2019-08-06 15:25:07:729 Unable to cast object of type 'System.String' to type 'System.Byte[]'.
2019-08-06 15:25:10:730 Bad
2019-08-06 15:25:13:733 Object reference not set to an instance of an object.
2019-08-06 15:25:13:735 Unable to cast object of type 'System.String' to type 'System.Byte[]'.
2019-08-06 15:25:16:735 Bad
2019-08-06 15:25:19:736 Value cannot be null.
Parameter name: first
2019-08-06 15:25:22:736 Bad
2019-08-06 15:25:24:219 断开与OPC Server的连接
2019-08-06 15:25:24:758 尝试与OPC Server建立连接
2019-08-06 15:25:24:765 与OPC Server建立连接成功
2019-08-06 15:25:27:749 Bad
2019-08-06 15:25:30:752 Value cannot be null.
Parameter name: first
2019-08-06 15:25:30:755 Unable to cast object of type 'System.String' to type 'System.Byte[]'.
2019-08-06 15:25:33:753 Bad
2019-08-06 15:25:36:756 Object reference not set to an instance of an object.
2019-08-06 15:25:39:756 Bad
2019-08-06 15:25:42:758 Object reference not set to an instance of an object.
2019-08-06 15:25:44:774 BadSessionClosed
2019-08-06 15:25:45:244 断开与OPC Server的连接
2019-08-06 15:25:45:775 尝试与OPC Server建立连接
2019-08-06 15:25:45:783 与OPC Server建立连接成功
2019-08-06 15:25:48:790 Value cannot be null.
Parameter name: first
2019-08-06 15:25:51:794 Bad
2019-08-06 15:25:54:792 Object reference not set to an instance of an object.
2019-08-06 15:25:57:794 Bad
2019-08-06 15:26:00:794 Value cannot be null.
Parameter name: first
2019-08-06 15:26:03:795 Bad
2019-08-06 15:26:06:277 断开与OPC Server的连接
2019-08-06 15:26:06:807 尝试与OPC Server建立连接
2019-08-06 15:26:06:817 与OPC Server建立连接成功
2019-08-06 15:26:09:827 Object reference not set to an instance of an object.
2019-08-06 15:26:09:827 Unable to cast object of type 'System.String' to type 'System.Byte[]'.
2019-08-06 15:26:12:827 Bad
2019-08-06 15:26:15:830 Object reference not set to an instance of an object.
2019-08-06 15:26:18:833 Bad
2019-08-06 15:26:21:834 Value cannot be null.
Parameter name: first
2019-08-06 15:26:24:836 Bad
2019-08-06 15:26:27:319 断开与OPC Server的连接
2019-08-06 15:26:27:848 尝试与OPC Server建立连接
2019-08-06 15:26:27:855 与OPC Server建立连接成功
2019-08-06 15:26:30:863 Value cannot be null.
Parameter name: first
2019-08-06 15:26:30:864 Unable to cast object of type 'System.String' to type 'System.Byte[]'.
2019-08-06 15:26:33:865 Bad
2019-08-06 15:26:36:865 Value cannot be null.
Parameter name: first
2019-08-06 15:26:36:866 Unable to cast object of type 'System.String' to type 'System.Byte[]'.
2019-08-06 15:26:39:869 Bad
2019-08-06 15:26:42:871 Object reference not set to an instance of an object.
2019-08-06 15:26:45:872 Bad
2019-08-06 15:26:48:347 断开与OPC Server的连接
2019-08-06 15:26:48:877 尝试与OPC Server建立连接
2019-08-06 15:26:48:885 与OPC Server建立连接成功
2019-08-06 15:26:51:889 Object reference not set to an instance of an object.
2019-08-06 15:26:54:889 Bad
2019-08-06 15:26:57:891 Object reference not set to an instance of an object.
2019-08-06 15:26:57:893 Unable to cast object of type 'System.String' to type 'System.Byte[]'.
2019-08-06 15:27:00:890 Bad
2019-08-06 15:27:03:890 Value cannot be null.
Parameter name: first
2019-08-06 15:27:06:892 Bad
2019-08-06 15:27:09:375 断开与OPC Server的连接
2019-08-06 15:27:09:904 尝试与OPC Server建立连接
2019-08-06 15:27:09:912 与OPC Server建立连接成功
2019-08-06 15:27:12:922 Object reference not set to an instance of an object.
2019-08-06 15:27:12:923 Unable to cast object of type 'System.String' to type 'System.Byte[]'.
2019-08-06 15:27:15:925 Bad
2019-08-06 15:27:18:925 Value cannot be null.
Parameter name: first
2019-08-06 15:27:21:926 Bad
2019-08-06 15:27:24:927 Object reference not set to an instance of an object.
2019-08-06 15:27:24:928 Unable to cast object of type 'System.String' to type 'System.Byte[]'.
2019-08-06 15:27:27:930 Bad
2019-08-06 15:27:30:419 断开与OPC Server的连接
2019-08-06 15:27:30:951 尝试与OPC Server建立连接
2019-08-06 15:27:30:960 与OPC Server建立连接成功
2019-08-06 15:27:33:968 Value cannot be null.
Parameter name: first
2019-08-06 15:27:33:970 Unable to cast object of type 'System.String' to type 'System.Byte[]'.
2019-08-06 15:27:36:969 Bad
2019-08-06 15:27:39:970 Object reference not set to an instance of an object.
2019-08-06 15:27:39:970 Unable to cast object of type 'System.String' to type 'System.Byte[]'.
2019-08-06 15:27:42:971 Bad
2019-08-06 15:27:45:971 Object reference not set to an instance of an object.
2019-08-06 15:27:48:971 Bad
2019-08-06 15:27:51:457 断开与OPC Server的连接
2019-08-06 15:27:51:988 尝试与OPC Server建立连接
2019-08-06 15:27:51:998 与OPC Server建立连接成功
2019-08-06 15:27:55:007 Object reference not set to an instance of an object.
2019-08-06 15:27:55:008 Unable to cast object of type 'System.String' to type 'System.Byte[]'.
2019-08-06 15:27:58:007 Bad
2019-08-06 15:28:01:007 Value cannot be null.
Parameter name: first
2019-08-06 15:28:04:011 Bad
2019-08-06 15:28:07:010 Object reference not set to an instance of an object.
2019-08-06 15:28:10:011 Bad
2019-08-06 15:28:12:490 断开与OPC Server的连接
2019-08-06 15:28:13:016 尝试与OPC Server建立连接
2019-08-06 15:28:13:024 与OPC Server建立连接成功
2019-08-06 15:28:16:033 Object reference not set to an instance of an object.
2019-08-06 15:28:16:034 Unable to cast object of type 'System.String' to type 'System.Byte[]'.
2019-08-06 15:28:19:036 Bad
2019-08-06 15:28:22:038 Object reference not set to an instance of an object.
2019-08-06 15:28:25:038 Bad
2019-08-06 15:28:28:039 Object reference not set to an instance of an object.
2019-08-06 15:28:31:041 Bad
2019-08-06 15:28:33:524 断开与OPC Server的连接
2019-08-06 15:28:34:058 尝试与OPC Server建立连接
2019-08-06 15:28:34:068 与OPC Server建立连接成功
2019-08-06 15:28:37:073 Object reference not set to an instance of an object.
2019-08-06 15:28:40:073 Bad
2019-08-06 15:28:43:075 Object reference not set to an instance of an object.
2019-08-06 15:28:43:075 Unable to cast object of type 'System.String' to type 'System.Byte[]'.
2019-08-06 15:28:46:076 Bad
2019-08-06 15:28:49:076 Object reference not set to an instance of an object.
2019-08-06 15:28:49:077 Unable to cast object of type 'System.String' to type 'System.Byte[]'.
2019-08-06 15:28:52:077 Bad
2019-08-06 15:28:55:080 Object reference not set to an instance of an object.
2019-08-06 15:28:58:082 Bad
2019-08-06 15:28:59:565 断开与OPC Server的连接
2019-08-06 15:29:00:100 尝试与OPC Server建立连接
2019-08-06 15:29:00:115 与OPC Server建立连接成功
2019-08-06 15:29:03:124 Object reference not set to an instance of an object.
2019-08-06 15:29:03:124 Unable to cast object of type 'System.String' to type 'System.Byte[]'.
2019-08-06 15:29:06:124 Bad
2019-08-06 15:29:09:128 Object reference not set to an instance of an object.
2019-08-06 15:29:12:126 Bad
2019-08-06 15:29:15:127 Value cannot be null.
Parameter name: first
2019-08-06 15:29:18:128 Bad
2019-08-06 15:29:20:594 断开与OPC Server的连接
2019-08-06 15:29:21:126 尝试与OPC Server建立连接
2019-08-06 15:29:21:136 与OPC Server建立连接成功
2019-08-06 15:29:24:139 Value cannot be null.
Parameter name: first
2019-08-06 15:29:24:141 Unable to cast object of type 'System.String' to type 'System.Byte[]'.
2019-08-06 15:29:27:141 Bad
2019-08-06 15:29:30:144 Object reference not set to an instance of an object.
2019-08-06 15:29:33:145 Bad
2019-08-06 15:29:36:145 Object reference not set to an instance of an object.
2019-08-06 15:29:39:146 Bad
2019-08-06 15:29:41:625 断开与OPC Server的连接
2019-08-06 15:29:42:151 尝试与OPC Server建立连接
2019-08-06 15:29:42:161 与OPC Server建立连接成功
2019-08-06 15:29:45:170 Value cannot be null.
Parameter name: first
2019-08-06 15:29:45:171 Unable to cast object of type 'System.String' to type 'System.Byte[]'.
2019-08-06 15:29:48:173 Bad
2019-08-06 15:29:51:173 Object reference not set to an instance of an object.
2019-08-06 15:29:54:173 Bad
2019-08-06 15:29:57:173 Object reference not set to an instance of an object.
2019-08-06 15:30:00:177 Bad
2019-08-06 15:30:02:655 断开与OPC Server的连接
2019-08-06 15:30:03:182 尝试与OPC Server建立连接
2019-08-06 15:30:03:198 与OPC Server建立连接成功
2019-08-06 15:30:06:203 Value cannot be null.
Parameter name: first
2019-08-06 15:30:06:203 Unable to cast object of type 'System.String' to type 'System.Byte[]'.
2019-08-06 15:30:09:203 Bad
2019-08-06 15:30:12:203 Object reference not set to an instance of an object.
2019-08-06 15:30:12:203 Unable to cast object of type 'System.String' to type 'System.Byte[]'.
2019-08-06 15:30:15:205 Bad
2019-08-06 15:30:18:207 Object reference not set to an instance of an object.
2019-08-06 15:30:21:208 Bad
2019-08-06 15:30:23:686 断开与OPC Server的连接
2019-08-06 15:30:24:224 尝试与OPC Server建立连接
2019-08-06 15:30:24:231 与OPC Server建立连接成功
2019-08-06 15:30:27:235 Value cannot be null.
Parameter name: first
2019-08-06 15:30:30:235 Bad
2019-08-06 15:30:33:236 Object reference not set to an instance of an object.
2019-08-06 15:30:33:237 Unable to cast object of type 'System.String' to type 'System.Byte[]'.
2019-08-06 15:30:36:239 Bad
2019-08-06 15:30:39:239 Object reference not set to an instance of an object.
2019-08-06 15:30:42:239 Bad
2019-08-06 15:30:44:722 断开与OPC Server的连接
2019-08-06 15:30:45:253 尝试与OPC Server建立连接
2019-08-06 15:30:45:262 与OPC Server建立连接成功
2019-08-06 15:30:48:269 Object reference not set to an instance of an object.
2019-08-06 15:30:48:270 Unable to cast object of type 'System.String' to type 'System.Byte[]'.
2019-08-06 15:30:51:271 Bad
2019-08-06 15:30:54:273 Object reference not set to an instance of an object.
2019-08-06 15:30:57:274 Bad
2019-08-06 15:31:00:275 Object reference not set to an instance of an object.
2019-08-06 15:31:00:276 Unable to cast object of type 'System.String' to type 'System.Byte[]'.
2019-08-06 15:31:03:275 Bad
2019-08-06 15:31:05:750 断开与OPC Server的连接
2019-08-06 15:31:06:278 尝试与OPC Server建立连接
2019-08-06 15:31:06:286 与OPC Server建立连接成功
2019-08-06 15:31:09:298 Value cannot be null.
Parameter name: first
2019-08-06 15:31:09:301 Unable to cast object of type 'System.String' to type 'System.Byte[]'.
2019-08-06 15:31:12:302 Bad
2019-08-06 15:31:15:304 Value cannot be null.
Parameter name: first
2019-08-06 15:31:18:302 Bad
2019-08-06 15:31:21:303 Object reference not set to an instance of an object.
2019-08-06 15:31:24:305 Bad
2019-08-06 15:31:26:787 断开与OPC Server的连接
2019-08-06 15:31:27:312 尝试与OPC Server建立连接
2019-08-06 15:31:27:319 与OPC Server建立连接成功
2019-08-06 15:31:30:330 Value cannot be null.
Parameter name: first
2019-08-06 15:31:33:332 Bad
2019-08-06 15:31:36:333 Value cannot be null.
Parameter name: first
2019-08-06 15:31:36:333 Unable to cast object of type 'System.String' to type 'System.Byte[]'.
2019-08-06 15:31:39:333 Bad
2019-08-06 15:31:42:333 Object reference not set to an instance of an object.
2019-08-06 15:31:45:333 Bad
2019-08-06 15:31:47:816 断开与OPC Server的连接
2019-08-06 15:31:48:346 尝试与OPC Server建立连接
2019-08-06 15:31:48:354 与OPC Server建立连接成功
2019-08-06 15:31:51:367 Value cannot be null.
Parameter name: first
2019-08-06 15:31:51:369 Unable to cast object of type 'System.String' to type 'System.Byte[]'.
2019-08-06 15:31:54:366 Bad
2019-08-06 15:31:57:367 Value cannot be null.
Parameter name: first
2019-08-06 15:32:00:369 Bad
2019-08-06 15:32:03:371 Object reference not set to an instance of an object.
2019-08-06 15:32:06:371 Bad
2019-08-06 15:32:08:844 断开与OPC Server的连接
2019-08-06 15:32:09:372 尝试与OPC Server建立连接
2019-08-06 15:32:09:382 与OPC Server建立连接成功
2019-08-06 15:32:13:683 One or more errors occurred.
2019-08-06 15:32:13:940 尝试与OPC Server建立连接
2019-08-06 15:32:13:961 与OPC Server建立连接失败
2019-08-06 15:32:19:968 One or more errors occurred.
2019-08-06 15:32:19:981 尝试与OPC Server建立连接
2019-08-06 15:32:19:994 与OPC Server建立连接失败
2019-08-06 15:32:26:038 One or more errors occurred.
2019-08-06 15:32:26:038 尝试与OPC Server建立连接
2019-08-06 15:32:26:053 与OPC Server建立连接失败
2019-08-06 15:32:32:100 One or more errors occurred.
2019-08-06 15:32:32:100 尝试与OPC Server建立连接
2019-08-06 15:32:32:116 与OPC Server建立连接失败
2019-08-06 15:32:38:148 One or more errors occurred.
2019-08-06 15:32:38:148 尝试与OPC Server建立连接
2019-08-06 15:32:38:164 与OPC Server建立连接失败
2019-08-06 15:32:44:211 One or more errors occurred.
2019-08-06 15:32:44:211 尝试与OPC Server建立连接
2019-08-06 15:32:44:227 与OPC Server建立连接失败
2019-08-06 15:32:50:248 One or more errors occurred.
2019-08-06 15:32:50:248 尝试与OPC Server建立连接
2019-08-06 15:32:50:263 与OPC Server建立连接失败
2019-08-06 15:32:56:283 One or more errors occurred.
2019-08-06 15:32:56:299 尝试与OPC Server建立连接
2019-08-06 15:32:56:299 与OPC Server建立连接失败
2019-08-06 15:33:02:346 One or more errors occurred.
2019-08-06 15:33:02:346 尝试与OPC Server建立连接
2019-08-06 15:33:02:362 与OPC Server建立连接失败
2019-08-06 15:33:08:394 One or more errors occurred.
2019-08-06 15:33:08:394 尝试与OPC Server建立连接
2019-08-06 15:33:08:410 与OPC Server建立连接失败
2019-08-06 15:33:14:457 One or more errors occurred.
2019-08-06 15:33:14:457 尝试与OPC Server建立连接
2019-08-06 15:33:14:473 与OPC Server建立连接失败
2019-08-06 15:37:07:607 One or more errors occurred.
2019-08-06 15:37:36:579 The underlying provider failed on Open.
2019-08-06 15:37:36:579 尝试与OPC Server建立连接
2019-08-06 15:37:36:579 The underlying provider failed on Open.
2019-08-06 15:37:36:579 与OPC Server建立连接失败
2019-08-06 15:37:45:868 Bad
2019-08-06 15:37:49:277 Bad
2019-08-06 15:37:52:685 Bad
2019-08-06 15:37:56:089 Bad
2019-08-06 15:37:57:825 The underlying provider failed on Open.
2019-08-06 15:37:57:826 尝试与OPC Server建立连接
2019-08-06 15:37:57:828 The underlying provider failed on Open.
2019-08-06 15:37:57:829 与OPC Server建立连接成功
2019-08-06 15:37:59:502 Bad
2019-08-06 15:38:02:502 Object reference not set to an instance of an object.
2019-08-06 15:38:02:509 Unable to cast object of type 'System.String' to type 'System.Byte[]'.
2019-08-06 15:38:05:503 Bad
2019-08-06 15:38:08:517 Object reference not set to an instance of an object.
2019-08-06 15:38:11:525 Bad
2019-08-06 15:38:14:538 Object reference not set to an instance of an object.
2019-08-06 15:38:17:541 Bad
2019-08-06 15:38:46:387 The underlying provider failed on Open.
2019-08-06 15:38:46:387 断开与OPC Server的连接
2019-08-06 15:38:46:903 The underlying provider failed on Open.
2019-08-06 15:38:46:903 尝试与OPC Server建立连接
2019-08-06 15:38:46:903 The underlying provider failed on Open.
2019-08-06 15:38:46:903 与OPC Server建立连接成功
2019-08-06 15:38:49:919 Object reference not set to an instance of an object.
2019-08-06 15:38:49:919 Unable to cast object of type 'System.String' to type 'System.Byte[]'.
2019-08-06 15:38:52:919 Bad
2019-08-06 15:38:55:920 Value cannot be null.
Parameter name: first
2019-08-06 15:38:58:920 Bad
2019-08-06 15:39:01:920 Value cannot be null.
Parameter name: first
2019-08-06 15:39:04:920 Bad
2019-08-06 15:39:47:456 The underlying provider failed on Open.
2019-08-06 15:39:47:456 断开与OPC Server的连接
2019-08-06 15:39:47:972 The underlying provider failed on Open.
2019-08-06 15:39:47:972 尝试与OPC Server建立连接
2019-08-06 15:39:47:972 The underlying provider failed on Open.
2019-08-06 15:39:47:972 与OPC Server建立连接成功
2019-08-06 15:39:50:988 Object reference not set to an instance of an object.
2019-08-06 15:39:50:988 Unable to cast object of type 'System.String' to type 'System.Byte[]'.
2019-08-06 15:39:53:988 Bad
2019-08-06 15:39:56:991 Value cannot be null.
Parameter name: first
2019-08-06 15:39:56:991 Unable to cast object of type 'System.String' to type 'System.Byte[]'.
2019-08-06 15:39:59:992 Bad
2019-08-06 15:40:02:992 Object reference not set to an instance of an object.
2019-08-06 15:40:05:992 Bad
2019-08-06 15:40:08:461 The underlying provider failed on Open.
2019-08-06 15:40:08:461 断开与OPC Server的连接
2019-08-06 15:40:08:992 The underlying provider failed on Open.
2019-08-06 15:40:08:992 尝试与OPC Server建立连接
2019-08-06 15:40:08:992 The underlying provider failed on Open.
2019-08-06 15:40:08:992 与OPC Server建立连接成功
2019-08-06 15:40:12:008 Value cannot be null.
Parameter name: first
2019-08-06 15:40:15:009 Bad
2019-08-06 15:40:18:009 Value cannot be null.
Parameter name: first
2019-08-06 15:40:21:009 Bad
2019-08-06 15:40:24:010 Value cannot be null.
Parameter name: first
2019-08-06 15:40:27:010 Bad
2019-08-06 15:40:30:010 Value cannot be null.
Parameter name: first
2019-08-06 15:40:33:019 Bad
2019-08-06 15:41:03:021 The underlying provider failed on Open.
2019-08-06 15:41:03:021 断开与OPC Server的连接
2019-08-06 15:41:03:537 The underlying provider failed on Open.
2019-08-06 15:41:03:537 尝试与OPC Server建立连接
2019-08-06 15:41:03:537 The underlying provider failed on Open.
2019-08-06 15:41:03:537 与OPC Server建立连接成功
2019-08-06 15:41:06:553 Object reference not set to an instance of an object.
2019-08-06 15:41:06:553 Unable to cast object of type 'System.String' to type 'System.Byte[]'.
2019-08-06 15:41:09:553 Bad
2019-08-06 15:41:12:553 Object reference not set to an instance of an object.
2019-08-06 15:41:15:554 Bad
2019-08-06 15:41:18:554 Unable to cast object of type 'System.String' to type 'System.Byte[]'.
2019-08-06 15:41:21:554 Bad
2019-08-06 15:41:23:742 The underlying provider failed on Open.
2019-08-06 15:41:23:742 断开与OPC Server的连接
2019-08-06 15:41:24:258 The underlying provider failed on Open.
2019-08-06 15:41:24:258 尝试与OPC Server建立连接
2019-08-06 15:41:24:273 The underlying provider failed on Open.
2019-08-06 15:41:24:273 与OPC Server建立连接成功
2019-08-06 15:41:27:289 Object reference not set to an instance of an object.
2019-08-06 15:41:27:289 Unable to cast object of type 'System.String' to type 'System.Byte[]'.
2019-08-06 15:41:30:305 Bad
2019-08-06 15:41:33:306 Object reference not set to an instance of an object.
2019-08-06 15:41:33:306 Unable to cast object of type 'System.String' to type 'System.Byte[]'.
2019-08-06 15:41:36:306 Bad
2019-08-06 15:41:39:306 Object reference not set to an instance of an object.
2019-08-06 15:41:42:306 Bad
2019-08-06 15:41:44:447 The underlying provider failed on Open.
2019-08-06 15:41:44:447 断开与OPC Server的连接
2019-08-06 15:41:44:978 The underlying provider failed on Open.
2019-08-06 15:41:44:978 尝试与OPC Server建立连接
2019-08-06 15:41:44:978 The underlying provider failed on Open.
2019-08-06 15:41:44:978 与OPC Server建立连接成功
2019-08-06 15:41:47:995 Object reference not set to an instance of an object.
2019-08-06 15:41:47:995 Unable to cast object of type 'System.String' to type 'System.Byte[]'.
2019-08-06 15:41:50:995 Bad
2019-08-06 15:41:53:995 Object reference not set to an instance of an object.
2019-08-06 15:41:56:995 Bad
2019-08-06 15:41:59:996 Object reference not set to an instance of an object.
2019-08-06 15:42:02:996 Bad
2019-08-06 15:42:33:662 The underlying provider failed on Open.
2019-08-06 15:42:33:662 断开与OPC Server的连接
2019-08-06 15:42:37:267 Bad
2019-08-06 15:42:40:686 Bad
2019-08-06 15:42:44:104 Bad
2019-08-06 15:42:47:521 Bad
2019-08-06 15:42:49:519 The underlying provider failed on Open.
2019-08-06 15:42:49:519 尝试与OPC Server建立连接
2019-08-06 15:42:50:947 Bad
2019-08-06 15:42:54:365 Bad
2019-08-06 15:42:57:782 Bad
2019-08-06 15:43:01:200 Bad
2019-08-06 15:43:04:617 Bad
2019-08-06 15:43:04:867 The underlying provider failed on Open.
2019-08-06 15:43:04:867 与OPC Server建立连接成功
2019-08-06 15:43:07:879 Value cannot be null.
Parameter name: first
2019-08-06 15:43:10:875 Bad
2019-08-06 15:43:13:872 Value cannot be null.
Parameter name: first
2019-08-06 15:43:16:868 Bad
2019-08-06 15:43:19:879 Object reference not set to an instance of an object.
2019-08-06 15:43:22:875 Bad
2019-08-06 15:43:53:462 The underlying provider failed on Open.
2019-08-06 15:43:53:462 断开与OPC Server的连接
2019-08-06 15:43:57:129 Bad
2019-08-06 15:44:00:547 Bad
2019-08-06 15:44:03:964 Bad
2019-08-06 15:44:07:382 Bad
2019-08-06 15:44:09:301 The underlying provider failed on Open.
2019-08-06 15:44:09:301 尝试与OPC Server建立连接
2019-08-06 15:44:10:799 Bad
2019-08-06 15:44:14:217 Bad
2019-08-06 15:44:17:634 Bad
2019-08-06 15:44:21:052 Bad
2019-08-06 15:44:24:470 Bad
2019-08-06 15:44:24:626 The underlying provider failed on Open.
2019-08-06 15:44:24:626 与OPC Server建立连接成功
2019-08-06 15:44:27:637 Object reference not set to an instance of an object.
2019-08-06 15:44:27:637 Unable to cast object of type 'System.String' to type 'System.Byte[]'.
2019-08-06 15:44:30:634 Bad
2019-08-06 15:44:33:630 Object reference not set to an instance of an object.
2019-08-06 15:44:33:630 Value cannot be null.
Parameter name: first
2019-08-06 15:44:36:626 Bad
2019-08-06 15:44:39:622 Object reference not set to an instance of an object.
2019-08-06 15:44:42:618 Bad
2019-08-06 15:45:13:361 The underlying provider failed on Open.
2019-08-06 15:45:13:361 断开与OPC Server的连接
2019-08-06 15:45:17:278 Bad
2019-08-06 15:45:20:695 Bad
2019-08-06 15:45:24:113 Bad
2019-08-06 15:45:27:531 Bad
2019-08-06 15:45:29:232 The underlying provider failed on Open.
2019-08-06 15:45:29:232 尝试与OPC Server建立连接
2019-08-06 15:45:29:232 The underlying provider failed on Open.
2019-08-06 15:45:29:232 与OPC Server建立连接成功
2019-08-06 15:45:30:948 Bad
2019-08-06 15:45:33:944 Value cannot be null.
Parameter name: first
2019-08-06 15:45:33:944 Unable to cast object of type 'System.String' to type 'System.Byte[]'.
2019-08-06 15:45:36:940 Bad
2019-08-06 15:45:39:937 Object reference not set to an instance of an object.
2019-08-06 15:45:39:937 Unable to cast object of type 'System.String' to type 'System.Byte[]'.
2019-08-06 15:45:42:939 Bad
2019-08-06 15:45:45:946 Object reference not set to an instance of an object.
2019-08-06 15:45:48:942 Bad
2019-08-06 15:46:18:125 The underlying provider failed on Open.
2019-08-06 15:46:18:125 断开与OPC Server的连接
2019-08-06 15:46:21:964 Bad
2019-08-06 15:46:25:381 Bad
2019-08-06 15:46:28:799 Bad
2019-08-06 15:46:32:232 Bad
2019-08-06 15:46:33:995 The underlying provider failed on Open.
2019-08-06 15:46:33:995 尝试与OPC Server建立连接
2019-08-06 15:46:33:995 The underlying provider failed on Open.
2019-08-06 15:46:33:995 与OPC Server建立连接成功
2019-08-06 15:46:35:649 Bad
2019-08-06 15:46:38:645 Value cannot be null.
Parameter name: first
2019-08-06 15:46:38:645 Unable to cast object of type 'System.String' to type 'System.Byte[]'.
2019-08-06 15:46:41:642 Bad
2019-08-06 15:46:44:638 Object reference not set to an instance of an object.
2019-08-06 15:46:47:634 Bad
2019-08-06 15:46:50:630 Object reference not set to an instance of an object.
2019-08-06 15:46:53:627 Bad
2019-08-06 15:47:22:512 The underlying provider failed on Open.
2019-08-06 15:47:22:512 断开与OPC Server的连接
2019-08-06 15:47:26:257 Bad
2019-08-06 15:47:29:675 Bad
2019-08-06 15:47:33:098 Bad
2019-08-06 15:47:36:520 Bad
2019-08-06 15:47:38:380 The underlying provider failed on Open.
2019-08-06 15:47:38:380 尝试与OPC Server建立连接
2019-08-06 15:47:39:942 Bad
2019-08-06 15:47:43:365 Bad
2019-08-06 15:47:46:786 Bad
2019-08-06 15:47:50:209 Bad
2019-08-06 15:47:53:631 Bad
2019-08-06 15:47:53:740 The underlying provider failed on Open.
2019-08-06 15:47:53:740 与OPC Server建立连接成功
2019-08-06 15:47:56:756 Value cannot be null.
Parameter name: first
2019-08-06 15:47:56:756 Unable to cast object of type 'System.String' to type 'System.Byte[]'.
2019-08-06 15:47:59:757 Bad
2019-08-06 15:48:02:772 Object reference not set to an instance of an object.
2019-08-06 15:48:02:772 Unable to cast object of type 'System.String' to type 'System.Byte[]'.
2019-08-06 15:48:05:773 Bad
2019-08-06 15:48:08:773 Object reference not set to an instance of an object.
2019-08-06 15:48:08:773 Unable to cast object of type 'System.String' to type 'System.Byte[]'.
2019-08-06 15:48:11:773 Bad
2019-08-06 15:48:42:589 The underlying provider failed on Open.
2019-08-06 15:48:42:589 断开与OPC Server的连接
2019-08-06 15:48:46:480 Bad
2019-08-06 15:48:49:902 Bad
2019-08-06 15:48:53:324 Bad
2019-08-06 15:48:56:747 Bad
2019-08-06 15:48:58:466 The underlying provider failed on Open.
2019-08-06 15:48:58:466 尝试与OPC Server建立连接
2019-08-06 15:48:58:466 The underlying provider failed on Open.
2019-08-06 15:48:58:466 与OPC Server建立连接成功
2019-08-06 15:49:00:169 Bad
2019-08-06 15:49:03:169 Object reference not set to an instance of an object.
2019-08-06 15:49:03:169 Unable to cast object of type 'System.String' to type 'System.Byte[]'.
2019-08-06 15:49:06:169 Bad
2019-08-06 15:49:09:170 Object reference not set to an instance of an object.
2019-08-06 15:49:12:186 Bad
2019-08-06 15:49:15:186 Object reference not set to an instance of an object.
2019-08-06 15:49:15:186 Unable to cast object of type 'System.String' to type 'System.Byte[]'.
2019-08-06 15:49:18:187 Bad
2019-08-06 15:49:47:049 The underlying provider failed on Open.
2019-08-06 15:49:47:049 断开与OPC Server的连接
2019-08-06 15:49:50:869 Bad
2019-08-06 15:49:54:291 Bad
2019-08-06 15:49:57:713 Bad
2019-08-06 15:50:01:138 Bad
2019-08-06 15:50:02:928 The underlying provider failed on Open.
2019-08-06 15:50:02:929 尝试与OPC Server建立连接
2019-08-06 15:50:02:930 The underlying provider failed on Open.
2019-08-06 15:50:02:931 与OPC Server建立连接成功
2019-08-06 15:50:04:545 Bad
2019-08-06 15:50:07:546 Value cannot be null.
Parameter name: first
2019-08-06 15:50:07:547 Unable to cast object of type 'System.String' to type 'System.Byte[]'.
2019-08-06 15:50:10:546 Bad
2019-08-06 15:50:13:547 Object reference not set to an instance of an object.
2019-08-06 15:50:13:547 Unable to cast object of type 'System.String' to type 'System.Byte[]'.
2019-08-06 15:50:16:549 Bad
2019-08-06 15:50:19:552 Object reference not set to an instance of an object.
2019-08-06 15:50:19:553 Unable to cast object of type 'System.String' to type 'System.Byte[]'.
2019-08-06 15:50:22:551 Bad
2019-08-06 15:50:51:486 The underlying provider failed on Open.
2019-08-06 15:50:51:487 断开与OPC Server的连接
2019-08-06 15:50:55:196 Bad
2019-08-06 15:50:58:605 Bad
2019-08-06 15:51:02:019 Bad
2019-08-06 15:51:05:432 Bad
2019-08-06 15:51:07:342 The underlying provider failed on Open.
2019-08-06 15:51:07:343 尝试与OPC Server建立连接
2019-08-06 15:51:07:345 The underlying provider failed on Open.
2019-08-06 15:51:07:346 与OPC Server建立连接成功
2019-08-06 15:51:08:837 Bad
2019-08-06 15:51:11:837 Value cannot be null.
Parameter name: first
2019-08-06 15:51:11:838 Unable to cast object of type 'System.String' to type 'System.Byte[]'.
2019-08-06 15:51:14:840 Bad
2019-08-06 15:51:17:840 Object reference not set to an instance of an object.
2019-08-06 15:51:20:840 Bad
2019-08-06 15:51:23:842 Object reference not set to an instance of an object.
2019-08-06 15:51:26:843 Bad
2019-08-06 15:51:55:920 The underlying provider failed on Open.
2019-08-06 15:51:55:920 断开与OPC Server的连接
2019-08-06 15:51:59:491 Bad
2019-08-06 15:52:02:901 Bad
2019-08-06 15:52:06:312 Bad
2019-08-06 15:52:09:723 Bad
2019-08-06 15:52:11:777 The underlying provider failed on Open.
2019-08-06 15:52:11:778 尝试与OPC Server建立连接
2019-08-06 15:52:13:133 Bad
2019-08-06 15:52:16:541 Bad
2019-08-06 15:52:19:954 Bad
2019-08-06 15:52:23:358 Bad
2019-08-06 15:52:26:763 Bad
2019-08-06 15:52:27:111 The underlying provider failed on Open.
2019-08-06 15:52:27:112 与OPC Server建立连接成功
2019-08-06 15:52:30:123 Value cannot be null.
Parameter name: first
2019-08-06 15:52:33:124 Bad
2019-08-06 15:52:36:125 Value cannot be null.
Parameter name: first
2019-08-06 15:52:39:125 Bad
2019-08-06 15:52:42:127 Object reference not set to an instance of an object.
2019-08-06 15:52:42:128 Value cannot be null.
Parameter name: first
2019-08-06 15:52:45:128 Bad
2019-08-06 15:53:15:864 The underlying provider failed on Open.
2019-08-06 15:53:15:866 断开与OPC Server的连接
2019-08-06 15:53:19:776 Bad
2019-08-06 15:53:23:182 Bad
2019-08-06 15:53:26:593 Bad
2019-08-06 15:53:29:998 Bad
2019-08-06 15:53:31:740 The underlying provider failed on Open.
2019-08-06 15:53:31:740 尝试与OPC Server建立连接
2019-08-06 15:53:31:742 The underlying provider failed on Open.
2019-08-06 15:53:31:743 与OPC Server建立连接成功
2019-08-06 15:53:33:408 Bad
2019-08-06 15:53:36:411 Value cannot be null.
Parameter name: first
2019-08-06 15:53:36:413 Unable to cast object of type 'System.String' to type 'System.Byte[]'.
2019-08-06 15:53:39:412 Bad
2019-08-06 15:53:42:412 Object reference not set to an instance of an object.
2019-08-06 15:53:45:413 Bad
2019-08-06 15:53:48:413 Object reference not set to an instance of an object.
2019-08-06 15:53:48:413 Unable to cast object of type 'System.String' to type 'System.Byte[]'.
2019-08-06 15:53:51:416 Bad
2019-08-06 15:54:20:302 The underlying provider failed on Open.
2019-08-06 15:54:20:302 断开与OPC Server的连接
2019-08-06 15:54:24:070 Bad
2019-08-06 15:54:27:477 Bad
2019-08-06 15:54:30:886 Bad
2019-08-06 15:54:34:293 Bad
2019-08-06 15:54:36:162 The underlying provider failed on Open.
2019-08-06 15:54:36:164 尝试与OPC Server建立连接
2019-08-06 15:54:36:165 The underlying provider failed on Open.
2019-08-06 15:54:36:166 与OPC Server建立连接成功
2019-08-06 15:54:37:699 Bad
2019-08-06 15:54:40:699 Value cannot be null.
Parameter name: first
2019-08-06 15:54:40:699 Unable to cast object of type 'System.String' to type 'System.Byte[]'.
2019-08-06 15:54:43:699 Bad
2019-08-06 15:54:46:700 Value cannot be null.
Parameter name: first
2019-08-06 15:54:49:700 Bad
2019-08-06 15:54:52:700 Value cannot be null.
Parameter name: first
2019-08-06 15:54:55:701 Bad
2019-08-06 15:55:24:731 The underlying provider failed on Open.
2019-08-06 15:55:24:731 断开与OPC Server的连接
2019-08-06 15:55:28:352 Bad
2019-08-06 15:55:31:765 Bad
2019-08-06 15:55:35:175 Bad
2019-08-06 15:55:38:584 Bad
2019-08-06 15:55:40:583 The underlying provider failed on Open.
2019-08-06 15:55:40:584 尝试与OPC Server建立连接
2019-08-06 15:55:41:989 Bad
2019-08-06 15:55:45:392 Bad
2019-08-06 15:55:48:804 Bad
2019-08-06 15:55:52:210 Bad
2019-08-06 15:55:55:614 Bad
2019-08-06 15:55:55:917 The underlying provider failed on Open.
2019-08-06 15:55:55:917 与OPC Server建立连接成功
2019-08-06 15:55:58:929 Value cannot be null.
Parameter name: first
2019-08-06 15:55:58:929 Unable to cast object of type 'System.String' to type 'System.Byte[]'.
2019-08-06 15:56:01:930 Bad
2019-08-06 15:56:04:930 Object reference not set to an instance of an object.
2019-08-06 15:56:07:933 Bad
2019-08-06 15:56:10:934 Object reference not set to an instance of an object.
2019-08-06 15:56:10:936 Unable to cast object of type 'System.String' to type 'System.Byte[]'.
2019-08-06 15:56:13:935 Bad
2019-08-06 15:56:44:679 The underlying provider failed on Open.
2019-08-06 15:56:44:681 断开与OPC Server的连接
2019-08-06 15:56:48:588 Bad
2019-08-06 15:56:51:997 Bad
2019-08-06 15:56:55:408 Bad
2019-08-06 15:56:58:821 Bad
2019-08-06 15:57:00:540 The underlying provider failed on Open.
2019-08-06 15:57:00:541 尝试与OPC Server建立连接
2019-08-06 15:57:00:542 The underlying provider failed on Open.
2019-08-06 15:57:00:544 与OPC Server建立连接成功
2019-08-06 15:57:02:230 Bad
2019-08-06 15:57:05:230 Object reference not set to an instance of an object.
2019-08-06 15:57:05:232 Unable to cast object of type 'System.String' to type 'System.Byte[]'.
2019-08-06 15:57:08:234 Bad
2019-08-06 15:57:11:233 Object reference not set to an instance of an object.
2019-08-06 15:57:14:235 Bad
2019-08-06 15:57:17:236 Object reference not set to an instance of an object.
2019-08-06 15:57:20:238 Bad
2019-08-06 15:57:49:129 The underlying provider failed on Open.
2019-08-06 15:57:49:132 断开与OPC Server的连接
2019-08-06 15:57:52:885 Bad
2019-08-06 15:57:56:302 Bad
2019-08-06 15:57:59:710 Bad
2019-08-06 15:58:03:120 Bad
2019-08-06 15:58:05:016 The underlying provider failed on Open.
2019-08-06 15:58:05:019 尝试与OPC Server建立连接
2019-08-06 15:58:05:023 The underlying provider failed on Open.
2019-08-06 15:58:05:027 与OPC Server建立连接成功
2019-08-06 15:58:06:531 Bad
2019-08-06 15:58:09:532 Value cannot be null.
Parameter name: first
2019-08-06 15:58:09:533 Unable to cast object of type 'System.String' to type 'System.Byte[]'.
2019-08-06 15:58:12:532 Bad
2019-08-06 15:58:15:535 Object reference not set to an instance of an object.
2019-08-06 15:58:18:535 Bad
2019-08-06 15:58:21:535 Object reference not set to an instance of an object.
2019-08-06 15:58:24:536 Bad
2019-08-06 15:58:53:567 The underlying provider failed on Open.
2019-08-06 15:58:53:567 断开与OPC Server的连接
2019-08-06 15:58:57:181 Bad
2019-08-06 15:59:00:590 Bad
2019-08-06 15:59:03:998 Bad
2019-08-06 15:59:07:410 Bad
2019-08-06 15:59:09:422 The underlying provider failed on Open.
2019-08-06 15:59:09:422 尝试与OPC Server建立连接
2019-08-06 15:59:10:821 Bad
2019-08-06 15:59:14:234 Bad
2019-08-06 15:59:17:644 Bad
2019-08-06 15:59:21:054 Bad
2019-08-06 15:59:24:462 Bad
2019-08-06 15:59:24:755 The underlying provider failed on Open.
2019-08-06 15:59:24:755 与OPC Server建立连接成功
2019-08-06 15:59:27:760 Value cannot be null.
Parameter name: first
2019-08-06 15:59:30:761 Bad
2019-08-06 15:59:33:761 Object reference not set to an instance of an object.
2019-08-06 15:59:33:762 Unable to cast object of type 'System.String' to type 'System.Byte[]'.
2019-08-06 15:59:36:762 Bad
2019-08-06 15:59:39:763 Object reference not set to an instance of an object.
2019-08-06 15:59:42:764 Bad
