2019-08-07 09:00:00:005 Bad
2019-08-07 09:00:03:006 Object reference not set to an instance of an object.
2019-08-07 09:00:03:006 Value cannot be null.
Parameter name: first
2019-08-07 09:00:06:006 Bad
2019-08-07 09:00:09:006 Object reference not set to an instance of an object.
2019-08-07 09:00:09:006 Unable to cast object of type 'System.String' to type 'System.Byte[]'.
2019-08-07 09:00:12:019 Bad
2019-08-07 09:00:42:746 The underlying provider failed on Open.
2019-08-07 09:00:42:746 断开与OPC Server的连接
2019-08-07 09:00:46:294 Bad
2019-08-07 09:00:49:713 Bad
2019-08-07 09:00:53:158 Bad
2019-08-07 09:00:56:577 Bad
2019-08-07 09:00:58:607 The underlying provider failed on Open.
2019-08-07 09:00:58:607 尝试与OPC Server建立连接
2019-08-07 09:00:59:997 Bad
2019-08-07 09:01:03:417 Bad
2019-08-07 09:01:06:847 Bad
2019-08-07 09:01:10:273 Bad
2019-08-07 09:01:13:693 Bad
2019-08-07 09:01:13:943 The underlying provider failed on Open.
2019-08-07 09:01:13:943 与OPC Server建立连接成功
2019-08-07 09:01:16:956 Value cannot be null.
Parameter name: first
2019-08-07 09:01:16:956 Unable to cast object of type 'System.String' to type 'System.Byte[]'.
2019-08-07 09:01:19:954 Bad
2019-08-07 09:01:22:952 Value cannot be null.
Parameter name: first
2019-08-07 09:01:25:950 Bad
2019-08-07 09:01:28:948 Value cannot be null.
Parameter name: first
2019-08-07 09:01:28:948 Unable to cast object of type 'System.String' to type 'System.Byte[]'.
2019-08-07 09:01:31:946 Bad
2019-08-07 09:02:02:656 The underlying provider failed on Open.
2019-08-07 09:02:02:656 断开与OPC Server的连接
2019-08-07 09:02:06:217 Bad
2019-08-07 09:02:09:650 Bad
2019-08-07 09:02:13:069 Bad
2019-08-07 09:02:16:489 Bad
2019-08-07 09:02:18:534 The underlying provider failed on Open.
2019-08-07 09:02:18:534 尝试与OPC Server建立连接
2019-08-07 09:02:19:924 Bad
2019-08-07 09:02:23:344 Bad
2019-08-07 09:02:26:763 Bad
2019-08-07 09:02:30:183 Bad
2019-08-07 09:02:33:602 Bad
2019-08-07 09:02:33:867 The underlying provider failed on Open.
2019-08-07 09:02:33:867 与OPC Server建立连接成功
2019-08-07 09:02:36:881 Value cannot be null.
Parameter name: first
2019-08-07 09:02:36:881 Unable to cast object of type 'System.String' to type 'System.Byte[]'.
2019-08-07 09:02:39:893 Bad
2019-08-07 09:02:42:891 Object reference not set to an instance of an object.
2019-08-07 09:02:45:888 Bad
2019-08-07 09:02:48:886 Object reference not set to an instance of an object.
2019-08-07 09:02:51:885 Bad
2019-08-07 09:03:22:704 The underlying provider failed on Open.
2019-08-07 09:03:22:704 断开与OPC Server的连接
2019-08-07 09:03:26:561 Bad
2019-08-07 09:03:29:981 Bad
2019-08-07 09:03:33:400 Bad
2019-08-07 09:03:36:820 Bad
2019-08-07 09:03:38:553 The underlying provider failed on Open.
2019-08-07 09:03:38:553 尝试与OPC Server建立连接
2019-08-07 09:03:38:553 The underlying provider failed on Open.
2019-08-07 09:03:38:553 与OPC Server建立连接成功
2019-08-07 09:03:40:252 Bad
2019-08-07 09:03:43:250 Value cannot be null.
Parameter name: first
2019-08-07 09:03:43:250 Unable to cast object of type 'System.String' to type 'System.Byte[]'.
2019-08-07 09:03:46:248 Bad
2019-08-07 09:03:49:246 Value cannot be null.
Parameter name: first
2019-08-07 09:03:52:244 Bad
2019-08-07 09:03:55:242 Object reference not set to an instance of an object.
2019-08-07 09:03:58:240 Bad
2019-08-07 09:04:27:515 The underlying provider failed on Open.
2019-08-07 09:04:27:515 断开与OPC Server的连接
2019-08-07 09:04:31:309 Bad
2019-08-07 09:04:34:728 Bad
2019-08-07 09:04:38:148 Bad
2019-08-07 09:04:41:581 Bad
2019-08-07 09:04:43:392 The underlying provider failed on Open.
2019-08-07 09:04:43:392 尝试与OPC Server建立连接
2019-08-07 09:04:43:392 The underlying provider failed on Open.
2019-08-07 09:04:43:392 与OPC Server建立连接成功
2019-08-07 09:04:45:000 Bad
2019-08-07 09:04:47:998 Object reference not set to an instance of an object.
2019-08-07 09:04:47:998 Unable to cast object of type 'System.String' to type 'System.Byte[]'.
2019-08-07 09:04:50:996 Bad
2019-08-07 09:04:53:994 Value cannot be null.
Parameter name: first
2019-08-07 09:04:56:992 Bad
2019-08-07 09:04:59:990 Value cannot be null.
Parameter name: first
2019-08-07 09:04:59:990 Unable to cast object of type 'System.String' to type 'System.Byte[]'.
2019-08-07 09:05:02:988 Bad
2019-08-07 09:05:32:247 The underlying provider failed on Open.
2019-08-07 09:05:32:247 断开与OPC Server的连接
2019-08-07 09:05:36:057 Bad
2019-08-07 09:05:39:493 Bad
2019-08-07 09:05:42:916 Bad
2019-08-07 09:05:46:338 Bad
2019-08-07 09:05:48:119 The underlying provider failed on Open.
2019-08-07 09:05:48:119 尝试与OPC Server建立连接
2019-08-07 09:05:49:760 Bad
2019-08-07 09:05:53:198 Bad
2019-08-07 09:05:56:620 Bad
2019-08-07 09:06:00:042 Bad
2019-08-07 09:06:03:465 Bad
2019-08-07 09:06:03:465 The underlying provider failed on Open.
2019-08-07 09:06:03:465 与OPC Server建立连接成功
2019-08-07 09:06:06:496 Value cannot be null.
Parameter name: first
2019-08-07 09:06:06:496 Unable to cast object of type 'System.String' to type 'System.Byte[]'.
2019-08-07 09:06:09:510 Bad
2019-08-07 09:06:12:510 Value cannot be null.
Parameter name: first
2019-08-07 09:06:15:510 Bad
2019-08-07 09:06:18:511 Object reference not set to an instance of an object.
2019-08-07 09:06:21:511 Bad
2019-08-07 09:06:52:356 The underlying provider failed on Open.
2019-08-07 09:06:52:356 断开与OPC Server的连接
2019-08-07 09:06:56:215 Bad
2019-08-07 09:06:59:638 Bad
2019-08-07 09:07:03:060 Bad
2019-08-07 09:07:06:497 Bad
2019-08-07 09:07:08:223 The underlying provider failed on Open.
2019-08-07 09:07:08:223 尝试与OPC Server建立连接
2019-08-07 09:07:08:223 The underlying provider failed on Open.
2019-08-07 09:07:08:223 与OPC Server建立连接成功
2019-08-07 09:07:09:933 Bad
2019-08-07 09:07:12:933 Object reference not set to an instance of an object.
2019-08-07 09:07:12:933 Unable to cast object of type 'System.String' to type 'System.Byte[]'.
2019-08-07 09:07:15:933 Bad
2019-08-07 09:07:18:934 Object reference not set to an instance of an object.
2019-08-07 09:07:18:934 Unable to cast object of type 'System.String' to type 'System.Byte[]'.
2019-08-07 09:07:21:934 Bad
2019-08-07 09:07:24:934 Value cannot be null.
Parameter name: first
2019-08-07 09:07:27:935 Bad
2019-08-07 09:07:57:248 The underlying provider failed on Open.
2019-08-07 09:07:57:248 断开与OPC Server的连接
2019-08-07 09:08:01:014 Bad
2019-08-07 09:08:04:436 Bad
2019-08-07 09:08:07:855 Bad
2019-08-07 09:08:11:278 Bad
2019-08-07 09:08:13:153 The underlying provider failed on Open.
2019-08-07 09:08:13:153 尝试与OPC Server建立连接
2019-08-07 09:08:13:153 The underlying provider failed on Open.
2019-08-07 09:08:13:153 与OPC Server建立连接成功
2019-08-07 09:08:14:701 Bad
2019-08-07 09:08:17:716 Object reference not set to an instance of an object.
2019-08-07 09:08:17:716 Unable to cast object of type 'System.String' to type 'System.Byte[]'.
2019-08-07 09:08:20:717 Bad
2019-08-07 09:08:23:717 Object reference not set to an instance of an object.
2019-08-07 09:08:26:718 Bad
2019-08-07 09:08:29:718 Object reference not set to an instance of an object.
2019-08-07 09:08:29:718 Value cannot be null.
Parameter name: first
2019-08-07 09:08:32:718 Bad
2019-08-07 09:09:02:157 The underlying provider failed on Open.
2019-08-07 09:09:02:157 断开与OPC Server的连接
2019-08-07 09:09:05:809 Bad
2019-08-07 09:09:09:233 Bad
2019-08-07 09:09:12:655 Bad
2019-08-07 09:09:16:084 Bad
2019-08-07 09:09:18:053 The underlying provider failed on Open.
2019-08-07 09:09:18:053 尝试与OPC Server建立连接
2019-08-07 09:09:19:522 Bad
2019-08-07 09:09:22:944 Bad
2019-08-07 09:09:26:366 Bad
2019-08-07 09:09:29:789 Bad
2019-08-07 09:09:33:211 Bad
2019-08-07 09:09:33:398 The underlying provider failed on Open.
2019-08-07 09:09:33:398 与OPC Server建立连接成功
2019-08-07 09:09:36:414 Value cannot be null.
Parameter name: first
2019-08-07 09:09:36:414 Unable to cast object of type 'System.String' to type 'System.Byte[]'.
2019-08-07 09:09:39:421 Bad
2019-08-07 09:09:42:422 Value cannot be null.
Parameter name: first
2019-08-07 09:09:45:422 Bad
2019-08-07 09:09:48:422 Object reference not set to an instance of an object.
2019-08-07 09:09:51:423 Bad
2019-08-07 09:10:22:202 The underlying provider failed on Open.
2019-08-07 09:10:22:202 断开与OPC Server的连接
2019-08-07 09:10:26:171 Bad
2019-08-07 09:10:29:593 Bad
2019-08-07 09:10:33:029 Bad
2019-08-07 09:10:36:451 Bad
2019-08-07 09:10:38:108 The underlying provider failed on Open.
2019-08-07 09:10:38:108 尝试与OPC Server建立连接
2019-08-07 09:10:38:108 The underlying provider failed on Open.
2019-08-07 09:10:38:108 与OPC Server建立连接成功
2019-08-07 09:10:39:876 Bad
2019-08-07 09:10:42:876 Value cannot be null.
Parameter name: first
2019-08-07 09:10:42:876 Unable to cast object of type 'System.String' to type 'System.Byte[]'.
2019-08-07 09:10:45:876 Bad
2019-08-07 09:10:48:877 Value cannot be null.
Parameter name: first
2019-08-07 09:10:51:877 Bad
2019-08-07 09:10:54:877 Object reference not set to an instance of an object.
2019-08-07 09:10:54:877 Value cannot be null.
Parameter name: first
2019-08-07 09:10:57:878 Bad
2019-08-07 09:11:27:067 The underlying provider failed on Open.
2019-08-07 09:11:27:067 断开与OPC Server的连接
2019-08-07 09:11:30:958 Bad
2019-08-07 09:11:34:380 Bad
2019-08-07 09:11:37:803 Bad
2019-08-07 09:11:41:238 Bad
2019-08-07 09:11:42:973 The underlying provider failed on Open.
2019-08-07 09:11:42:973 尝试与OPC Server建立连接
2019-08-07 09:11:42:973 The underlying provider failed on Open.
2019-08-07 09:11:42:973 与OPC Server建立连接成功
2019-08-07 09:11:44:660 Bad
2019-08-07 09:11:47:666 Object reference not set to an instance of an object.
2019-08-07 09:11:47:666 Unable to cast object of type 'System.String' to type 'System.Byte[]'.
2019-08-07 09:11:50:667 Bad
2019-08-07 09:11:53:677 Object reference not set to an instance of an object.
2019-08-07 09:11:56:677 Bad
2019-08-07 09:11:59:677 Object reference not set to an instance of an object.
2019-08-07 09:12:02:678 Bad
2019-08-07 09:12:31:914 The underlying provider failed on Open.
2019-08-07 09:12:31:914 断开与OPC Server的连接
2019-08-07 09:12:35:774 Bad
2019-08-07 09:12:39:209 Bad
2019-08-07 09:12:42:631 Bad
2019-08-07 09:12:46:054 Bad
2019-08-07 09:12:47:804 The underlying provider failed on Open.
2019-08-07 09:12:47:804 尝试与OPC Server建立连接
2019-08-07 09:12:49:476 Bad
2019-08-07 09:12:52:898 Bad
2019-08-07 09:12:56:320 Bad
2019-08-07 09:12:59:742 Bad
2019-08-07 09:13:03:173 Bad
2019-08-07 09:13:03:189 The underlying provider failed on Open.
2019-08-07 09:13:03:189 与OPC Server建立连接成功
2019-08-07 09:13:06:208 Value cannot be null.
Parameter name: first
2019-08-07 09:13:09:220 Bad
2019-08-07 09:13:12:220 Object reference not set to an instance of an object.
2019-08-07 09:13:12:220 Unable to cast object of type 'System.String' to type 'System.Byte[]'.
2019-08-07 09:13:15:220 Bad
2019-08-07 09:13:18:220 Unable to cast object of type 'System.String' to type 'System.Byte[]'.
2019-08-07 09:13:21:221 Bad
2019-08-07 09:13:52:024 The underlying provider failed on Open.
2019-08-07 09:13:52:024 断开与OPC Server的连接
2019-08-07 09:13:55:947 Bad
2019-08-07 09:13:59:369 Bad
2019-08-07 09:14:02:813 Bad
2019-08-07 09:14:06:243 Bad
2019-08-07 09:14:07:906 The underlying provider failed on Open.
2019-08-07 09:14:07:906 尝试与OPC Server建立连接
2019-08-07 09:14:07:906 The underlying provider failed on Open.
2019-08-07 09:14:07:906 与OPC Server建立连接成功
2019-08-07 09:14:09:672 Bad
2019-08-07 09:14:12:672 Value cannot be null.
Parameter name: first
2019-08-07 09:14:12:672 Unable to cast object of type 'System.String' to type 'System.Byte[]'.
2019-08-07 09:14:15:683 Bad
2019-08-07 09:14:18:694 Object reference not set to an instance of an object.
2019-08-07 09:14:21:694 Bad
2019-08-07 09:14:24:694 Object reference not set to an instance of an object.
2019-08-07 09:14:24:694 Unable to cast object of type 'System.String' to type 'System.Byte[]'.
2019-08-07 09:14:27:695 Bad
2019-08-07 09:14:56:758 The underlying provider failed on Open.
2019-08-07 09:14:56:758 断开与OPC Server的连接
2019-08-07 09:15:00:367 Bad
2019-08-07 09:15:03:789 Bad
2019-08-07 09:15:07:212 Bad
2019-08-07 09:15:10:640 Bad
2019-08-07 09:15:12:625 The underlying provider failed on Open.
2019-08-07 09:15:12:625 尝试与OPC Server建立连接
2019-08-07 09:15:12:625 The underlying provider failed on Open.
2019-08-07 09:15:12:625 与OPC Server建立连接成功
2019-08-07 09:15:14:063 Bad
2019-08-07 09:15:17:078 Object reference not set to an instance of an object.
2019-08-07 09:15:17:078 Unable to cast object of type 'System.String' to type 'System.Byte[]'.
2019-08-07 09:15:20:078 Bad
2019-08-07 09:15:23:079 Object reference not set to an instance of an object.
2019-08-07 09:15:26:079 Bad
2019-08-07 09:15:29:087 Object reference not set to an instance of an object.
2019-08-07 09:15:29:087 Value cannot be null.
Parameter name: first
2019-08-07 09:15:29:087 Unable to cast object of type 'System.String' to type 'System.Byte[]'.
2019-08-07 09:15:32:088 Bad
2019-08-07 09:16:01:591 The underlying provider failed on Open.
2019-08-07 09:16:01:591 断开与OPC Server的连接
2019-08-07 09:16:05:178 Bad
2019-08-07 09:16:08:625 Bad
2019-08-07 09:16:12:047 Bad
2019-08-07 09:16:15:469 Bad
2019-08-07 09:16:17:454 The underlying provider failed on Open.
2019-08-07 09:16:17:454 尝试与OPC Server建立连接
2019-08-07 09:16:18:892 Bad
2019-08-07 09:16:22:314 Bad
2019-08-07 09:16:25:736 Bad
2019-08-07 09:16:29:158 Bad
2019-08-07 09:16:32:580 Bad
2019-08-07 09:16:32:815 The underlying provider failed on Open.
2019-08-07 09:16:32:815 与OPC Server建立连接成功
2019-08-07 09:16:35:830 Object reference not set to an instance of an object.
2019-08-07 09:16:38:831 Bad
2019-08-07 09:16:41:831 Object reference not set to an instance of an object.
2019-08-07 09:16:44:831 Bad
2019-08-07 09:16:47:832 Value cannot be null.
Parameter name: first
2019-08-07 09:16:50:847 Bad
2019-08-07 09:17:21:846 The underlying provider failed on Open.
2019-08-07 09:17:21:846 断开与OPC Server的连接
2019-08-07 09:17:25:534 Bad
2019-08-07 09:17:28:956 Bad
2019-08-07 09:17:32:378 Bad
2019-08-07 09:17:35:801 Bad
2019-08-07 09:17:37:723 The underlying provider failed on Open.
2019-08-07 09:17:37:723 尝试与OPC Server建立连接
2019-08-07 09:17:37:723 The underlying provider failed on Open.
2019-08-07 09:17:37:723 与OPC Server建立连接成功
2019-08-07 09:17:39:223 Bad
2019-08-07 09:17:42:223 Value cannot be null.
Parameter name: first
2019-08-07 09:17:45:223 Bad
2019-08-07 09:17:48:234 Object reference not set to an instance of an object.
2019-08-07 09:17:48:234 Unable to cast object of type 'System.String' to type 'System.Byte[]'.
2019-08-07 09:17:51:235 Bad
2019-08-07 09:17:54:235 Object reference not set to an instance of an object.
2019-08-07 09:17:54:235 Value cannot be null.
Parameter name: first
2019-08-07 09:17:57:238 Bad
2019-08-07 09:18:26:735 The underlying provider failed on Open.
2019-08-07 09:18:26:735 断开与OPC Server的连接
2019-08-07 09:18:30:313 Bad
2019-08-07 09:18:33:736 Bad
2019-08-07 09:18:37:157 Bad
2019-08-07 09:18:40:580 Bad
2019-08-07 09:18:42:611 The underlying provider failed on Open.
2019-08-07 09:18:42:611 尝试与OPC Server建立连接
2019-08-07 09:18:42:611 The underlying provider failed on Open.
2019-08-07 09:18:42:611 与OPC Server建立连接成功
2019-08-07 09:18:44:002 Bad
2019-08-07 09:18:47:002 Value cannot be null.
Parameter name: first
2019-08-07 09:18:47:002 Unable to cast object of type 'System.String' to type 'System.Byte[]'.
2019-08-07 09:18:50:002 Bad
2019-08-07 09:18:53:003 Value cannot be null.
Parameter name: first
2019-08-07 09:18:56:003 Bad
2019-08-07 09:18:59:003 Object reference not set to an instance of an object.
2019-08-07 09:18:59:003 Value cannot be null.
Parameter name: first
2019-08-07 09:19:02:004 Bad
2019-08-07 09:19:31:111 The underlying provider failed on Open.
2019-08-07 09:19:31:111 断开与OPC Server的连接
2019-08-07 09:19:34:689 Bad
2019-08-07 09:19:38:113 Bad
2019-08-07 09:19:41:535 Bad
2019-08-07 09:19:44:967 Bad
2019-08-07 09:19:47:014 The underlying provider failed on Open.
2019-08-07 09:19:47:014 尝试与OPC Server建立连接
2019-08-07 09:19:48:389 Bad
2019-08-07 09:19:51:811 Bad
2019-08-07 09:19:55:234 Bad
2019-08-07 09:19:58:663 Bad
2019-08-07 09:20:02:085 Bad
2019-08-07 09:20:02:382 The underlying provider failed on Open.
2019-08-07 09:20:02:382 与OPC Server建立连接成功
2019-08-07 09:20:05:410 Value cannot be null.
Parameter name: first
2019-08-07 09:20:05:410 Unable to cast object of type 'System.String' to type 'System.Byte[]'.
2019-08-07 09:20:08:421 Bad
2019-08-07 09:20:11:422 Value cannot be null.
Parameter name: first
2019-08-07 09:20:14:422 Bad
2019-08-07 09:20:17:422 Object reference not set to an instance of an object.
2019-08-07 09:20:20:423 Bad
2019-08-07 09:20:51:176 The underlying provider failed on Open.
2019-08-07 09:20:51:176 断开与OPC Server的连接
2019-08-07 09:20:55:135 Bad
2019-08-07 09:20:58:557 Bad
2019-08-07 09:21:01:979 Bad
2019-08-07 09:21:05:411 Bad
2019-08-07 09:21:07:068 The underlying provider failed on Open.
2019-08-07 09:21:07:068 尝试与OPC Server建立连接
2019-08-07 09:21:07:068 The underlying provider failed on Open.
2019-08-07 09:21:07:068 与OPC Server建立连接成功
2019-08-07 09:21:08:844 Bad
2019-08-07 09:21:11:853 Value cannot be null.
Parameter name: first
2019-08-07 09:21:14:865 Bad
2019-08-07 09:21:17:865 Object reference not set to an instance of an object.
2019-08-07 09:21:20:865 Bad
2019-08-07 09:21:23:866 Object reference not set to an instance of an object.
2019-08-07 09:21:26:866 Bad
2019-08-07 09:21:56:119 The underlying provider failed on Open.
2019-08-07 09:21:56:119 断开与OPC Server的连接
2019-08-07 09:21:59:971 Bad
2019-08-07 09:22:03:393 Bad
2019-08-07 09:22:06:816 Bad
2019-08-07 09:22:10:239 Bad
2019-08-07 09:22:11:989 The underlying provider failed on Open.
2019-08-07 09:22:11:989 尝试与OPC Server建立连接
2019-08-07 09:22:11:989 The underlying provider failed on Open.
2019-08-07 09:22:11:989 与OPC Server建立连接成功
2019-08-07 09:22:13:661 Bad
2019-08-07 09:22:16:661 Object reference not set to an instance of an object.
2019-08-07 09:22:16:661 Unable to cast object of type 'System.String' to type 'System.Byte[]'.
2019-08-07 09:22:19:662 Bad
2019-08-07 09:22:22:662 Value cannot be null.
Parameter name: first
2019-08-07 09:22:25:662 Bad
2019-08-07 09:22:28:663 Value cannot be null.
Parameter name: first
2019-08-07 09:22:28:663 Unable to cast object of type 'System.String' to type 'System.Byte[]'.
2019-08-07 09:22:31:663 Bad
2019-08-07 09:23:01:010 The underlying provider failed on Open.
2019-08-07 09:23:01:010 断开与OPC Server的连接
2019-08-07 09:23:04:744 Bad
2019-08-07 09:23:08:189 Bad
2019-08-07 09:23:11:612 Bad
2019-08-07 09:23:15:034 Bad
2019-08-07 09:23:16:893 The underlying provider failed on Open.
2019-08-07 09:23:16:893 尝试与OPC Server建立连接
2019-08-07 09:23:18:456 Bad
2019-08-07 09:23:21:878 Bad
2019-08-07 09:23:25:301 Bad
2019-08-07 09:23:28:723 Bad
2019-08-07 09:23:32:145 Bad
2019-08-07 09:23:32:254 The underlying provider failed on Open.
2019-08-07 09:23:32:254 与OPC Server建立连接成功
2019-08-07 09:23:35:270 Value cannot be null.
Parameter name: first
2019-08-07 09:23:35:270 Unable to cast object of type 'System.String' to type 'System.Byte[]'.
2019-08-07 09:23:38:271 Bad
2019-08-07 09:23:41:271 Object reference not set to an instance of an object.
2019-08-07 09:23:44:287 Bad
2019-08-07 09:23:47:287 Object reference not set to an instance of an object.
2019-08-07 09:23:50:288 Bad
2019-08-07 09:24:21:015 The underlying provider failed on Open.
2019-08-07 09:24:21:015 断开与OPC Server的连接
2019-08-07 09:24:24:953 Bad
2019-08-07 09:24:28:375 Bad
2019-08-07 09:24:31:797 Bad
2019-08-07 09:24:35:220 Bad
2019-08-07 09:24:36:876 The underlying provider failed on Open.
2019-08-07 09:24:36:876 尝试与OPC Server建立连接
2019-08-07 09:24:36:876 The underlying provider failed on Open.
2019-08-07 09:24:36:876 与OPC Server建立连接成功
2019-08-07 09:24:38:642 Bad
2019-08-07 09:24:41:642 Object reference not set to an instance of an object.
2019-08-07 09:24:41:642 Unable to cast object of type 'System.String' to type 'System.Byte[]'.
2019-08-07 09:24:44:642 Bad
2019-08-07 09:24:47:643 Object reference not set to an instance of an object.
2019-08-07 09:24:50:643 Bad
2019-08-07 09:24:53:643 Object reference not set to an instance of an object.
2019-08-07 09:24:53:643 Unable to cast object of type 'System.String' to type 'System.Byte[]'.
2019-08-07 09:24:56:644 Bad
2019-08-07 09:25:25:927 The underlying provider failed on Open.
2019-08-07 09:25:25:927 断开与OPC Server的连接
2019-08-07 09:25:29:724 Bad
2019-08-07 09:25:33:161 Bad
2019-08-07 09:25:36:574 Bad
2019-08-07 09:25:39:996 Bad
2019-08-07 09:25:41:793 The underlying provider failed on Open.
2019-08-07 09:25:41:793 尝试与OPC Server建立连接
2019-08-07 09:25:41:793 The underlying provider failed on Open.
2019-08-07 09:25:41:793 与OPC Server建立连接成功
2019-08-07 09:25:43:418 Bad
2019-08-07 09:25:46:419 Value cannot be null.
Parameter name: first
2019-08-07 09:25:46:419 Unable to cast object of type 'System.String' to type 'System.Byte[]'.
2019-08-07 09:25:49:426 Bad
2019-08-07 09:25:52:427 Object reference not set to an instance of an object.
2019-08-07 09:25:52:427 Unable to cast object of type 'System.String' to type 'System.Byte[]'.
2019-08-07 09:25:55:427 Bad
2019-08-07 09:25:58:427 Object reference not set to an instance of an object.
2019-08-07 09:26:01:428 Bad
2019-08-07 09:26:33:097 The underlying provider failed on Open.
2019-08-07 09:26:33:097 断开与OPC Server的连接
2019-08-07 09:26:36:970 Bad
2019-08-07 09:26:40:397 Bad
2019-08-07 09:26:43:831 Bad
2019-08-07 09:26:47:275 Bad
2019-08-07 09:26:50:697 Bad
2019-08-07 09:26:54:127 Bad
2019-08-07 09:26:57:550 Bad
2019-08-07 09:27:00:959 Bad
2019-08-07 09:27:04:374 Bad
2019-08-07 09:27:07:796 Bad
2019-08-07 09:27:10:067 The underlying provider failed on Open.
2019-08-07 09:27:10:067 尝试与OPC Server建立连接
2019-08-07 09:27:11:224 Bad
2019-08-07 09:27:14:646 Bad
2019-08-07 09:27:18:068 Bad
2019-08-07 09:27:21:490 Bad
2019-08-07 09:27:24:913 Bad
2019-08-07 09:27:25:413 The underlying provider failed on Open.
2019-08-07 09:27:25:413 与OPC Server建立连接成功
2019-08-07 09:27:28:351 Bad
2019-08-07 09:27:31:351 Object reference not set to an instance of an object.
2019-08-07 09:27:31:351 Unable to cast object of type 'System.String' to type 'System.Byte[]'.
2019-08-07 09:27:34:351 Bad
2019-08-07 09:27:37:352 Object reference not set to an instance of an object.
2019-08-07 09:27:40:352 Bad
2019-08-07 09:27:43:352 Object reference not set to an instance of an object.
2019-08-07 09:27:45:430 BadSessionClosed
2019-08-07 09:28:14:147 The underlying provider failed on Open.
2019-08-07 09:28:14:147 断开与OPC Server的连接
2019-08-07 09:28:14:694 The underlying provider failed on Open.
2019-08-07 09:28:14:694 尝试与OPC Server建立连接
2019-08-07 09:28:14:694 The underlying provider failed on Open.
2019-08-07 09:28:14:694 与OPC Server建立连接成功
2019-08-07 09:28:17:710 Value cannot be null.
Parameter name: first
2019-08-07 09:28:20:710 Bad
2019-08-07 09:28:23:710 Object reference not set to an instance of an object.
2019-08-07 09:28:26:711 Bad
2019-08-07 09:28:29:711 Object reference not set to an instance of an object.
2019-08-07 09:28:29:711 Value cannot be null.
Parameter name: first
2019-08-07 09:28:32:711 Bad
2019-08-07 09:29:14:929 The underlying provider failed on Open.
2019-08-07 09:29:14:929 断开与OPC Server的连接
2019-08-07 09:29:18:788 Bad
2019-08-07 09:29:22:210 Bad
2019-08-07 09:29:25:633 Bad
2019-08-07 09:29:29:055 Bad
2019-08-07 09:29:30:821 The underlying provider failed on Open.
2019-08-07 09:29:30:821 尝试与OPC Server建立连接
2019-08-07 09:29:30:821 The underlying provider failed on Open.
2019-08-07 09:29:30:821 与OPC Server建立连接成功
2019-08-07 09:29:32:477 Bad
2019-08-07 09:29:35:478 Object reference not set to an instance of an object.
2019-08-07 09:29:35:478 Unable to cast object of type 'System.String' to type 'System.Byte[]'.
2019-08-07 09:29:38:478 Bad
2019-08-07 09:29:41:478 Object reference not set to an instance of an object.
2019-08-07 09:29:44:478 Bad
2019-08-07 09:29:47:479 Object reference not set to an instance of an object.
2019-08-07 09:29:50:479 Bad
2019-08-07 09:30:19:383 The underlying provider failed on Open.
2019-08-07 09:30:19:383 断开与OPC Server的连接
2019-08-07 09:30:23:149 Bad
2019-08-07 09:30:26:571 Bad
2019-08-07 09:30:29:993 Bad
2019-08-07 09:30:33:415 Bad
2019-08-07 09:30:35:259 The underlying provider failed on Open.
2019-08-07 09:30:35:259 尝试与OPC Server建立连接
2019-08-07 09:30:35:259 The underlying provider failed on Open.
2019-08-07 09:30:35:259 与OPC Server建立连接成功
2019-08-07 09:30:36:837 Bad
2019-08-07 09:30:39:838 Value cannot be null.
Parameter name: first
2019-08-07 09:30:42:838 Bad
2019-08-07 09:30:45:838 Value cannot be null.
Parameter name: first
2019-08-07 09:30:48:838 Bad
2019-08-07 09:30:51:839 Object reference not set to an instance of an object.
2019-08-07 09:30:54:839 Bad
2019-08-07 09:31:24:290 The underlying provider failed on Open.
2019-08-07 09:31:24:290 断开与OPC Server的连接
2019-08-07 09:31:27:915 Bad
2019-08-07 09:31:31:338 Bad
2019-08-07 09:31:34:760 Bad
2019-08-07 09:31:38:182 Bad
2019-08-07 09:31:40:151 The underlying provider failed on Open.
2019-08-07 09:31:40:151 尝试与OPC Server建立连接
2019-08-07 09:31:40:151 The underlying provider failed on Open.
2019-08-07 09:31:40:151 与OPC Server建立连接成功
2019-08-07 09:31:41:604 Bad
2019-08-07 09:31:44:605 Value cannot be null.
Parameter name: first
2019-08-07 09:31:44:605 Unable to cast object of type 'System.String' to type 'System.Byte[]'.
2019-08-07 09:31:47:605 Bad
2019-08-07 09:31:50:605 Object reference not set to an instance of an object.
2019-08-07 09:31:50:605 Unable to cast object of type 'System.String' to type 'System.Byte[]'.
2019-08-07 09:31:53:605 Bad
2019-08-07 09:31:56:606 Object reference not set to an instance of an object.
2019-08-07 09:31:56:606 Unable to cast object of type 'System.String' to type 'System.Byte[]'.
2019-08-07 09:31:59:606 Bad
2019-08-07 09:32:28:744 The underlying provider failed on Open.
2019-08-07 09:32:28:744 断开与OPC Server的连接
2019-08-07 09:32:32:682 Bad
2019-08-07 09:32:36:104 Bad
2019-08-07 09:32:39:526 Bad
2019-08-07 09:32:42:949 Bad
2019-08-07 09:32:44:605 The underlying provider failed on Open.
2019-08-07 09:32:44:605 尝试与OPC Server建立连接
2019-08-07 09:32:44:605 The underlying provider failed on Open.
2019-08-07 09:32:44:605 与OPC Server建立连接成功
2019-08-07 09:32:46:371 Bad
2019-08-07 09:32:49:371 Value cannot be null.
Parameter name: first
2019-08-07 09:32:49:371 Unable to cast object of type 'System.String' to type 'System.Byte[]'.
2019-08-07 09:32:52:371 Bad
2019-08-07 09:32:55:372 Value cannot be null.
Parameter name: first
2019-08-07 09:32:58:372 Bad
2019-08-07 09:33:01:372 Object reference not set to an instance of an object.
2019-08-07 09:33:01:372 Unable to cast object of type 'System.String' to type 'System.Byte[]'.
2019-08-07 09:33:04:373 Bad
2019-08-07 09:33:33:510 The underlying provider failed on Open.
2019-08-07 09:33:33:510 断开与OPC Server的连接
2019-08-07 09:33:37:448 Bad
2019-08-07 09:33:40:886 Bad
2019-08-07 09:33:44:308 Bad
2019-08-07 09:33:47:730 Bad
2019-08-07 09:33:49:371 The underlying provider failed on Open.
2019-08-07 09:33:49:371 尝试与OPC Server建立连接
2019-08-07 09:33:51:152 Bad
2019-08-07 09:33:54:575 Bad
2019-08-07 09:33:57:997 Bad
2019-08-07 09:34:01:419 Bad
2019-08-07 09:34:04:717 The underlying provider failed on Open.
2019-08-07 09:34:04:717 与OPC Server建立连接成功
2019-08-07 09:34:04:842 Bad
2019-08-07 09:34:07:843 Object reference not set to an instance of an object.
2019-08-07 09:34:07:844 Unable to cast object of type 'System.String' to type 'System.Byte[]'.
2019-08-07 09:34:10:853 Bad
2019-08-07 09:34:13:853 Object reference not set to an instance of an object.
2019-08-07 09:34:16:854 Bad
2019-08-07 09:34:19:854 Object reference not set to an instance of an object.
2019-08-07 09:34:19:854 Unable to cast object of type 'System.String' to type 'System.Byte[]'.
2019-08-07 09:34:22:854 Bad
2019-08-07 09:34:53:529 The underlying provider failed on Open.
2019-08-07 09:34:53:529 断开与OPC Server的连接
2019-08-07 09:34:57:154 Bad
2019-08-07 09:35:00:577 Bad
2019-08-07 09:35:03:999 Bad
2019-08-07 09:35:07:423 Bad
2019-08-07 09:35:09:400 The underlying provider failed on Open.
2019-08-07 09:35:09:400 尝试与OPC Server建立连接
2019-08-07 09:35:09:400 The underlying provider failed on Open.
2019-08-07 09:35:09:400 与OPC Server建立连接成功
2019-08-07 09:35:10:853 Bad
2019-08-07 09:35:13:854 Value cannot be null.
Parameter name: first
2019-08-07 09:35:13:854 Unable to cast object of type 'System.String' to type 'System.Byte[]'.
2019-08-07 09:35:16:854 Bad
2019-08-07 09:35:19:854 Value cannot be null.
Parameter name: first
2019-08-07 09:35:19:854 Object reference not set to an instance of an object.
2019-08-07 09:35:22:855 Bad
2019-08-07 09:35:25:855 Object reference not set to an instance of an object.
2019-08-07 09:35:25:855 Unable to cast object of type 'System.String' to type 'System.Byte[]'.
2019-08-07 09:35:28:855 Bad
2019-08-07 09:35:58:421 The underlying provider failed on Open.
2019-08-07 09:35:58:421 断开与OPC Server的连接
2019-08-07 09:36:02:343 Bad
2019-08-07 09:36:05:767 Bad
2019-08-07 09:36:09:198 Bad
2019-08-07 09:36:12:620 Bad
2019-08-07 09:36:14:323 The underlying provider failed on Open.
2019-08-07 09:36:14:323 尝试与OPC Server建立连接
2019-08-07 09:36:14:323 The underlying provider failed on Open.
2019-08-07 09:36:14:323 与OPC Server建立连接成功
2019-08-07 09:36:16:043 Bad
2019-08-07 09:36:19:043 Value cannot be null.
Parameter name: first
2019-08-07 09:36:19:043 Unable to cast object of type 'System.String' to type 'System.Byte[]'.
2019-08-07 09:36:22:043 Bad
2019-08-07 09:36:25:043 Object reference not set to an instance of an object.
2019-08-07 09:36:28:044 Bad
2019-08-07 09:36:31:044 Object reference not set to an instance of an object.
2019-08-07 09:36:34:045 Bad
2019-08-07 09:37:03:313 The underlying provider failed on Open.
2019-08-07 09:37:03:313 断开与OPC Server的连接
2019-08-07 09:37:07:126 Bad
2019-08-07 09:37:10:558 Bad
2019-08-07 09:37:13:980 Bad
2019-08-07 09:37:17:403 Bad
2019-08-07 09:37:19:200 The underlying provider failed on Open.
2019-08-07 09:37:19:200 尝试与OPC Server建立连接
2019-08-07 09:37:20:825 Bad
2019-08-07 09:37:24:247 Bad
2019-08-07 09:37:27:669 Bad
2019-08-07 09:37:31:092 Bad
2019-08-07 09:37:34:514 Bad
2019-08-07 09:37:34:545 The underlying provider failed on Open.
2019-08-07 09:37:34:545 与OPC Server建立连接成功
2019-08-07 09:37:37:561 Object reference not set to an instance of an object.
2019-08-07 09:37:37:561 Unable to cast object of type 'System.String' to type 'System.Byte[]'.
2019-08-07 09:37:40:562 Bad
2019-08-07 09:37:43:562 Object reference not set to an instance of an object.
2019-08-07 09:37:46:562 Bad
2019-08-07 09:37:49:563 Value cannot be null.
Parameter name: first
2019-08-07 09:37:52:563 Bad
2019-08-07 09:38:23:342 The underlying provider failed on Open.
2019-08-07 09:38:23:342 断开与OPC Server的连接
2019-08-07 09:38:27:264 Bad
2019-08-07 09:38:30:686 Bad
2019-08-07 09:38:34:109 Bad
2019-08-07 09:38:37:531 Bad
2019-08-07 09:38:39:203 The underlying provider failed on Open.
2019-08-07 09:38:39:203 尝试与OPC Server建立连接
2019-08-07 09:38:39:203 The underlying provider failed on Open.
2019-08-07 09:38:39:203 与OPC Server建立连接成功
2019-08-07 09:38:40:953 Bad
2019-08-07 09:38:43:954 Value cannot be null.
Parameter name: first
2019-08-07 09:38:43:954 Unable to cast object of type 'System.String' to type 'System.Byte[]'.
2019-08-07 09:38:46:969 Bad
2019-08-07 09:38:49:970 Object reference not set to an instance of an object.
2019-08-07 09:38:52:970 Bad
2019-08-07 09:38:55:970 Object reference not set to an instance of an object.
2019-08-07 09:38:55:970 Unable to cast object of type 'System.String' to type 'System.Byte[]'.
2019-08-07 09:38:58:970 Bad
2019-08-07 09:39:27:735 The underlying provider failed on Open.
2019-08-07 09:39:27:735 断开与OPC Server的连接
2019-08-07 09:39:31:641 Bad
2019-08-07 09:39:35:063 Bad
2019-08-07 09:39:38:486 Bad
2019-08-07 09:39:41:923 Bad
2019-08-07 09:39:43:611 The underlying provider failed on Open.
2019-08-07 09:39:43:611 尝试与OPC Server建立连接
2019-08-07 09:39:43:611 The underlying provider failed on Open.
2019-08-07 09:39:43:611 与OPC Server建立连接成功
2019-08-07 09:39:45:346 Bad
2019-08-07 09:39:48:346 Object reference not set to an instance of an object.
2019-08-07 09:39:48:346 Unable to cast object of type 'System.String' to type 'System.Byte[]'.
2019-08-07 09:39:51:346 Bad
2019-08-07 09:39:54:346 Object reference not set to an instance of an object.
2019-08-07 09:39:57:347 Bad
2019-08-07 09:40:00:347 Object reference not set to an instance of an object.
2019-08-07 09:40:00:347 Unable to cast object of type 'System.String' to type 'System.Byte[]'.
2019-08-07 09:40:03:347 Bad
2019-08-07 09:40:32:156 The underlying provider failed on Open.
2019-08-07 09:40:32:156 断开与OPC Server的连接
2019-08-07 09:40:36:015 Bad
2019-08-07 09:40:39:437 Bad
2019-08-07 09:40:42:859 Bad
2019-08-07 09:40:46:281 Bad
2019-08-07 09:40:48:032 The underlying provider failed on Open.
2019-08-07 09:40:48:032 尝试与OPC Server建立连接
2019-08-07 09:40:49:703 Bad
2019-08-07 09:40:53:126 Bad
2019-08-07 09:40:56:548 Bad
2019-08-07 09:40:59:970 Bad
2019-08-07 09:41:03:377 The underlying provider failed on Open.
2019-08-07 09:41:03:377 与OPC Server建立连接成功
2019-08-07 09:41:03:393 Bad
2019-08-07 09:41:06:393 Value cannot be null.
Parameter name: first
2019-08-07 09:41:06:393 Unable to cast object of type 'System.String' to type 'System.Byte[]'.
2019-08-07 09:41:09:404 Bad
2019-08-07 09:41:12:407 Object reference not set to an instance of an object.
2019-08-07 09:41:12:407 Unable to cast object of type 'System.String' to type 'System.Byte[]'.
2019-08-07 09:41:15:413 Bad
2019-08-07 09:41:18:417 Object reference not set to an instance of an object.
2019-08-07 09:41:18:417 Unable to cast object of type 'System.String' to type 'System.Byte[]'.
2019-08-07 09:41:21:418 Bad
2019-08-07 09:41:52:066 The underlying provider failed on Open.
2019-08-07 09:41:52:066 断开与OPC Server的连接
2019-08-07 09:41:55:769 Bad
2019-08-07 09:41:59:191 Bad
2019-08-07 09:42:02:613 Bad
2019-08-07 09:42:06:046 Bad
2019-08-07 09:42:07:966 The underlying provider failed on Open.
2019-08-07 09:42:07:966 尝试与OPC Server建立连接
2019-08-07 09:42:07:966 The underlying provider failed on Open.
2019-08-07 09:42:07:966 与OPC Server建立连接成功
2019-08-07 09:42:09:482 Bad
2019-08-07 09:42:12:488 Value cannot be null.
Parameter name: first
2019-08-07 09:42:12:490 Unable to cast object of type 'System.String' to type 'System.Byte[]'.
2019-08-07 09:42:15:493 Bad
2019-08-07 09:42:18:493 Value cannot be null.
Parameter name: first
2019-08-07 09:42:21:493 Bad
2019-08-07 09:42:24:493 Object reference not set to an instance of an object.
2019-08-07 09:42:27:494 Bad
2019-08-07 09:42:56:956 The underlying provider failed on Open.
2019-08-07 09:42:56:956 断开与OPC Server的连接
2019-08-07 09:43:00:565 Bad
2019-08-07 09:43:03:988 Bad
2019-08-07 09:43:07:411 Bad
2019-08-07 09:43:10:843 Bad
2019-08-07 09:43:12:827 The underlying provider failed on Open.
2019-08-07 09:43:12:827 尝试与OPC Server建立连接
2019-08-07 09:43:12:827 The underlying provider failed on Open.
2019-08-07 09:43:12:827 与OPC Server建立连接成功
2019-08-07 09:43:14:265 Bad
2019-08-07 09:43:17:265 Value cannot be null.
Parameter name: first
2019-08-07 09:43:17:265 Unable to cast object of type 'System.String' to type 'System.Byte[]'.
2019-08-07 09:43:20:265 Bad
2019-08-07 09:43:23:265 Unable to cast object of type 'System.String' to type 'System.Byte[]'.
2019-08-07 09:43:23:265 Value cannot be null.
Parameter name: first
2019-08-07 09:43:26:266 Bad
2019-08-07 09:43:29:266 Value cannot be null.
Parameter name: first
2019-08-07 09:43:32:266 Bad
2019-08-07 09:44:01:496 The underlying provider failed on Open.
2019-08-07 09:44:01:496 断开与OPC Server的连接
2019-08-07 09:44:05:340 Bad
2019-08-07 09:44:08:776 Bad
2019-08-07 09:44:12:198 Bad
2019-08-07 09:44:15:620 Bad
2019-08-07 09:44:17:371 The underlying provider failed on Open.
2019-08-07 09:44:17:371 尝试与OPC Server建立连接
2019-08-07 09:44:19:043 Bad
2019-08-07 09:44:22:465 Bad
2019-08-07 09:44:25:887 Bad
2019-08-07 09:44:29:309 Bad
2019-08-07 09:44:32:716 The underlying provider failed on Open.
2019-08-07 09:44:32:716 与OPC Server建立连接成功
2019-08-07 09:44:32:731 Bad
2019-08-07 09:44:35:732 Value cannot be null.
Parameter name: first
2019-08-07 09:44:35:732 Unable to cast object of type 'System.String' to type 'System.Byte[]'.
2019-08-07 09:44:38:732 Bad
2019-08-07 09:44:41:732 Value cannot be null.
Parameter name: first
2019-08-07 09:44:44:732 Bad
2019-08-07 09:44:47:732 Object reference not set to an instance of an object.
2019-08-07 09:44:50:733 Bad
2019-08-07 09:45:21:605 The underlying provider failed on Open.
2019-08-07 09:45:21:605 断开与OPC Server的连接
2019-08-07 09:45:25:433 Bad
2019-08-07 09:45:28:857 Bad
2019-08-07 09:45:32:267 Bad
2019-08-07 09:45:35:705 Bad
2019-08-07 09:45:37:502 The underlying provider failed on Open.
2019-08-07 09:45:37:502 尝试与OPC Server建立连接
2019-08-07 09:45:37:502 The underlying provider failed on Open.
2019-08-07 09:45:37:502 与OPC Server建立连接成功
2019-08-07 09:45:39:127 Bad
2019-08-07 09:45:42:127 Object reference not set to an instance of an object.
2019-08-07 09:45:42:127 Unable to cast object of type 'System.String' to type 'System.Byte[]'.
2019-08-07 09:45:45:127 Bad
2019-08-07 09:45:48:128 Object reference not set to an instance of an object.
2019-08-07 09:45:48:128 Unable to cast object of type 'System.String' to type 'System.Byte[]'.
2019-08-07 09:45:51:131 Bad
2019-08-07 09:45:54:133 Object reference not set to an instance of an object.
2019-08-07 09:45:54:133 Unable to cast object of type 'System.String' to type 'System.Byte[]'.
2019-08-07 09:45:57:133 Bad
2019-08-07 09:46:26:403 The underlying provider failed on Open.
2019-08-07 09:46:26:403 断开与OPC Server的连接
2019-08-07 09:46:30:216 Bad
2019-08-07 09:46:33:639 Bad
2019-08-07 09:46:37:075 Bad
2019-08-07 09:46:40:497 Bad
2019-08-07 09:46:42:279 The underlying provider failed on Open.
2019-08-07 09:46:42:279 尝试与OPC Server建立连接
2019-08-07 09:46:42:279 The underlying provider failed on Open.
2019-08-07 09:46:42:279 与OPC Server建立连接成功
2019-08-07 09:46:43:919 Bad
2019-08-07 09:46:46:920 Value cannot be null.
Parameter name: first
2019-08-07 09:46:46:920 Unable to cast object of type 'System.String' to type 'System.Byte[]'.
2019-08-07 09:46:49:920 Bad
2019-08-07 09:46:52:920 Object reference not set to an instance of an object.
2019-08-07 09:46:52:920 Unable to cast object of type 'System.String' to type 'System.Byte[]'.
2019-08-07 09:46:55:922 Bad
2019-08-07 09:46:58:925 Value cannot be null.
Parameter name: first
2019-08-07 09:47:01:925 Bad
2019-08-07 09:47:31:116 The underlying provider failed on Open.
2019-08-07 09:47:31:117 断开与OPC Server的连接
2019-08-07 09:47:34:976 Bad
2019-08-07 09:47:38:385 Bad
2019-08-07 09:47:41:794 Bad
2019-08-07 09:47:45:200 Bad
2019-08-07 09:47:46:972 The underlying provider failed on Open.
2019-08-07 09:47:46:973 尝试与OPC Server建立连接
2019-08-07 09:47:48:608 Bad
2019-08-07 09:47:52:019 Bad
2019-08-07 09:47:55:426 Bad
2019-08-07 09:47:58:834 Bad
2019-08-07 09:48:02:245 Bad
2019-08-07 09:48:02:307 The underlying provider failed on Open.
2019-08-07 09:48:02:310 与OPC Server建立连接成功
2019-08-07 09:48:05:317 Value cannot be null.
Parameter name: first
2019-08-07 09:48:08:318 Bad
2019-08-07 09:48:11:319 Object reference not set to an instance of an object.
2019-08-07 09:48:11:319 Unable to cast object of type 'System.String' to type 'System.Byte[]'.
2019-08-07 09:48:14:320 Bad
2019-08-07 09:48:17:320 Object reference not set to an instance of an object.
2019-08-07 09:48:20:322 Bad
2019-08-07 09:48:51:060 The underlying provider failed on Open.
2019-08-07 09:48:51:061 断开与OPC Server的连接
2019-08-07 09:48:54:991 Bad
2019-08-07 09:48:58:404 Bad
2019-08-07 09:49:01:809 Bad
2019-08-07 09:49:05:216 Bad
2019-08-07 09:49:06:907 The underlying provider failed on Open.
2019-08-07 09:49:06:908 尝试与OPC Server建立连接
2019-08-07 09:49:06:909 The underlying provider failed on Open.
2019-08-07 09:49:06:910 与OPC Server建立连接成功
2019-08-07 09:49:08:625 Bad
2019-08-07 09:49:11:627 Value cannot be null.
Parameter name: first
2019-08-07 09:49:11:627 Unable to cast object of type 'System.String' to type 'System.Byte[]'.
2019-08-07 09:49:14:628 Bad
2019-08-07 09:49:17:630 Object reference not set to an instance of an object.
2019-08-07 09:49:17:632 Unable to cast object of type 'System.String' to type 'System.Byte[]'.
2019-08-07 09:49:20:638 Bad
2019-08-07 09:49:23:634 Object reference not set to an instance of an object.
2019-08-07 09:49:26:634 Bad
2019-08-07 09:49:55:500 The underlying provider failed on Open.
2019-08-07 09:49:55:500 断开与OPC Server的连接
2019-08-07 09:49:59:126 Bad
2019-08-07 09:50:02:548 Bad
2019-08-07 09:50:05:970 Bad
2019-08-07 09:50:09:392 Bad
2019-08-07 09:50:11:377 The underlying provider failed on Open.
2019-08-07 09:50:11:377 尝试与OPC Server建立连接
2019-08-07 09:50:11:377 The underlying provider failed on Open.
2019-08-07 09:50:11:377 与OPC Server建立连接成功
2019-08-07 09:50:12:814 Bad
2019-08-07 09:50:15:815 Object reference not set to an instance of an object.
2019-08-07 09:50:15:815 Unable to cast object of type 'System.String' to type 'System.Byte[]'.
2019-08-07 09:50:18:815 Bad
2019-08-07 09:50:21:815 Object reference not set to an instance of an object.
2019-08-07 09:50:24:816 Bad
2019-08-07 09:50:27:832 Object reference not set to an instance of an object.
2019-08-07 09:50:27:832 Unable to cast object of type 'System.String' to type 'System.Byte[]'.
2019-08-07 09:50:30:832 Bad
2019-08-07 09:51:00:054 The underlying provider failed on Open.
2019-08-07 09:51:00:054 断开与OPC Server的连接
2019-08-07 09:51:03:913 Bad
2019-08-07 09:51:07:350 Bad
2019-08-07 09:51:10:772 Bad
2019-08-07 09:51:14:195 Bad
2019-08-07 09:51:15:945 The underlying provider failed on Open.
2019-08-07 09:51:15:945 尝试与OPC Server建立连接
2019-08-07 09:51:17:617 Bad
2019-08-07 09:51:21:039 Bad
2019-08-07 09:51:24:461 Bad
2019-08-07 09:51:27:884 Bad
2019-08-07 09:51:31:306 Bad
2019-08-07 09:51:31:306 与OPC Server建立连接成功
2019-08-07 09:51:34:321 Object reference not set to an instance of an object.
2019-08-07 09:51:34:321 Unable to cast object of type 'System.String' to type 'System.Byte[]'.
2019-08-07 09:51:37:322 Bad
2019-08-07 09:51:40:322 Object reference not set to an instance of an object.
2019-08-07 09:51:43:322 Bad
2019-08-07 09:51:46:323 Object reference not set to an instance of an object.
2019-08-07 09:51:46:323 Unable to cast object of type 'System.String' to type 'System.Byte[]'.
2019-08-07 09:51:49:323 Bad
2019-08-07 09:52:20:117 The underlying provider failed on Open.
2019-08-07 09:52:20:117 断开与OPC Server的连接
2019-08-07 09:52:24:024 Bad
2019-08-07 09:52:27:446 Bad
2019-08-07 09:52:30:868 Bad
2019-08-07 09:52:34:290 Bad
2019-08-07 09:52:35:994 The underlying provider failed on Open.
2019-08-07 09:52:35:994 尝试与OPC Server建立连接
2019-08-07 09:52:35:994 The underlying provider failed on Open.
2019-08-07 09:52:35:994 与OPC Server建立连接成功
2019-08-07 09:52:37:712 Bad
2019-08-07 09:52:40:713 Value cannot be null.
Parameter name: first
2019-08-07 09:52:43:713 Bad
2019-08-07 09:52:46:713 Object reference not set to an instance of an object.
2019-08-07 09:52:46:713 Unable to cast object of type 'System.String' to type 'System.Byte[]'.
2019-08-07 09:52:49:714 Bad
2019-08-07 09:52:52:714 Object reference not set to an instance of an object.
2019-08-07 09:52:55:714 Bad
2019-08-07 09:53:24:539 The underlying provider failed on Open.
2019-08-07 09:53:24:539 断开与OPC Server的连接
2019-08-07 09:53:28:383 Bad
2019-08-07 09:53:31:805 Bad
2019-08-07 09:53:35:234 Bad
2019-08-07 09:53:38:666 Bad
2019-08-07 09:53:40:411 The underlying provider failed on Open.
2019-08-07 09:53:40:411 尝试与OPC Server建立连接
2019-08-07 09:53:40:411 The underlying provider failed on Open.
2019-08-07 09:53:40:411 与OPC Server建立连接成功
2019-08-07 09:53:42:098 Bad
2019-08-07 09:53:45:099 Object reference not set to an instance of an object.
2019-08-07 09:53:45:099 Unable to cast object of type 'System.String' to type 'System.Byte[]'.
2019-08-07 09:53:48:110 Bad
2019-08-07 09:53:51:110 Object reference not set to an instance of an object.
2019-08-07 09:53:54:111 Bad
2019-08-07 09:53:57:124 Value cannot be null.
Parameter name: first
2019-08-07 09:54:00:124 Bad
2019-08-07 09:54:29:457 The underlying provider failed on Open.
2019-08-07 09:54:29:457 断开与OPC Server的连接
2019-08-07 09:54:33:207 Bad
2019-08-07 09:54:36:629 Bad
2019-08-07 09:54:40:051 Bad
2019-08-07 09:54:43:489 Bad
2019-08-07 09:54:45:333 The underlying provider failed on Open.
2019-08-07 09:54:45:333 尝试与OPC Server建立连接
2019-08-07 09:54:45:333 The underlying provider failed on Open.
2019-08-07 09:54:45:333 与OPC Server建立连接成功
2019-08-07 09:54:46:911 Bad
2019-08-07 09:54:49:912 Value cannot be null.
Parameter name: first
2019-08-07 09:54:49:912 Unable to cast object of type 'System.String' to type 'System.Byte[]'.
2019-08-07 09:54:52:912 Bad
2019-08-07 09:54:55:928 Object reference not set to an instance of an object.
2019-08-07 09:54:58:928 Bad
2019-08-07 09:55:01:928 Object reference not set to an instance of an object.
2019-08-07 09:55:01:928 Unable to cast object of type 'System.String' to type 'System.Byte[]'.
2019-08-07 09:55:04:944 Bad
2019-08-07 09:55:34:337 The underlying provider failed on Open.
2019-08-07 09:55:34:337 断开与OPC Server的连接
2019-08-07 09:55:38:032 Bad
2019-08-07 09:55:41:458 Bad
2019-08-07 09:55:44:876 Bad
2019-08-07 09:55:48:298 Bad
2019-08-07 09:55:50:236 The underlying provider failed on Open.
2019-08-07 09:55:50:236 尝试与OPC Server建立连接
2019-08-07 09:55:51:721 Bad
2019-08-07 09:55:55:143 Bad
2019-08-07 09:55:58:565 Bad
2019-08-07 09:56:01:987 Bad
2019-08-07 09:56:05:412 Bad
2019-08-07 09:56:05:584 The underlying provider failed on Open.
2019-08-07 09:56:05:584 与OPC Server建立连接成功
2019-08-07 09:56:08:599 Object reference not set to an instance of an object.
2019-08-07 09:56:08:599 Unable to cast object of type 'System.String' to type 'System.Byte[]'.
2019-08-07 09:56:11:600 Bad
2019-08-07 09:56:14:600 Unable to cast object of type 'System.String' to type 'System.Byte[]'.
2019-08-07 09:56:17:600 Bad
2019-08-07 09:56:20:601 Object reference not set to an instance of an object.
2019-08-07 09:56:23:602 Bad
2019-08-07 09:56:54:418 The underlying provider failed on Open.
2019-08-07 09:56:54:418 断开与OPC Server的连接
2019-08-07 09:56:58:246 Bad
2019-08-07 09:57:01:668 Bad
2019-08-07 09:57:05:098 Bad
2019-08-07 09:57:08:520 Bad
2019-08-07 09:57:10:286 The underlying provider failed on Open.
2019-08-07 09:57:10:286 尝试与OPC Server建立连接
2019-08-07 09:57:10:286 The underlying provider failed on Open.
2019-08-07 09:57:10:286 与OPC Server建立连接成功
2019-08-07 09:57:11:942 Bad
2019-08-07 09:57:14:943 Value cannot be null.
Parameter name: first
2019-08-07 09:57:14:943 Unable to cast object of type 'System.String' to type 'System.Byte[]'.
2019-08-07 09:57:17:943 Bad
2019-08-07 09:57:20:943 Value cannot be null.
Parameter name: first
2019-08-07 09:57:23:944 Bad
2019-08-07 09:57:26:944 Value cannot be null.
Parameter name: first
2019-08-07 09:57:29:944 Bad
2019-08-07 09:57:59:337 The underlying provider failed on Open.
2019-08-07 09:57:59:337 断开与OPC Server的连接
2019-08-07 09:58:03:025 Bad
2019-08-07 09:58:06:458 Bad
2019-08-07 09:58:09:880 Bad
2019-08-07 09:58:13:303 Bad
2019-08-07 09:58:15:209 The underlying provider failed on Open.
2019-08-07 09:58:15:209 尝试与OPC Server建立连接
2019-08-07 09:58:15:209 The underlying provider failed on Open.
2019-08-07 09:58:15:209 与OPC Server建立连接成功
2019-08-07 09:58:16:725 Bad
2019-08-07 09:58:19:725 Value cannot be null.
Parameter name: first
2019-08-07 09:58:19:725 Unable to cast object of type 'System.String' to type 'System.Byte[]'.
2019-08-07 09:58:22:725 Bad
2019-08-07 09:58:25:726 Object reference not set to an instance of an object.
2019-08-07 09:58:28:726 Bad
2019-08-07 09:58:31:727 Object reference not set to an instance of an object.
2019-08-07 09:58:31:727 Unable to cast object of type 'System.String' to type 'System.Byte[]'.
2019-08-07 09:58:34:727 Bad
2019-08-07 09:59:04:168 The underlying provider failed on Open.
2019-08-07 09:59:04:168 断开与OPC Server的连接
2019-08-07 09:59:07:818 Bad
2019-08-07 09:59:11:240 Bad
2019-08-07 09:59:14:662 Bad
2019-08-07 09:59:18:084 Bad
2019-08-07 09:59:20:038 The underlying provider failed on Open.
2019-08-07 09:59:20:038 尝试与OPC Server建立连接
2019-08-07 09:59:21:507 Bad
2019-08-07 09:59:24:929 Bad
2019-08-07 09:59:28:351 Bad
2019-08-07 09:59:31:774 Bad
2019-08-07 09:59:35:196 Bad
2019-08-07 09:59:35:384 The underlying provider failed on Open.
2019-08-07 09:59:35:384 与OPC Server建立连接成功
2019-08-07 09:59:38:399 Value cannot be null.
Parameter name: first
2019-08-07 09:59:41:400 Bad
2019-08-07 09:59:44:400 Unable to cast object of type 'System.String' to type 'System.Byte[]'.
2019-08-07 09:59:47:401 Bad
2019-08-07 09:59:50:401 Object reference not set to an instance of an object.
2019-08-07 09:59:50:401 Unable to cast object of type 'System.String' to type 'System.Byte[]'.
2019-08-07 09:59:53:401 Bad
