2019-08-06 16:00:13:516 The underlying provider failed on Open.
2019-08-06 16:00:13:516 断开与OPC Server的连接
2019-08-06 16:00:17:421 Bad
2019-08-06 16:00:20:828 Bad
2019-08-06 16:00:24:237 Bad
2019-08-06 16:00:27:646 Bad
2019-08-06 16:00:29:367 The underlying provider failed on Open.
2019-08-06 16:00:29:368 尝试与OPC Server建立连接
2019-08-06 16:00:29:369 The underlying provider failed on Open.
2019-08-06 16:00:29:371 与OPC Server建立连接成功
2019-08-06 16:00:31:055 Bad
2019-08-06 16:00:34:056 Value cannot be null.
Parameter name: first
2019-08-06 16:00:34:057 Unable to cast object of type 'System.String' to type 'System.Byte[]'.
2019-08-06 16:00:37:057 Bad
2019-08-06 16:00:40:058 Object reference not set to an instance of an object.
2019-08-06 16:00:40:058 Unable to cast object of type 'System.String' to type 'System.Byte[]'.
2019-08-06 16:00:43:061 Bad
2019-08-06 16:00:46:061 Value cannot be null.
Parameter name: first
2019-08-06 16:00:49:061 Bad
2019-08-06 16:01:17:950 The underlying provider failed on Open.
2019-08-06 16:01:17:950 断开与OPC Server的连接
2019-08-06 16:01:21:716 Bad
2019-08-06 16:01:25:126 Bad
2019-08-06 16:01:28:536 Bad
2019-08-06 16:01:31:943 Bad
2019-08-06 16:01:33:818 The underlying provider failed on Open.
2019-08-06 16:01:33:818 尝试与OPC Server建立连接
2019-08-06 16:01:33:820 The underlying provider failed on Open.
2019-08-06 16:01:33:821 与OPC Server建立连接成功
2019-08-06 16:01:35:357 Bad
2019-08-06 16:01:38:358 Value cannot be null.
Parameter name: first
2019-08-06 16:01:38:358 Unable to cast object of type 'System.String' to type 'System.Byte[]'.
2019-08-06 16:01:41:361 Bad
2019-08-06 16:01:44:361 Object reference not set to an instance of an object.
2019-08-06 16:01:47:361 Bad
2019-08-06 16:01:50:362 Object reference not set to an instance of an object.
2019-08-06 16:01:53:364 Bad
2019-08-06 16:02:22:397 The underlying provider failed on Open.
2019-08-06 16:02:22:399 断开与OPC Server的连接
2019-08-06 16:02:26:012 Bad
2019-08-06 16:02:29:420 Bad
2019-08-06 16:02:32:828 Bad
2019-08-06 16:02:36:238 Bad
2019-08-06 16:02:38:250 The underlying provider failed on Open.
2019-08-06 16:02:38:251 尝试与OPC Server建立连接
2019-08-06 16:02:39:647 Bad
2019-08-06 16:02:43:058 Bad
2019-08-06 16:02:46:464 Bad
2019-08-06 16:02:49:878 Bad
2019-08-06 16:02:53:283 Bad
2019-08-06 16:02:53:588 The underlying provider failed on Open.
2019-08-06 16:02:53:589 与OPC Server建立连接成功
2019-08-06 16:02:56:603 Value cannot be null.
Parameter name: first
2019-08-06 16:02:56:604 Unable to cast object of type 'System.String' to type 'System.Byte[]'.
2019-08-06 16:02:59:604 Bad
2019-08-06 16:03:02:604 Object reference not set to an instance of an object.
2019-08-06 16:03:05:603 Bad
2019-08-06 16:03:08:605 Object reference not set to an instance of an object.
2019-08-06 16:03:11:607 Bad
2019-08-06 16:03:42:351 The underlying provider failed on Open.
2019-08-06 16:03:42:354 断开与OPC Server的连接
2019-08-06 16:03:46:265 Bad
2019-08-06 16:03:49:671 Bad
2019-08-06 16:03:53:082 Bad
2019-08-06 16:03:56:491 Bad
2019-08-06 16:03:58:213 The underlying provider failed on Open.
2019-08-06 16:03:58:216 尝试与OPC Server建立连接
2019-08-06 16:03:58:220 The underlying provider failed on Open.
2019-08-06 16:03:58:222 与OPC Server建立连接成功
2019-08-06 16:03:59:903 Bad
2019-08-06 16:04:02:902 Object reference not set to an instance of an object.
2019-08-06 16:04:02:903 Unable to cast object of type 'System.String' to type 'System.Byte[]'.
2019-08-06 16:04:05:905 Bad
2019-08-06 16:04:08:905 Object reference not set to an instance of an object.
2019-08-06 16:04:11:907 Bad
2019-08-06 16:04:14:907 Object reference not set to an instance of an object.
2019-08-06 16:04:17:909 Bad
2019-08-06 16:04:46:790 The underlying provider failed on Open.
2019-08-06 16:04:46:791 断开与OPC Server的连接
2019-08-06 16:04:50:566 Bad
2019-08-06 16:04:53:978 Bad
2019-08-06 16:04:57:388 Bad
2019-08-06 16:05:00:793 Bad
2019-08-06 16:05:02:648 The underlying provider failed on Open.
2019-08-06 16:05:02:651 尝试与OPC Server建立连接
2019-08-06 16:05:02:654 The underlying provider failed on Open.
2019-08-06 16:05:02:654 与OPC Server建立连接成功
2019-08-06 16:05:04:202 Bad
2019-08-06 16:05:07:203 Value cannot be null.
Parameter name: first
2019-08-06 16:05:07:203 Unable to cast object of type 'System.String' to type 'System.Byte[]'.
2019-08-06 16:05:10:205 Bad
2019-08-06 16:05:13:207 Object reference not set to an instance of an object.
2019-08-06 16:05:13:209 Unable to cast object of type 'System.String' to type 'System.Byte[]'.
2019-08-06 16:05:16:207 Bad
2019-08-06 16:05:19:208 Object reference not set to an instance of an object.
2019-08-06 16:05:22:209 Bad
2019-08-06 16:05:51:222 The underlying provider failed on Open.
2019-08-06 16:05:51:223 断开与OPC Server的连接
2019-08-06 16:05:54:856 Bad
2019-08-06 16:05:58:258 Bad
2019-08-06 16:06:01:667 Bad
2019-08-06 16:06:05:076 Bad
2019-08-06 16:06:07:099 The underlying provider failed on Open.
2019-08-06 16:06:07:101 尝试与OPC Server建立连接
2019-08-06 16:06:07:102 The underlying provider failed on Open.
2019-08-06 16:06:07:104 与OPC Server建立连接成功
2019-08-06 16:06:08:487 Bad
2019-08-06 16:06:11:487 Object reference not set to an instance of an object.
2019-08-06 16:06:14:489 Bad
2019-08-06 16:06:17:492 Object reference not set to an instance of an object.
2019-08-06 16:06:20:493 Bad
2019-08-06 16:06:23:494 Object reference not set to an instance of an object.
2019-08-06 16:06:26:495 Bad
2019-08-06 16:06:55:658 The underlying provider failed on Open.
2019-08-06 16:06:55:659 断开与OPC Server的连接
2019-08-06 16:06:59:545 Bad
2019-08-06 16:07:02:953 Bad
2019-08-06 16:07:06:363 Bad
2019-08-06 16:07:09:769 Bad
2019-08-06 16:07:11:510 The underlying provider failed on Open.
2019-08-06 16:07:11:510 尝试与OPC Server建立连接
2019-08-06 16:07:13:178 Bad
2019-08-06 16:07:16:591 Bad
2019-08-06 16:07:19:997 Bad
2019-08-06 16:07:23:409 Bad
2019-08-06 16:07:26:818 Bad
2019-08-06 16:07:26:848 The underlying provider failed on Open.
2019-08-06 16:07:26:851 与OPC Server建立连接成功
2019-08-06 16:07:29:857 Object reference not set to an instance of an object.
2019-08-06 16:07:32:861 Bad
2019-08-06 16:07:35:863 Object reference not set to an instance of an object.
2019-08-06 16:07:35:865 Unable to cast object of type 'System.String' to type 'System.Byte[]'.
2019-08-06 16:07:38:864 Bad
2019-08-06 16:07:41:865 Unable to cast object of type 'System.String' to type 'System.Byte[]'.
2019-08-06 16:07:44:868 Bad
2019-08-06 16:08:15:605 The underlying provider failed on Open.
2019-08-06 16:08:15:605 断开与OPC Server的连接
2019-08-06 16:08:19:517 Bad
2019-08-06 16:08:22:923 Bad
2019-08-06 16:08:26:338 Bad
2019-08-06 16:08:29:748 Bad
2019-08-06 16:08:31:462 The underlying provider failed on Open.
2019-08-06 16:08:31:464 尝试与OPC Server建立连接
2019-08-06 16:08:31:465 The underlying provider failed on Open.
2019-08-06 16:08:31:466 与OPC Server建立连接成功
2019-08-06 16:08:33:159 Bad
2019-08-06 16:08:36:159 Value cannot be null.
Parameter name: first
2019-08-06 16:08:36:160 Unable to cast object of type 'System.String' to type 'System.Byte[]'.
2019-08-06 16:08:39:162 Bad
2019-08-06 16:08:42:162 Value cannot be null.
Parameter name: first
2019-08-06 16:08:45:163 Bad
2019-08-06 16:08:48:164 Value cannot be null.
Parameter name: first
2019-08-06 16:08:51:167 Bad
2019-08-06 16:09:20:034 The underlying provider failed on Open.
2019-08-06 16:09:20:034 断开与OPC Server的连接
2019-08-06 16:09:23:819 Bad
2019-08-06 16:09:27:229 Bad
2019-08-06 16:09:30:641 Bad
2019-08-06 16:09:34:053 Bad
2019-08-06 16:09:35:903 The underlying provider failed on Open.
2019-08-06 16:09:35:903 尝试与OPC Server建立连接
2019-08-06 16:09:35:905 The underlying provider failed on Open.
2019-08-06 16:09:35:905 与OPC Server建立连接成功
2019-08-06 16:09:37:467 Bad
2019-08-06 16:09:40:467 Value cannot be null.
Parameter name: first
2019-08-06 16:09:43:469 Bad
2019-08-06 16:09:46:469 Object reference not set to an instance of an object.
2019-08-06 16:09:46:470 Unable to cast object of type 'System.String' to type 'System.Byte[]'.
2019-08-06 16:09:49:470 Bad
2019-08-06 16:09:52:472 Object reference not set to an instance of an object.
2019-08-06 16:09:55:472 Bad
2019-08-06 16:10:24:469 The underlying provider failed on Open.
2019-08-06 16:10:24:472 断开与OPC Server的连接
2019-08-06 16:10:28:119 Bad
2019-08-06 16:10:31:524 Bad
2019-08-06 16:10:34:937 Bad
2019-08-06 16:10:38:345 Bad
2019-08-06 16:10:40:338 The underlying provider failed on Open.
2019-08-06 16:10:40:340 尝试与OPC Server建立连接
2019-08-06 16:10:41:754 Bad
2019-08-06 16:10:45:162 Bad
2019-08-06 16:10:48:576 Bad
2019-08-06 16:10:51:988 Bad
2019-08-06 16:10:55:396 Bad
2019-08-06 16:10:55:675 The underlying provider failed on Open.
2019-08-06 16:10:55:676 与OPC Server建立连接成功
2019-08-06 16:10:58:684 Value cannot be null.
Parameter name: first
2019-08-06 16:11:01:685 Bad
2019-08-06 16:11:04:687 Object reference not set to an instance of an object.
2019-08-06 16:11:07:689 Bad
2019-08-06 16:11:10:691 Object reference not set to an instance of an object.
2019-08-06 16:11:10:692 Unable to cast object of type 'System.String' to type 'System.Byte[]'.
2019-08-06 16:11:13:692 Bad
2019-08-06 16:11:44:417 The underlying provider failed on Open.
2019-08-06 16:11:44:417 断开与OPC Server的连接
2019-08-06 16:11:48:344 Bad
2019-08-06 16:11:51:749 Bad
2019-08-06 16:11:55:163 Bad
2019-08-06 16:11:58:575 Bad
2019-08-06 16:12:00:297 The underlying provider failed on Open.
2019-08-06 16:12:00:297 尝试与OPC Server建立连接
2019-08-06 16:12:00:299 The underlying provider failed on Open.
2019-08-06 16:12:00:299 与OPC Server建立连接成功
2019-08-06 16:12:01:982 Bad
2019-08-06 16:12:04:984 Value cannot be null.
Parameter name: first
2019-08-06 16:12:04:986 Unable to cast object of type 'System.String' to type 'System.Byte[]'.
2019-08-06 16:12:07:986 Bad
2019-08-06 16:12:10:985 Object reference not set to an instance of an object.
2019-08-06 16:12:13:989 Bad
2019-08-06 16:12:16:992 Object reference not set to an instance of an object.
2019-08-06 16:12:16:994 Unable to cast object of type 'System.String' to type 'System.Byte[]'.
2019-08-06 16:12:19:992 Bad
2019-08-06 16:12:48:855 The underlying provider failed on Open.
2019-08-06 16:12:48:855 断开与OPC Server的连接
2019-08-06 16:12:52:640 Bad
2019-08-06 16:12:56:053 Bad
2019-08-06 16:12:59:460 Bad
2019-08-06 16:13:02:870 Bad
2019-08-06 16:13:04:715 The underlying provider failed on Open.
2019-08-06 16:13:04:715 尝试与OPC Server建立连接
2019-08-06 16:13:04:717 The underlying provider failed on Open.
2019-08-06 16:13:04:718 与OPC Server建立连接成功
2019-08-06 16:13:06:281 Bad
2019-08-06 16:13:09:283 Value cannot be null.
Parameter name: first
2019-08-06 16:13:09:285 Unable to cast object of type 'System.String' to type 'System.Byte[]'.
2019-08-06 16:13:12:286 Bad
2019-08-06 16:13:15:285 Object reference not set to an instance of an object.
2019-08-06 16:13:18:287 Bad
2019-08-06 16:13:21:288 Object reference not set to an instance of an object.
2019-08-06 16:13:24:291 Bad
2019-08-06 16:13:53:289 The underlying provider failed on Open.
2019-08-06 16:13:53:290 断开与OPC Server的连接
2019-08-06 16:13:56:939 Bad
2019-08-06 16:14:00:349 Bad
2019-08-06 16:14:03:760 Bad
2019-08-06 16:14:07:171 Bad
2019-08-06 16:14:09:147 The underlying provider failed on Open.
2019-08-06 16:14:09:147 尝试与OPC Server建立连接
2019-08-06 16:14:10:584 Bad
2019-08-06 16:14:13:996 Bad
2019-08-06 16:14:17:404 Bad
2019-08-06 16:14:20:814 Bad
2019-08-06 16:14:24:225 Bad
2019-08-06 16:14:24:486 The underlying provider failed on Open.
2019-08-06 16:14:24:487 与OPC Server建立连接成功
2019-08-06 16:14:27:496 Object reference not set to an instance of an object.
2019-08-06 16:14:30:499 Bad
2019-08-06 16:14:33:500 Object reference not set to an instance of an object.
2019-08-06 16:14:36:502 Bad
2019-08-06 16:14:39:501 Object reference not set to an instance of an object.
2019-08-06 16:14:39:502 Unable to cast object of type 'System.String' to type 'System.Byte[]'.
2019-08-06 16:14:42:504 Bad
2019-08-06 16:15:13:238 The underlying provider failed on Open.
2019-08-06 16:15:13:240 断开与OPC Server的连接
2019-08-06 16:15:17:155 Bad
2019-08-06 16:15:20:563 Bad
2019-08-06 16:15:23:974 Bad
2019-08-06 16:15:27:381 Bad
2019-08-06 16:15:29:096 The underlying provider failed on Open.
2019-08-06 16:15:29:097 尝试与OPC Server建立连接
2019-08-06 16:15:29:098 The underlying provider failed on Open.
2019-08-06 16:15:29:099 与OPC Server建立连接成功
2019-08-06 16:15:30:791 Bad
2019-08-06 16:15:33:792 Value cannot be null.
Parameter name: first
2019-08-06 16:15:33:795 Unable to cast object of type 'System.String' to type 'System.Byte[]'.
2019-08-06 16:15:36:795 Bad
2019-08-06 16:15:39:795 Object reference not set to an instance of an object.
2019-08-06 16:15:42:795 Bad
2019-08-06 16:15:45:795 Object reference not set to an instance of an object.
2019-08-06 16:15:45:795 Value cannot be null.
Parameter name: first
2019-08-06 16:15:48:798 Bad
2019-08-06 16:16:17:667 The underlying provider failed on Open.
2019-08-06 16:16:17:668 断开与OPC Server的连接
2019-08-06 16:16:21:449 Bad
2019-08-06 16:16:24:855 Bad
2019-08-06 16:16:28:272 Bad
2019-08-06 16:16:31:686 Bad
2019-08-06 16:16:33:523 The underlying provider failed on Open.
2019-08-06 16:16:33:523 尝试与OPC Server建立连接
2019-08-06 16:16:33:525 The underlying provider failed on Open.
2019-08-06 16:16:33:525 与OPC Server建立连接成功
2019-08-06 16:16:35:100 Bad
2019-08-06 16:16:38:100 Value cannot be null.
Parameter name: first
2019-08-06 16:16:38:101 Unable to cast object of type 'System.String' to type 'System.Byte[]'.
2019-08-06 16:16:41:102 Bad
2019-08-06 16:16:44:101 Object reference not set to an instance of an object.
2019-08-06 16:16:47:102 Bad
2019-08-06 16:16:50:105 Object reference not set to an instance of an object.
2019-08-06 16:16:50:106 Unable to cast object of type 'System.String' to type 'System.Byte[]'.
2019-08-06 16:16:53:103 Bad
2019-08-06 16:17:22:099 The underlying provider failed on Open.
2019-08-06 16:17:22:101 断开与OPC Server的连接
2019-08-06 16:17:25:751 Bad
2019-08-06 16:17:29:163 Bad
2019-08-06 16:17:32:575 Bad
2019-08-06 16:17:35:985 Bad
2019-08-06 16:17:37:961 The underlying provider failed on Open.
2019-08-06 16:17:37:962 尝试与OPC Server建立连接
2019-08-06 16:17:39:389 Bad
2019-08-06 16:17:42:794 Bad
2019-08-06 16:17:46:199 Bad
2019-08-06 16:17:49:604 Bad
2019-08-06 16:17:53:017 Bad
2019-08-06 16:17:53:295 The underlying provider failed on Open.
2019-08-06 16:17:53:295 与OPC Server建立连接成功
2019-08-06 16:17:56:303 Object reference not set to an instance of an object.
2019-08-06 16:17:56:304 Unable to cast object of type 'System.String' to type 'System.Byte[]'.
2019-08-06 16:17:59:303 Bad
2019-08-06 16:18:02:303 Object reference not set to an instance of an object.
2019-08-06 16:18:02:303 Unable to cast object of type 'System.String' to type 'System.Byte[]'.
2019-08-06 16:18:05:303 Bad
2019-08-06 16:18:08:306 Object reference not set to an instance of an object.
2019-08-06 16:18:08:308 Value cannot be null.
Parameter name: first
2019-08-06 16:18:11:307 Bad
2019-08-06 16:18:42:052 The underlying provider failed on Open.
2019-08-06 16:18:42:052 断开与OPC Server的连接
2019-08-06 16:18:45:948 Bad
2019-08-06 16:18:49:365 Bad
2019-08-06 16:18:52:775 Bad
2019-08-06 16:18:56:188 Bad
2019-08-06 16:18:57:909 The underlying provider failed on Open.
2019-08-06 16:18:57:909 尝试与OPC Server建立连接
2019-08-06 16:18:57:911 The underlying provider failed on Open.
2019-08-06 16:18:57:912 与OPC Server建立连接成功
2019-08-06 16:18:59:599 Bad
2019-08-06 16:19:02:599 Value cannot be null.
Parameter name: first
2019-08-06 16:19:05:602 Bad
2019-08-06 16:19:08:602 Object reference not set to an instance of an object.
2019-08-06 16:19:11:605 Bad
2019-08-06 16:19:14:606 Object reference not set to an instance of an object.
2019-08-06 16:19:17:609 Bad
2019-08-06 16:19:46:482 The underlying provider failed on Open.
2019-08-06 16:19:46:484 断开与OPC Server的连接
2019-08-06 16:19:50:252 Bad
2019-08-06 16:19:53:663 Bad
2019-08-06 16:19:57:074 Bad
2019-08-06 16:20:00:480 Bad
2019-08-06 16:20:02:360 The underlying provider failed on Open.
2019-08-06 16:20:02:361 尝试与OPC Server建立连接
2019-08-06 16:20:02:363 The underlying provider failed on Open.
2019-08-06 16:20:02:364 与OPC Server建立连接成功
2019-08-06 16:20:03:892 Bad
2019-08-06 16:20:06:894 Value cannot be null.
Parameter name: first
2019-08-06 16:20:06:896 Unable to cast object of type 'System.String' to type 'System.Byte[]'.
2019-08-06 16:20:09:894 Bad
2019-08-06 16:20:12:895 Object reference not set to an instance of an object.
2019-08-06 16:20:15:895 Bad
2019-08-06 16:20:18:898 Object reference not set to an instance of an object.
2019-08-06 16:20:21:899 Bad
2019-08-06 16:20:50:913 The underlying provider failed on Open.
2019-08-06 16:20:50:914 断开与OPC Server的连接
2019-08-06 16:20:54:553 Bad
2019-08-06 16:20:57:958 Bad
2019-08-06 16:21:01:365 Bad
2019-08-06 16:21:04:771 Bad
2019-08-06 16:21:06:787 The underlying provider failed on Open.
2019-08-06 16:21:06:789 尝试与OPC Server建立连接
2019-08-06 16:21:06:791 The underlying provider failed on Open.
2019-08-06 16:21:06:792 与OPC Server建立连接成功
2019-08-06 16:21:08:182 Bad
2019-08-06 16:21:11:181 Value cannot be null.
Parameter name: first
2019-08-06 16:21:11:182 Unable to cast object of type 'System.String' to type 'System.Byte[]'.
2019-08-06 16:21:14:183 Bad
2019-08-06 16:21:17:184 Object reference not set to an instance of an object.
2019-08-06 16:21:20:186 Bad
2019-08-06 16:21:23:187 Object reference not set to an instance of an object.
2019-08-06 16:21:26:188 Bad
2019-08-06 16:21:55:342 The underlying provider failed on Open.
2019-08-06 16:21:55:343 断开与OPC Server的连接
2019-08-06 16:21:59:238 Bad
2019-08-06 16:22:02:651 Bad
2019-08-06 16:22:06:060 Bad
2019-08-06 16:22:09:471 Bad
2019-08-06 16:22:11:203 The underlying provider failed on Open.
2019-08-06 16:22:11:206 尝试与OPC Server建立连接
2019-08-06 16:22:12:878 Bad
2019-08-06 16:22:16:292 Bad
2019-08-06 16:22:19:700 Bad
2019-08-06 16:22:23:108 Bad
2019-08-06 16:22:26:515 Bad
2019-08-06 16:22:26:543 The underlying provider failed on Open.
2019-08-06 16:22:26:544 与OPC Server建立连接成功
2019-08-06 16:22:29:549 Value cannot be null.
Parameter name: first
2019-08-06 16:22:29:550 Unable to cast object of type 'System.String' to type 'System.Byte[]'.
2019-08-06 16:22:32:549 Bad
2019-08-06 16:22:35:551 Value cannot be null.
Parameter name: first
2019-08-06 16:22:35:553 Unable to cast object of type 'System.String' to type 'System.Byte[]'.
2019-08-06 16:22:38:553 Bad
2019-08-06 16:22:41:554 Object reference not set to an instance of an object.
2019-08-06 16:22:41:555 Unable to cast object of type 'System.String' to type 'System.Byte[]'.
2019-08-06 16:22:44:555 Bad
2019-08-06 16:23:15:291 The underlying provider failed on Open.
2019-08-06 16:23:15:291 断开与OPC Server的连接
2019-08-06 16:23:19:209 Bad
2019-08-06 16:23:22:625 Bad
2019-08-06 16:23:26:037 Bad
2019-08-06 16:23:29:448 Bad
2019-08-06 16:23:31:148 The underlying provider failed on Open.
2019-08-06 16:23:31:148 尝试与OPC Server建立连接
2019-08-06 16:23:31:149 The underlying provider failed on Open.
2019-08-06 16:23:31:150 与OPC Server建立连接成功
2019-08-06 16:23:32:854 Bad
2019-08-06 16:23:35:854 Object reference not set to an instance of an object.
2019-08-06 16:23:38:854 Bad
2019-08-06 16:23:41:854 Object reference not set to an instance of an object.
2019-08-06 16:23:41:855 Unable to cast object of type 'System.String' to type 'System.Byte[]'.
2019-08-06 16:23:44:855 Bad
2019-08-06 16:23:47:857 Object reference not set to an instance of an object.
2019-08-06 16:23:50:858 Bad
2019-08-06 16:24:19:726 The underlying provider failed on Open.
2019-08-06 16:24:19:726 断开与OPC Server的连接
2019-08-06 16:24:23:511 Bad
2019-08-06 16:24:26:918 Bad
2019-08-06 16:24:30:324 Bad
2019-08-06 16:24:33:735 Bad
2019-08-06 16:24:35:585 The underlying provider failed on Open.
2019-08-06 16:24:35:587 尝试与OPC Server建立连接
2019-08-06 16:24:35:591 The underlying provider failed on Open.
2019-08-06 16:24:35:592 与OPC Server建立连接成功
2019-08-06 16:24:37:147 Bad
2019-08-06 16:24:40:147 Value cannot be null.
Parameter name: first
2019-08-06 16:24:40:147 Unable to cast object of type 'System.String' to type 'System.Byte[]'.
2019-08-06 16:24:43:147 Bad
2019-08-06 16:24:46:150 Value cannot be null.
Parameter name: first
2019-08-06 16:24:49:149 Bad
2019-08-06 16:24:52:149 Object reference not set to an instance of an object.
2019-08-06 16:24:52:150 Unable to cast object of type 'System.String' to type 'System.Byte[]'.
2019-08-06 16:24:55:150 Bad
2019-08-06 16:25:24:153 The underlying provider failed on Open.
2019-08-06 16:25:24:153 断开与OPC Server的连接
2019-08-06 16:25:27:802 Bad
2019-08-06 16:25:31:209 Bad
2019-08-06 16:25:34:618 Bad
2019-08-06 16:25:38:033 Bad
2019-08-06 16:25:40:018 The underlying provider failed on Open.
2019-08-06 16:25:40:018 尝试与OPC Server建立连接
2019-08-06 16:25:41:447 Bad
2019-08-06 16:25:44:853 Bad
2019-08-06 16:25:48:257 Bad
2019-08-06 16:25:51:670 Bad
2019-08-06 16:25:55:074 Bad
2019-08-06 16:25:55:352 The underlying provider failed on Open.
2019-08-06 16:25:55:353 与OPC Server建立连接成功
2019-08-06 16:25:58:357 Value cannot be null.
Parameter name: first
2019-08-06 16:26:01:357 Bad
2019-08-06 16:26:04:360 Object reference not set to an instance of an object.
2019-08-06 16:26:07:361 Bad
2019-08-06 16:26:10:361 Object reference not set to an instance of an object.
2019-08-06 16:26:13:362 Bad
2019-08-06 16:26:16:364 Object reference not set to an instance of an object.
2019-08-06 16:26:16:366 Unable to cast object of type 'System.String' to type 'System.Byte[]'.
2019-08-06 16:26:19:367 Bad
2019-08-06 16:26:49:106 The underlying provider failed on Open.
2019-08-06 16:26:49:106 断开与OPC Server的连接
2019-08-06 16:26:52:814 Bad
2019-08-06 16:26:56:218 Bad
2019-08-06 16:26:59:628 Bad
2019-08-06 16:27:03:032 Bad
2019-08-06 16:27:04:960 The underlying provider failed on Open.
2019-08-06 16:27:04:960 尝试与OPC Server建立连接
2019-08-06 16:27:04:962 The underlying provider failed on Open.
2019-08-06 16:27:04:962 与OPC Server建立连接成功
2019-08-06 16:27:06:441 Bad
2019-08-06 16:27:09:442 Object reference not set to an instance of an object.
2019-08-06 16:27:09:443 Unable to cast object of type 'System.String' to type 'System.Byte[]'.
2019-08-06 16:27:12:446 Bad
2019-08-06 16:27:15:447 Object reference not set to an instance of an object.
2019-08-06 16:27:18:449 Bad
2019-08-06 16:27:21:451 Object reference not set to an instance of an object.
2019-08-06 16:27:24:451 Bad
2019-08-06 16:27:53:526 The underlying provider failed on Open.
2019-08-06 16:27:53:527 断开与OPC Server的连接
2019-08-06 16:27:57:098 Bad
2019-08-06 16:28:00:508 Bad
2019-08-06 16:28:03:914 Bad
2019-08-06 16:28:07:319 Bad
2019-08-06 16:28:09:382 The underlying provider failed on Open.
2019-08-06 16:28:09:382 尝试与OPC Server建立连接
2019-08-06 16:28:10:732 Bad
2019-08-06 16:28:14:138 Bad
2019-08-06 16:28:17:552 Bad
2019-08-06 16:28:20:958 Bad
2019-08-06 16:28:24:365 Bad
2019-08-06 16:28:24:718 The underlying provider failed on Open.
2019-08-06 16:28:24:718 与OPC Server建立连接成功
2019-08-06 16:28:27:727 Value cannot be null.
Parameter name: first
2019-08-06 16:28:27:729 Unable to cast object of type 'System.String' to type 'System.Byte[]'.
2019-08-06 16:28:30:726 Bad
2019-08-06 16:28:33:729 Object reference not set to an instance of an object.
2019-08-06 16:28:36:728 Bad
2019-08-06 16:28:39:728 Object reference not set to an instance of an object.
2019-08-06 16:28:42:730 Bad
2019-08-06 16:29:13:464 The underlying provider failed on Open.
2019-08-06 16:29:13:466 断开与OPC Server的连接
2019-08-06 16:29:17:377 Bad
2019-08-06 16:29:20:781 Bad
2019-08-06 16:29:24:194 Bad
2019-08-06 16:29:27:604 Bad
2019-08-06 16:29:29:325 The underlying provider failed on Open.
2019-08-06 16:29:29:326 尝试与OPC Server建立连接
2019-08-06 16:29:29:327 The underlying provider failed on Open.
2019-08-06 16:29:29:328 与OPC Server建立连接成功
2019-08-06 16:29:31:011 Bad
2019-08-06 16:29:34:011 Value cannot be null.
Parameter name: first
2019-08-06 16:29:34:012 Unable to cast object of type 'System.String' to type 'System.Byte[]'.
2019-08-06 16:29:37:012 Bad
2019-08-06 16:29:40:012 Object reference not set to an instance of an object.
2019-08-06 16:29:43:013 Bad
2019-08-06 16:29:46:014 Object reference not set to an instance of an object.
2019-08-06 16:29:49:013 Bad
2019-08-06 16:30:17:891 The underlying provider failed on Open.
2019-08-06 16:30:17:893 断开与OPC Server的连接
2019-08-06 16:30:21:660 Bad
2019-08-06 16:30:25:068 Bad
2019-08-06 16:30:28:473 Bad
2019-08-06 16:30:31:888 Bad
2019-08-06 16:30:33:749 The underlying provider failed on Open.
2019-08-06 16:30:33:751 尝试与OPC Server建立连接
2019-08-06 16:30:33:756 The underlying provider failed on Open.
2019-08-06 16:30:33:759 与OPC Server建立连接成功
2019-08-06 16:30:35:293 Bad
2019-08-06 16:30:38:296 Value cannot be null.
Parameter name: first
2019-08-06 16:30:38:299 Unable to cast object of type 'System.String' to type 'System.Byte[]'.
2019-08-06 16:30:41:295 Bad
2019-08-06 16:30:44:297 Object reference not set to an instance of an object.
2019-08-06 16:30:47:298 Bad
2019-08-06 16:30:50:301 Object reference not set to an instance of an object.
2019-08-06 16:30:53:302 Bad
2019-08-06 16:31:22:318 The underlying provider failed on Open.
2019-08-06 16:31:22:318 断开与OPC Server的连接
2019-08-06 16:31:25:942 Bad
2019-08-06 16:31:29:351 Bad
2019-08-06 16:31:32:756 Bad
2019-08-06 16:31:36:170 Bad
2019-08-06 16:31:38:192 The underlying provider failed on Open.
2019-08-06 16:31:38:193 尝试与OPC Server建立连接
2019-08-06 16:31:39:577 Bad
2019-08-06 16:31:42:991 Bad
2019-08-06 16:31:46:394 Bad
2019-08-06 16:31:49:805 Bad
2019-08-06 16:31:53:217 Bad
2019-08-06 16:31:53:529 The underlying provider failed on Open.
2019-08-06 16:31:53:534 与OPC Server建立连接成功
2019-08-06 16:31:56:552 Object reference not set to an instance of an object.
2019-08-06 16:31:56:552 Unable to cast object of type 'System.String' to type 'System.Byte[]'.
2019-08-06 16:31:59:554 Bad
2019-08-06 16:32:02:554 Value cannot be null.
Parameter name: first
2019-08-06 16:32:05:556 Bad
2019-08-06 16:32:08:558 Object reference not set to an instance of an object.
2019-08-06 16:32:11:557 Bad
2019-08-06 16:32:42:265 The underlying provider failed on Open.
2019-08-06 16:32:42:265 断开与OPC Server的连接
2019-08-06 16:32:46:205 Bad
2019-08-06 16:32:49:617 Bad
2019-08-06 16:32:53:022 Bad
2019-08-06 16:32:56:426 Bad
2019-08-06 16:32:58:140 The underlying provider failed on Open.
2019-08-06 16:32:58:141 尝试与OPC Server建立连接
2019-08-06 16:32:58:143 The underlying provider failed on Open.
2019-08-06 16:32:58:144 与OPC Server建立连接成功
2019-08-06 16:32:59:841 Bad
2019-08-06 16:33:02:842 Object reference not set to an instance of an object.
2019-08-06 16:33:02:842 Unable to cast object of type 'System.String' to type 'System.Byte[]'.
2019-08-06 16:33:05:843 Bad
2019-08-06 16:33:08:843 Object reference not set to an instance of an object.
2019-08-06 16:33:11:847 Bad
2019-08-06 16:33:14:846 Object reference not set to an instance of an object.
2019-08-06 16:33:14:847 Unable to cast object of type 'System.String' to type 'System.Byte[]'.
2019-08-06 16:33:17:849 Bad
2019-08-06 16:33:46:691 The underlying provider failed on Open.
2019-08-06 16:33:46:692 断开与OPC Server的连接
2019-08-06 16:33:50:494 Bad
2019-08-06 16:33:53:905 Bad
2019-08-06 16:33:57:316 Bad
2019-08-06 16:34:00:730 Bad
2019-08-06 16:34:02:549 The underlying provider failed on Open.
2019-08-06 16:34:02:552 尝试与OPC Server建立连接
2019-08-06 16:34:02:556 The underlying provider failed on Open.
2019-08-06 16:34:02:560 与OPC Server建立连接成功
2019-08-06 16:34:04:139 Bad
2019-08-06 16:34:07:140 Value cannot be null.
Parameter name: first
2019-08-06 16:34:10:140 Bad
2019-08-06 16:34:13:142 Object reference not set to an instance of an object.
2019-08-06 16:34:16:144 Bad
2019-08-06 16:34:19:144 Object reference not set to an instance of an object.
2019-08-06 16:34:19:144 Unable to cast object of type 'System.String' to type 'System.Byte[]'.
2019-08-06 16:34:22:145 Bad
2019-08-06 16:34:51:116 The underlying provider failed on Open.
2019-08-06 16:34:51:116 断开与OPC Server的连接
2019-08-06 16:34:54:801 Bad
2019-08-06 16:34:58:210 Bad
2019-08-06 16:35:01:621 Bad
2019-08-06 16:35:05:025 Bad
2019-08-06 16:35:06:967 The underlying provider failed on Open.
2019-08-06 16:35:06:968 尝试与OPC Server建立连接
2019-08-06 16:35:06:969 The underlying provider failed on Open.
2019-08-06 16:35:06:970 与OPC Server建立连接成功
2019-08-06 16:35:08:431 Bad
2019-08-06 16:35:11:431 Object reference not set to an instance of an object.
2019-08-06 16:35:11:432 Unable to cast object of type 'System.String' to type 'System.Byte[]'.
2019-08-06 16:35:14:432 Bad
2019-08-06 16:35:17:434 Object reference not set to an instance of an object.
2019-08-06 16:35:20:434 Bad
2019-08-06 16:35:23:435 Object reference not set to an instance of an object.
2019-08-06 16:35:26:438 Bad
2019-08-06 16:35:55:549 The underlying provider failed on Open.
2019-08-06 16:35:55:551 断开与OPC Server的连接
2019-08-06 16:35:59:491 Bad
2019-08-06 16:36:02:903 Bad
2019-08-06 16:36:06:312 Bad
2019-08-06 16:36:09:721 Bad
2019-08-06 16:36:11:432 The underlying provider failed on Open.
2019-08-06 16:36:11:435 尝试与OPC Server建立连接
2019-08-06 16:36:13:129 Bad
2019-08-06 16:36:16:534 Bad
2019-08-06 16:36:19:945 Bad
2019-08-06 16:36:23:351 Bad
2019-08-06 16:36:26:762 Bad
2019-08-06 16:36:26:777 The underlying provider failed on Open.
2019-08-06 16:36:26:779 与OPC Server建立连接成功
2019-08-06 16:36:29:792 Object reference not set to an instance of an object.
2019-08-06 16:36:29:792 Unable to cast object of type 'System.String' to type 'System.Byte[]'.
2019-08-06 16:36:32:793 Bad
2019-08-06 16:36:35:796 Object reference not set to an instance of an object.
2019-08-06 16:36:35:798 Unable to cast object of type 'System.String' to type 'System.Byte[]'.
2019-08-06 16:36:38:798 Bad
2019-08-06 16:36:41:799 Object reference not set to an instance of an object.
2019-08-06 16:36:41:799 Unable to cast object of type 'System.String' to type 'System.Byte[]'.
2019-08-06 16:36:44:798 Bad
2019-08-06 16:37:15:498 The underlying provider failed on Open.
2019-08-06 16:37:15:499 断开与OPC Server的连接
2019-08-06 16:37:19:056 Bad
2019-08-06 16:37:22:461 Bad
2019-08-06 16:37:25:868 Bad
2019-08-06 16:37:29:274 Bad
2019-08-06 16:37:31:376 The underlying provider failed on Open.
2019-08-06 16:37:31:377 尝试与OPC Server建立连接
2019-08-06 16:37:31:379 The underlying provider failed on Open.
2019-08-06 16:37:31:380 与OPC Server建立连接成功
2019-08-06 16:37:32:679 Bad
2019-08-06 16:37:35:679 Object reference not set to an instance of an object.
2019-08-06 16:37:35:679 Unable to cast object of type 'System.String' to type 'System.Byte[]'.
2019-08-06 16:37:38:679 Bad
2019-08-06 16:37:41:680 Object reference not set to an instance of an object.
2019-08-06 16:37:44:681 Bad
2019-08-06 16:37:47:682 Object reference not set to an instance of an object.
2019-08-06 16:37:50:681 Bad
2019-08-06 16:38:19:937 The underlying provider failed on Open.
2019-08-06 16:38:19:939 断开与OPC Server的连接
2019-08-06 16:38:23:740 Bad
2019-08-06 16:38:27:146 Bad
2019-08-06 16:38:30:561 Bad
2019-08-06 16:38:33:966 Bad
2019-08-06 16:38:35:461 The underlying provider failed on Open.
2019-08-06 16:38:35:462 尝试与OPC Server建立连接
2019-08-06 16:38:35:463 The underlying provider failed on Open.
2019-08-06 16:38:35:464 与OPC Server建立连接成功
2019-08-06 16:38:37:374 Bad
2019-08-06 16:38:40:375 Value cannot be null.
Parameter name: first
2019-08-06 16:38:43:374 Bad
2019-08-06 16:38:46:375 Object reference not set to an instance of an object.
2019-08-06 16:38:49:378 Bad
2019-08-06 16:38:52:377 Object reference not set to an instance of an object.
2019-08-06 16:38:55:380 Bad
2019-08-06 16:39:23:863 The underlying provider failed on Open.
2019-08-06 16:39:23:866 断开与OPC Server的连接
2019-08-06 16:39:27:630 Bad
2019-08-06 16:39:31:035 Bad
2019-08-06 16:39:34:446 Bad
2019-08-06 16:39:37:860 Bad
2019-08-06 16:39:39:731 The underlying provider failed on Open.
2019-08-06 16:39:39:732 尝试与OPC Server建立连接
2019-08-06 16:39:41:270 Bad
2019-08-06 16:39:44:680 Bad
2019-08-06 16:39:48:093 Bad
2019-08-06 16:39:51:499 Bad
2019-08-06 16:39:54:907 Bad
2019-08-06 16:39:55:068 The underlying provider failed on Open.
2019-08-06 16:39:55:068 与OPC Server建立连接成功
2019-08-06 16:39:58:079 Value cannot be null.
Parameter name: first
2019-08-06 16:39:58:081 Unable to cast object of type 'System.String' to type 'System.Byte[]'.
2019-08-06 16:40:01:081 Bad
2019-08-06 16:40:04:082 Object reference not set to an instance of an object.
2019-08-06 16:40:04:083 Value cannot be null.
Parameter name: first
2019-08-06 16:40:07:084 Bad
2019-08-06 16:40:10:084 Value cannot be null.
Parameter name: first
2019-08-06 16:40:13:085 Bad
2019-08-06 16:40:43:811 The underlying provider failed on Open.
2019-08-06 16:40:43:813 断开与OPC Server的连接
2019-08-06 16:40:47:732 Bad
2019-08-06 16:40:51:146 Bad
2019-08-06 16:40:54:554 Bad
2019-08-06 16:40:57:971 Bad
2019-08-06 16:40:59:684 The underlying provider failed on Open.
2019-08-06 16:40:59:685 尝试与OPC Server建立连接
2019-08-06 16:40:59:687 The underlying provider failed on Open.
2019-08-06 16:40:59:688 与OPC Server建立连接成功
2019-08-06 16:41:01:386 Bad
2019-08-06 16:41:04:387 Object reference not set to an instance of an object.
2019-08-06 16:41:04:388 Unable to cast object of type 'System.String' to type 'System.Byte[]'.
2019-08-06 16:41:07:390 Bad
2019-08-06 16:41:10:392 Object reference not set to an instance of an object.
2019-08-06 16:41:13:391 Bad
2019-08-06 16:41:16:393 Value cannot be null.
Parameter name: first
2019-08-06 16:41:19:393 Bad
2019-08-06 16:41:48:267 The underlying provider failed on Open.
2019-08-06 16:41:48:270 断开与OPC Server的连接
2019-08-06 16:41:52:049 Bad
2019-08-06 16:41:55:458 Bad
2019-08-06 16:41:58:867 Bad
2019-08-06 16:42:02:280 Bad
2019-08-06 16:42:04:144 The underlying provider failed on Open.
2019-08-06 16:42:04:146 尝试与OPC Server建立连接
2019-08-06 16:42:04:149 The underlying provider failed on Open.
2019-08-06 16:42:04:151 与OPC Server建立连接成功
2019-08-06 16:42:05:692 Bad
2019-08-06 16:42:08:692 Value cannot be null.
Parameter name: first
2019-08-06 16:42:11:693 Bad
2019-08-06 16:42:14:694 Object reference not set to an instance of an object.
2019-08-06 16:42:17:695 Bad
2019-08-06 16:42:20:695 Object reference not set to an instance of an object.
2019-08-06 16:42:20:695 Value cannot be null.
Parameter name: first
2019-08-06 16:42:23:695 Bad
2019-08-06 16:42:52:710 The underlying provider failed on Open.
2019-08-06 16:42:52:712 断开与OPC Server的连接
2019-08-06 16:42:56:341 Bad
2019-08-06 16:42:59:749 Bad
2019-08-06 16:43:03:159 Bad
2019-08-06 16:43:06:572 Bad
2019-08-06 16:43:08:587 The underlying provider failed on Open.
2019-08-06 16:43:08:587 尝试与OPC Server建立连接
2019-08-06 16:43:09:984 Bad
2019-08-06 16:43:13:396 Bad
2019-08-06 16:43:16:806 Bad
2019-08-06 16:43:20:217 Bad
2019-08-06 16:43:23:626 Bad
2019-08-06 16:43:23:922 The underlying provider failed on Open.
2019-08-06 16:43:23:923 与OPC Server建立连接成功
2019-08-06 16:43:26:928 Value cannot be null.
Parameter name: first
2019-08-06 16:43:26:928 Unable to cast object of type 'System.String' to type 'System.Byte[]'.
2019-08-06 16:43:29:929 Bad
2019-08-06 16:43:32:931 Object reference not set to an instance of an object.
2019-08-06 16:43:35:930 Bad
2019-08-06 16:43:38:930 Object reference not set to an instance of an object.
2019-08-06 16:43:41:931 Bad
2019-08-06 16:44:12:657 The underlying provider failed on Open.
2019-08-06 16:44:12:660 断开与OPC Server的连接
2019-08-06 16:44:13:667 One or more errors occurred.
2019-08-06 16:44:29:008 The underlying provider failed on Open.
2019-08-06 16:44:29:009 尝试与OPC Server建立连接
2019-08-06 16:44:29:011 The underlying provider failed on Open.
2019-08-06 16:44:29:012 与OPC Server建立连接失败
2019-08-06 16:44:37:807 Bad
2019-08-06 16:44:41:216 Bad
2019-08-06 16:44:44:621 Bad
2019-08-06 16:44:48:027 Bad
2019-08-06 16:44:51:434 Bad
2019-08-06 16:44:54:845 Bad
2019-08-06 16:44:58:258 Bad
2019-08-06 16:45:01:667 Bad
2019-08-06 16:45:05:079 Bad
2019-08-06 16:45:08:484 Bad
2019-08-06 16:45:11:891 Bad
2019-08-06 16:45:14:475 The underlying provider failed on Open.
2019-08-06 16:45:14:479 尝试与OPC Server建立连接
2019-08-06 16:45:15:302 Bad
2019-08-06 16:45:18:708 Bad
2019-08-06 16:45:22:117 Bad
2019-08-06 16:45:25:531 Bad
2019-08-06 16:45:28:938 Bad
2019-08-06 16:45:29:816 The underlying provider failed on Open.
2019-08-06 16:45:29:817 与OPC Server建立连接成功
2019-08-06 16:45:32:351 Bad
2019-08-06 16:45:35:354 Value cannot be null.
Parameter name: first
2019-08-06 16:45:35:357 Unable to cast object of type 'System.String' to type 'System.Byte[]'.
2019-08-06 16:45:38:354 Bad
2019-08-06 16:45:41:353 Object reference not set to an instance of an object.
2019-08-06 16:45:41:354 Unable to cast object of type 'System.String' to type 'System.Byte[]'.
2019-08-06 16:45:44:356 Bad
2019-08-06 16:45:47:356 Object reference not set to an instance of an object.
2019-08-06 16:45:47:357 Unable to cast object of type 'System.String' to type 'System.Byte[]'.
2019-08-06 16:45:49:823 BadSessionClosed
2019-08-06 16:46:18:590 The underlying provider failed on Open.
2019-08-06 16:46:18:590 断开与OPC Server的连接
2019-08-06 16:46:22:497 Bad
2019-08-06 16:46:25:919 Bad
2019-08-06 16:46:29:341 Bad
2019-08-06 16:46:32:763 Bad
2019-08-06 16:46:34:451 The underlying provider failed on Open.
2019-08-06 16:46:34:451 尝试与OPC Server建立连接
2019-08-06 16:46:34:451 The underlying provider failed on Open.
2019-08-06 16:46:34:451 与OPC Server建立连接成功
2019-08-06 16:46:36:186 Bad
2019-08-06 16:46:39:186 Object reference not set to an instance of an object.
2019-08-06 16:46:42:186 Bad
2019-08-06 16:46:45:198 Object reference not set to an instance of an object.
2019-08-06 16:46:48:210 Bad
2019-08-06 16:46:51:210 Object reference not set to an instance of an object.
2019-08-06 16:46:54:210 Bad
2019-08-06 16:47:23:104 The underlying provider failed on Open.
2019-08-06 16:47:23:104 断开与OPC Server的连接
2019-08-06 16:47:26:871 Bad
2019-08-06 16:47:30:293 Bad
2019-08-06 16:47:33:715 Bad
2019-08-06 16:47:37:137 Bad
2019-08-06 16:47:38:966 The underlying provider failed on Open.
2019-08-06 16:47:38:966 尝试与OPC Server建立连接
2019-08-06 16:47:40:570 Bad
2019-08-06 16:47:44:002 Bad
2019-08-06 16:47:47:432 Bad
2019-08-06 16:47:50:863 Bad
2019-08-06 16:47:54:295 Bad
2019-08-06 16:47:54:341 The underlying provider failed on Open.
2019-08-06 16:47:54:341 与OPC Server建立连接成功
2019-08-06 16:47:57:359 Object reference not set to an instance of an object.
2019-08-06 16:47:57:359 Unable to cast object of type 'System.String' to type 'System.Byte[]'.
2019-08-06 16:48:00:359 Bad
2019-08-06 16:48:03:361 Value cannot be null.
Parameter name: first
2019-08-06 16:48:06:361 Bad
2019-08-06 16:48:09:362 Object reference not set to an instance of an object.
2019-08-06 16:48:12:362 Bad
2019-08-06 16:48:43:192 The underlying provider failed on Open.
2019-08-06 16:48:43:192 断开与OPC Server的连接
2019-08-06 16:48:47:067 Bad
2019-08-06 16:48:50:489 Bad
2019-08-06 16:48:53:911 Bad
2019-08-06 16:48:57:334 Bad
2019-08-06 16:48:59:068 The underlying provider failed on Open.
2019-08-06 16:48:59:068 尝试与OPC Server建立连接
2019-08-06 16:48:59:068 The underlying provider failed on Open.
2019-08-06 16:48:59:068 与OPC Server建立连接成功
2019-08-06 16:49:00:755 Bad
2019-08-06 16:49:03:756 Object reference not set to an instance of an object.
2019-08-06 16:49:03:756 Unable to cast object of type 'System.String' to type 'System.Byte[]'.
2019-08-06 16:49:06:756 Bad
2019-08-06 16:49:09:756 Object reference not set to an instance of an object.
2019-08-06 16:49:12:769 Bad
2019-08-06 16:49:15:770 Object reference not set to an instance of an object.
2019-08-06 16:49:15:770 Unable to cast object of type 'System.String' to type 'System.Byte[]'.
2019-08-06 16:49:18:770 Bad
2019-08-06 16:49:48:079 The underlying provider failed on Open.
2019-08-06 16:49:48:079 断开与OPC Server的连接
2019-08-06 16:49:51:736 Bad
2019-08-06 16:49:55:158 Bad
2019-08-06 16:49:58:580 Bad
2019-08-06 16:50:02:004 Bad
2019-08-06 16:50:03:937 The underlying provider failed on Open.
2019-08-06 16:50:03:938 尝试与OPC Server建立连接
2019-08-06 16:50:03:940 The underlying provider failed on Open.
2019-08-06 16:50:03:941 与OPC Server建立连接成功
2019-08-06 16:50:05:429 Bad
2019-08-06 16:50:08:444 Value cannot be null.
Parameter name: first
2019-08-06 16:50:08:444 Unable to cast object of type 'System.String' to type 'System.Byte[]'.
2019-08-06 16:50:11:445 Bad
2019-08-06 16:50:14:460 Object reference not set to an instance of an object.
2019-08-06 16:50:14:460 Unable to cast object of type 'System.String' to type 'System.Byte[]'.
2019-08-06 16:50:17:461 Bad
2019-08-06 16:50:20:461 Object reference not set to an instance of an object.
2019-08-06 16:50:20:461 Unable to cast object of type 'System.String' to type 'System.Byte[]'.
2019-08-06 16:50:23:461 Bad
2019-08-06 16:50:52:538 The underlying provider failed on Open.
2019-08-06 16:50:52:538 断开与OPC Server的连接
2019-08-06 16:50:56:108 Bad
2019-08-06 16:50:59:532 Bad
2019-08-06 16:51:02:961 Bad
2019-08-06 16:51:06:392 Bad
2019-08-06 16:51:08:422 The underlying provider failed on Open.
2019-08-06 16:51:08:422 尝试与OPC Server建立连接
2019-08-06 16:51:09:829 Bad
2019-08-06 16:51:13:263 Bad
2019-08-06 16:51:16:687 Bad
2019-08-06 16:51:20:121 Bad
2019-08-06 16:51:23:550 Bad
2019-08-06 16:51:23:785 The underlying provider failed on Open.
2019-08-06 16:51:23:785 与OPC Server建立连接成功
2019-08-06 16:51:26:815 Object reference not set to an instance of an object.
2019-08-06 16:51:26:815 Unable to cast object of type 'System.String' to type 'System.Byte[]'.
2019-08-06 16:51:29:825 Bad
2019-08-06 16:51:32:826 Object reference not set to an instance of an object.
2019-08-06 16:51:35:827 Bad
2019-08-06 16:51:38:834 Object reference not set to an instance of an object.
2019-08-06 16:51:38:834 Unable to cast object of type 'System.String' to type 'System.Byte[]'.
2019-08-06 16:51:41:838 Bad
2019-08-06 16:52:12:589 The underlying provider failed on Open.
2019-08-06 16:52:12:589 断开与OPC Server的连接
2019-08-06 16:52:16:168 Bad
2019-08-06 16:52:19:590 Bad
2019-08-06 16:52:23:013 Bad
2019-08-06 16:52:26:450 Bad
2019-08-06 16:52:28:450 The underlying provider failed on Open.
2019-08-06 16:52:28:450 尝试与OPC Server建立连接
2019-08-06 16:52:28:450 The underlying provider failed on Open.
2019-08-06 16:52:28:450 与OPC Server建立连接成功
2019-08-06 16:52:29:872 Bad
2019-08-06 16:52:32:872 Value cannot be null.
Parameter name: first
2019-08-06 16:52:32:888 Unable to cast object of type 'System.String' to type 'System.Byte[]'.
2019-08-06 16:52:35:873 Bad
2019-08-06 16:52:38:873 Object reference not set to an instance of an object.
2019-08-06 16:52:41:887 Bad
2019-08-06 16:52:44:887 Object reference not set to an instance of an object.
2019-08-06 16:52:44:887 Unable to cast object of type 'System.String' to type 'System.Byte[]'.
2019-08-06 16:52:47:888 Bad
2019-08-06 16:53:17:483 The underlying provider failed on Open.
2019-08-06 16:53:17:483 断开与OPC Server的连接
2019-08-06 16:53:21:359 Bad
2019-08-06 16:53:24:781 Bad
2019-08-06 16:53:28:203 Bad
2019-08-06 16:53:31:625 Bad
2019-08-06 16:53:33:422 The underlying provider failed on Open.
2019-08-06 16:53:33:422 尝试与OPC Server建立连接
2019-08-06 16:53:33:422 The underlying provider failed on Open.
2019-08-06 16:53:33:422 与OPC Server建立连接成功
2019-08-06 16:53:35:048 Bad
2019-08-06 16:53:38:048 Object reference not set to an instance of an object.
2019-08-06 16:53:38:048 Unable to cast object of type 'System.String' to type 'System.Byte[]'.
2019-08-06 16:53:41:048 Bad
2019-08-06 16:53:44:061 Object reference not set to an instance of an object.
2019-08-06 16:53:47:061 Bad
2019-08-06 16:53:50:062 Object reference not set to an instance of an object.
2019-08-06 16:53:53:062 Bad
2019-08-06 16:54:22:423 The underlying provider failed on Open.
2019-08-06 16:54:22:423 断开与OPC Server的连接
2019-08-06 16:54:26:142 Bad
2019-08-06 16:54:29:564 Bad
2019-08-06 16:54:32:987 Bad
2019-08-06 16:54:36:409 Bad
2019-08-06 16:54:38:284 The underlying provider failed on Open.
2019-08-06 16:54:38:284 尝试与OPC Server建立连接
2019-08-06 16:54:39:831 Bad
2019-08-06 16:54:43:267 Bad
2019-08-06 16:54:46:689 Bad
2019-08-06 16:54:50:111 Bad
2019-08-06 16:54:53:533 Bad
2019-08-06 16:54:53:658 The underlying provider failed on Open.
2019-08-06 16:54:53:658 与OPC Server建立连接成功
2019-08-06 16:54:56:674 Object reference not set to an instance of an object.
2019-08-06 16:54:56:674 Unable to cast object of type 'System.String' to type 'System.Byte[]'.
2019-08-06 16:54:59:674 Bad
2019-08-06 16:55:02:689 Value cannot be null.
Parameter name: first
2019-08-06 16:55:05:689 Bad
2019-08-06 16:55:08:690 Object reference not set to an instance of an object.
2019-08-06 16:55:11:705 Bad
2019-08-06 16:55:42:488 The underlying provider failed on Open.
2019-08-06 16:55:42:488 断开与OPC Server的连接
2019-08-06 16:55:46:410 Bad
2019-08-06 16:55:49:847 Bad
2019-08-06 16:55:53:270 Bad
2019-08-06 16:55:56:692 Bad
2019-08-06 16:55:58:364 The underlying provider failed on Open.
2019-08-06 16:55:58:364 尝试与OPC Server建立连接
2019-08-06 16:55:58:364 The underlying provider failed on Open.
2019-08-06 16:55:58:364 与OPC Server建立连接成功
2019-08-06 16:56:00:114 Bad
2019-08-06 16:56:03:127 Object reference not set to an instance of an object.
2019-08-06 16:56:03:127 Unable to cast object of type 'System.String' to type 'System.Byte[]'.
2019-08-06 16:56:06:127 Bad
2019-08-06 16:56:09:128 Object reference not set to an instance of an object.
2019-08-06 16:56:12:129 Bad
2019-08-06 16:56:15:129 Object reference not set to an instance of an object.
2019-08-06 16:56:18:129 Bad
2019-08-06 16:56:47:379 The underlying provider failed on Open.
2019-08-06 16:56:47:379 断开与OPC Server的连接
2019-08-06 16:56:51:208 Bad
2019-08-06 16:56:54:630 Bad
2019-08-06 16:56:58:052 Bad
2019-08-06 16:57:01:474 Bad
2019-08-06 16:57:03:268 The underlying provider failed on Open.
2019-08-06 16:57:03:268 尝试与OPC Server建立连接
2019-08-06 16:57:03:268 The underlying provider failed on Open.
2019-08-06 16:57:03:268 与OPC Server建立连接成功
2019-08-06 16:57:04:909 Bad
2019-08-06 16:57:07:909 Object reference not set to an instance of an object.
2019-08-06 16:57:07:909 Unable to cast object of type 'System.String' to type 'System.Byte[]'.
2019-08-06 16:57:10:909 Bad
2019-08-06 16:57:13:911 Unable to cast object of type 'System.String' to type 'System.Byte[]'.
2019-08-06 16:57:16:911 Bad
2019-08-06 16:57:19:912 Object reference not set to an instance of an object.
2019-08-06 16:57:19:912 Unable to cast object of type 'System.String' to type 'System.Byte[]'.
2019-08-06 16:57:22:912 Bad
2019-08-06 16:57:51:866 The underlying provider failed on Open.
2019-08-06 16:57:51:866 断开与OPC Server的连接
2019-08-06 16:57:55:585 Bad
2019-08-06 16:57:59:007 Bad
2019-08-06 16:58:02:441 Bad
2019-08-06 16:58:05:878 Bad
2019-08-06 16:58:07:738 The underlying provider failed on Open.
2019-08-06 16:58:07:738 尝试与OPC Server建立连接
2019-08-06 16:58:07:738 The underlying provider failed on Open.
2019-08-06 16:58:07:738 与OPC Server建立连接成功
2019-08-06 16:58:09:301 Bad
2019-08-06 16:58:12:301 Object reference not set to an instance of an object.
2019-08-06 16:58:12:301 Unable to cast object of type 'System.String' to type 'System.Byte[]'.
2019-08-06 16:58:15:301 Bad
2019-08-06 16:58:18:301 Unable to cast object of type 'System.String' to type 'System.Byte[]'.
2019-08-06 16:58:21:302 Bad
2019-08-06 16:58:24:302 Object reference not set to an instance of an object.
2019-08-06 16:58:27:303 Bad
2019-08-06 16:58:56:290 The underlying provider failed on Open.
2019-08-06 16:58:56:290 断开与OPC Server的连接
2019-08-06 16:58:59:978 Bad
2019-08-06 16:59:03:410 Bad
2019-08-06 16:59:06:832 Bad
2019-08-06 16:59:10:254 Bad
2019-08-06 16:59:12:161 The underlying provider failed on Open.
2019-08-06 16:59:12:161 尝试与OPC Server建立连接
2019-08-06 16:59:13:676 Bad
2019-08-06 16:59:17:099 Bad
2019-08-06 16:59:20:521 Bad
2019-08-06 16:59:23:943 Bad
2019-08-06 16:59:27:365 Bad
2019-08-06 16:59:27:521 The underlying provider failed on Open.
2019-08-06 16:59:27:521 与OPC Server建立连接成功
2019-08-06 16:59:30:538 Value cannot be null.
Parameter name: first
2019-08-06 16:59:30:538 Unable to cast object of type 'System.String' to type 'System.Byte[]'.
2019-08-06 16:59:33:538 Bad
2019-08-06 16:59:36:538 Object reference not set to an instance of an object.
2019-08-06 16:59:36:538 Unable to cast object of type 'System.String' to type 'System.Byte[]'.
2019-08-06 16:59:39:538 Bad
2019-08-06 16:59:42:539 Object reference not set to an instance of an object.
2019-08-06 16:59:42:539 Unable to cast object of type 'System.String' to type 'System.Byte[]'.
2019-08-06 16:59:45:539 Bad
