2019-08-07 08:55:13:288 One or more errors occurred.
2019-08-07 08:55:45:656 The underlying provider failed on Open.
2019-08-07 08:55:45:656 尝试与OPC Server建立连接
2019-08-07 08:55:45:659 The underlying provider failed on Open.
2019-08-07 08:55:45:659 与OPC Server建立连接失败
2019-08-07 08:55:54:900 Bad
2019-08-07 08:55:58:334 Bad
2019-08-07 08:56:01:743 Bad
2019-08-07 08:56:05:152 Bad
2019-08-07 08:56:06:949 The underlying provider failed on Open.
2019-08-07 08:56:06:950 尝试与OPC Server建立连接
2019-08-07 08:56:06:952 The underlying provider failed on Open.
2019-08-07 08:56:06:953 与OPC Server建立连接成功
2019-08-07 08:56:08:563 Bad
2019-08-07 08:56:11:565 Object reference not set to an instance of an object.
2019-08-07 08:56:11:572 Unable to cast object of type 'System.String' to type 'System.Byte[]'.
2019-08-07 08:56:14:565 Bad
2019-08-07 08:56:17:566 Object reference not set to an instance of an object.
2019-08-07 08:56:20:567 Bad
2019-08-07 08:56:23:568 Object reference not set to an instance of an object.
2019-08-07 08:56:23:568 Unable to cast object of type 'System.String' to type 'System.Byte[]'.
2019-08-07 08:56:26:584 Bad
2019-08-07 08:56:55:552 The underlying provider failed on Open.
2019-08-07 08:56:55:552 断开与OPC Server的连接
2019-08-07 08:56:56:068 The underlying provider failed on Open.
2019-08-07 08:56:56:068 尝试与OPC Server建立连接
2019-08-07 08:56:56:068 The underlying provider failed on Open.
2019-08-07 08:56:56:068 与OPC Server建立连接成功
2019-08-07 08:56:59:083 Object reference not set to an instance of an object.
2019-08-07 08:56:59:083 Unable to cast object of type 'System.String' to type 'System.Byte[]'.
2019-08-07 08:57:02:084 Bad
2019-08-07 08:57:05:084 Value cannot be null.
Parameter name: first
2019-08-07 08:57:08:092 Bad
2019-08-07 08:57:11:092 Object reference not set to an instance of an object.
2019-08-07 08:57:11:092 Unable to cast object of type 'System.String' to type 'System.Byte[]'.
2019-08-07 08:57:14:092 Bad
2019-08-07 08:57:56:612 The underlying provider failed on Open.
2019-08-07 08:57:56:612 断开与OPC Server的连接
2019-08-07 08:57:57:128 The underlying provider failed on Open.
2019-08-07 08:57:57:128 尝试与OPC Server建立连接
2019-08-07 08:57:57:128 The underlying provider failed on Open.
2019-08-07 08:57:57:128 与OPC Server建立连接成功
2019-08-07 08:58:00:144 Object reference not set to an instance of an object.
2019-08-07 08:58:03:144 Bad
2019-08-07 08:58:06:154 Object reference not set to an instance of an object.
2019-08-07 08:58:09:154 Bad
2019-08-07 08:58:12:159 Value cannot be null.
Parameter name: first
2019-08-07 08:58:15:159 Bad
2019-08-07 08:58:17:628 The underlying provider failed on Open.
2019-08-07 08:58:17:628 断开与OPC Server的连接
2019-08-07 08:58:18:144 The underlying provider failed on Open.
2019-08-07 08:58:18:144 尝试与OPC Server建立连接
2019-08-07 08:58:18:159 The underlying provider failed on Open.
2019-08-07 08:58:18:159 与OPC Server建立连接成功
2019-08-07 08:58:21:175 Object reference not set to an instance of an object.
2019-08-07 08:58:24:176 Bad
2019-08-07 08:58:27:176 Value cannot be null.
Parameter name: first
2019-08-07 08:58:27:176 Unable to cast object of type 'System.String' to type 'System.Byte[]'.
2019-08-07 08:58:30:176 Bad
2019-08-07 08:58:33:864 Unable to cast object of type 'System.String' to type 'System.Byte[]'.
2019-08-07 08:58:36:177 Bad
2019-08-07 08:58:39:177 Object reference not set to an instance of an object.
2019-08-07 08:58:42:190 Bad
2019-08-07 08:59:12:158 The underlying provider failed on Open.
2019-08-07 08:59:12:158 断开与OPC Server的连接
2019-08-07 08:59:12:674 The underlying provider failed on Open.
2019-08-07 08:59:12:674 尝试与OPC Server建立连接
2019-08-07 08:59:12:674 The underlying provider failed on Open.
2019-08-07 08:59:12:674 与OPC Server建立连接成功
2019-08-07 08:59:15:690 Object reference not set to an instance of an object.
2019-08-07 08:59:15:690 Unable to cast object of type 'System.String' to type 'System.Byte[]'.
2019-08-07 08:59:18:690 Bad
2019-08-07 08:59:21:690 Value cannot be null.
Parameter name: first
2019-08-07 08:59:24:691 Bad
2019-08-07 08:59:27:699 Object reference not set to an instance of an object.
2019-08-07 08:59:30:700 Bad
2019-08-07 08:59:32:778 The underlying provider failed on Open.
2019-08-07 08:59:32:778 断开与OPC Server的连接
2019-08-07 08:59:33:309 The underlying provider failed on Open.
2019-08-07 08:59:33:309 尝试与OPC Server建立连接
2019-08-07 08:59:33:309 The underlying provider failed on Open.
2019-08-07 08:59:33:309 与OPC Server建立连接成功
2019-08-07 08:59:36:325 Value cannot be null.
Parameter name: first
2019-08-07 08:59:39:331 Bad
2019-08-07 08:59:42:331 Object reference not set to an instance of an object.
2019-08-07 08:59:42:331 Unable to cast object of type 'System.String' to type 'System.Byte[]'.
2019-08-07 08:59:45:332 Bad
2019-08-07 08:59:48:332 Object reference not set to an instance of an object.
2019-08-07 08:59:48:332 Unable to cast object of type 'System.String' to type 'System.Byte[]'.
2019-08-07 08:59:51:332 Bad
2019-08-07 08:59:53:458 The underlying provider failed on Open.
2019-08-07 08:59:53:458 断开与OPC Server的连接
2019-08-07 08:59:53:989 The underlying provider failed on Open.
2019-08-07 08:59:53:989 尝试与OPC Server建立连接
2019-08-07 08:59:53:989 The underlying provider failed on Open.
2019-08-07 08:59:53:989 与OPC Server建立连接成功
2019-08-07 08:59:57:005 Object reference not set to an instance of an object.
